{"/Users/adimov/context/karaoke/packages/domain/src/identity.ts": {"path":"/Users/adimov/context/karaoke/packages/domain/src/identity.ts","statementMap":{"0":{"start":{"line":6,"column":16},"end":{"line":6,"column":null}},"1":{"start":{"line":7,"column":2},"end":{"line":7,"column":null}},"2":{"start":{"line":8,"column":2},"end":{"line":10,"column":null}},"3":{"start":{"line":9,"column":16},"end":{"line":9,"column":47}},"4":{"start":{"line":18,"column":18},"end":{"line":18,"column":null}},"5":{"start":{"line":19,"column":15},"end":{"line":19,"column":null}},"6":{"start":{"line":20,"column":21},"end":{"line":20,"column":null}},"7":{"start":{"line":21,"column":20},"end":{"line":21,"column":null}},"8":{"start":{"line":22,"column":2},"end":{"line":22,"column":null}},"9":{"start":{"line":22,"column":30},"end":{"line":22,"column":61}},"10":{"start":{"line":33,"column":23},"end":{"line":33,"column":null}},"11":{"start":{"line":34,"column":2},"end":{"line":34,"column":null}},"12":{"start":{"line":41,"column":2},"end":{"line":41,"column":null}},"13":{"start":{"line":48,"column":2},"end":{"line":48,"column":null}}},"fnMap":{"0":{"name":"generateSalt","decl":{"start":{"line":5,"column":16},"end":{"line":5,"column":39}},"loc":{"start":{"line":5,"column":39},"end":{"line":11,"column":null}},"line":5},"1":{"name":"(anonymous_1)","decl":{"start":{"line":9,"column":9},"end":{"line":9,"column":10}},"loc":{"start":{"line":9,"column":16},"end":{"line":9,"column":47}},"line":9},"2":{"name":"hashPin","decl":{"start":{"line":17,"column":22},"end":{"line":17,"column":30}},"loc":{"start":{"line":17,"column":74},"end":{"line":23,"column":null}},"line":17},"3":{"name":"(anonymous_3)","decl":{"start":{"line":22,"column":23},"end":{"line":22,"column":24}},"loc":{"start":{"line":22,"column":30},"end":{"line":22,"column":61}},"line":22},"4":{"name":"verifyPin","decl":{"start":{"line":28,"column":22},"end":{"line":28,"column":null}},"loc":{"start":{"line":32,"column":20},"end":{"line":35,"column":null}},"line":32},"5":{"name":"isValidPin","decl":{"start":{"line":40,"column":16},"end":{"line":40,"column":27}},"loc":{"start":{"line":40,"column":49},"end":{"line":42,"column":null}},"line":40},"6":{"name":"normalizeName","decl":{"start":{"line":47,"column":16},"end":{"line":47,"column":30}},"loc":{"start":{"line":47,"column":52},"end":{"line":49,"column":null}},"line":47}},"branchMap":{},"s":{"0":5,"1":5,"2":5,"3":80,"4":16,"5":16,"6":16,"7":16,"8":16,"9":512,"10":5,"11":5,"12":12,"13":6},"f":{"0":5,"1":80,"2":16,"3":512,"4":5,"5":12,"6":6},"b":{},"meta":{"lastBranch":0,"lastFunction":7,"lastStatement":14,"seen":{"f:5:16:5:39":0,"s:6:16:6:Infinity":0,"s:7:2:7:Infinity":1,"s:8:2:10:Infinity":2,"f:9:9:9:10":1,"s:9:16:9:47":3,"f:17:22:17:30":2,"s:18:18:18:Infinity":4,"s:19:15:19:Infinity":5,"s:20:21:20:Infinity":6,"s:21:20:21:Infinity":7,"s:22:2:22:Infinity":8,"f:22:23:22:24":3,"s:22:30:22:61":9,"f:28:22:28:Infinity":4,"s:33:23:33:Infinity":10,"s:34:2:34:Infinity":11,"f:40:16:40:27":5,"s:41:2:41:Infinity":12,"f:47:16:47:30":6,"s:48:2:48:Infinity":13}}}
,"/Users/adimov/context/karaoke/packages/domain/src/index.ts": {"path":"/Users/adimov/context/karaoke/packages/domain/src/index.ts","statementMap":{},"fnMap":{},"branchMap":{},"s":{},"f":{},"b":{},"meta":{"lastBranch":0,"lastFunction":0,"lastStatement":0,"seen":{}}}
,"/Users/adimov/context/karaoke/packages/domain/src/performances.ts": {"path":"/Users/adimov/context/karaoke/packages/domain/src/performances.ts","statementMap":{"0":{"start":{"line":13,"column":2},"end":{"line":21,"column":null}},"1":{"start":{"line":32,"column":17},"end":{"line":32,"column":null}},"2":{"start":{"line":34,"column":2},"end":{"line":41,"column":null}},"3":{"start":{"line":35,"column":21},"end":{"line":35,"column":null}},"4":{"start":{"line":36,"column":4},"end":{"line":40,"column":null}},"5":{"start":{"line":37,"column":6},"end":{"line":37,"column":null}},"6":{"start":{"line":39,"column":6},"end":{"line":39,"column":null}},"7":{"start":{"line":43,"column":2},"end":{"line":45,"column":null}},"8":{"start":{"line":44,"column":20},"end":{"line":44,"column":45}},"9":{"start":{"line":55,"column":20},"end":{"line":55,"column":null}},"10":{"start":{"line":56,"column":2},"end":{"line":58,"column":null}},"11":{"start":{"line":57,"column":11},"end":{"line":57,"column":null}},"12":{"start":{"line":68,"column":20},"end":{"line":68,"column":null}},"13":{"start":{"line":69,"column":2},"end":{"line":71,"column":null}},"14":{"start":{"line":70,"column":19},"end":{"line":70,"column":53}},"15":{"start":{"line":71,"column":20},"end":{"line":71,"column":49}},"16":{"start":{"line":81,"column":20},"end":{"line":81,"column":null}},"17":{"start":{"line":82,"column":27},"end":{"line":84,"column":null}},"18":{"start":{"line":83,"column":11},"end":{"line":83,"column":null}},"19":{"start":{"line":86,"column":2},"end":{"line":90,"column":null}},"20":{"start":{"line":88,"column":52},"end":{"line":88,"column":67}},"21":{"start":{"line":89,"column":51},"end":{"line":89,"column":81}}},"fnMap":{"0":{"name":"createPerformance","decl":{"start":{"line":7,"column":16},"end":{"line":7,"column":null}},"loc":{"start":{"line":12,"column":15},"end":{"line":22,"column":null}},"line":12},"1":{"name":"getPopularSongs","decl":{"start":{"line":28,"column":16},"end":{"line":28,"column":null}},"loc":{"start":{"line":31,"column":15},"end":{"line":46,"column":null}},"line":31},"2":{"name":"(anonymous_2)","decl":{"start":{"line":44,"column":10},"end":{"line":44,"column":11}},"loc":{"start":{"line":44,"column":20},"end":{"line":44,"column":45}},"line":44},"3":{"name":"isFirstPerformance","decl":{"start":{"line":51,"column":16},"end":{"line":51,"column":null}},"loc":{"start":{"line":54,"column":11},"end":{"line":59,"column":null}},"line":54},"4":{"name":"(anonymous_4)","decl":{"start":{"line":57,"column":4},"end":{"line":57,"column":5}},"loc":{"start":{"line":57,"column":11},"end":{"line":57,"column":null}},"line":57},"5":{"name":"getPerformanceHistory","decl":{"start":{"line":64,"column":16},"end":{"line":64,"column":null}},"loc":{"start":{"line":67,"column":17},"end":{"line":72,"column":null}},"line":67},"6":{"name":"(anonymous_6)","decl":{"start":{"line":70,"column":12},"end":{"line":70,"column":13}},"loc":{"start":{"line":70,"column":19},"end":{"line":70,"column":53}},"line":70},"7":{"name":"(anonymous_7)","decl":{"start":{"line":71,"column":10},"end":{"line":71,"column":11}},"loc":{"start":{"line":71,"column":20},"end":{"line":71,"column":49}},"line":71},"8":{"name":"calculateSingerStats","decl":{"start":{"line":77,"column":16},"end":{"line":77,"column":null}},"loc":{"start":{"line":80,"column":70},"end":{"line":91,"column":null}},"line":80},"9":{"name":"(anonymous_9)","decl":{"start":{"line":83,"column":4},"end":{"line":83,"column":5}},"loc":{"start":{"line":83,"column":11},"end":{"line":83,"column":null}},"line":83},"10":{"name":"(anonymous_10)","decl":{"start":{"line":88,"column":40},"end":{"line":88,"column":41}},"loc":{"start":{"line":88,"column":52},"end":{"line":88,"column":67}},"line":88},"11":{"name":"(anonymous_11)","decl":{"start":{"line":89,"column":44},"end":{"line":89,"column":45}},"loc":{"start":{"line":89,"column":51},"end":{"line":89,"column":81}},"line":89}},"branchMap":{"0":{"loc":{"start":{"line":36,"column":4},"end":{"line":40,"column":null}},"type":"if","locations":[{"start":{"line":36,"column":4},"end":{"line":40,"column":null}},{"start":{"line":38,"column":11},"end":{"line":40,"column":null}}],"line":36},"1":{"loc":{"start":{"line":57,"column":11},"end":{"line":57,"column":null}},"type":"binary-expr","locations":[{"start":{"line":57,"column":11},"end":{"line":57,"column":49}},{"start":{"line":57,"column":49},"end":{"line":57,"column":null}}],"line":57}},"s":{"0":4,"1":6,"2":6,"3":17,"4":17,"5":5,"6":12,"7":6,"8":10,"9":7,"10":7,"11":8,"12":5,"13":5,"14":11,"15":7,"16":5,"17":5,"18":12,"19":5,"20":11,"21":11},"f":{"0":4,"1":6,"2":10,"3":7,"4":8,"5":5,"6":11,"7":7,"8":5,"9":12,"10":11,"11":11},"b":{"0":[5,12],"1":[8,7]},"meta":{"lastBranch":2,"lastFunction":12,"lastStatement":22,"seen":{"f:7:16:7:Infinity":0,"s:13:2:21:Infinity":0,"f:28:16:28:Infinity":1,"s:32:17:32:Infinity":1,"s:34:2:41:Infinity":2,"s:35:21:35:Infinity":3,"b:36:4:40:Infinity:38:11:40:Infinity":0,"s:36:4:40:Infinity":4,"s:37:6:37:Infinity":5,"s:39:6:39:Infinity":6,"s:43:2:45:Infinity":7,"f:44:10:44:11":2,"s:44:20:44:45":8,"f:51:16:51:Infinity":3,"s:55:20:55:Infinity":9,"s:56:2:58:Infinity":10,"f:57:4:57:5":4,"s:57:11:57:Infinity":11,"b:57:11:57:49:57:49:57:Infinity":1,"f:64:16:64:Infinity":5,"s:68:20:68:Infinity":12,"s:69:2:71:Infinity":13,"f:70:12:70:13":6,"s:70:19:70:53":14,"f:71:10:71:11":7,"s:71:20:71:49":15,"f:77:16:77:Infinity":8,"s:81:20:81:Infinity":16,"s:82:27:84:Infinity":17,"f:83:4:83:5":9,"s:83:11:83:Infinity":18,"s:86:2:90:Infinity":19,"f:88:40:88:41":10,"s:88:52:88:67":20,"f:89:44:89:45":11,"s:89:51:89:81":21}}}
,"/Users/adimov/context/karaoke/packages/domain/src/queue.ts": {"path":"/Users/adimov/context/karaoke/packages/domain/src/queue.ts","statementMap":{"0":{"start":{"line":10,"column":2},"end":{"line":14,"column":null}},"1":{"start":{"line":11,"column":4},"end":{"line":11,"column":null}},"2":{"start":{"line":11,"column":29},"end":{"line":11,"column":null}},"3":{"start":{"line":12,"column":4},"end":{"line":12,"column":null}},"4":{"start":{"line":12,"column":29},"end":{"line":12,"column":null}},"5":{"start":{"line":13,"column":4},"end":{"line":13,"column":null}},"6":{"start":{"line":25,"column":2},"end":{"line":28,"column":null}},"7":{"start":{"line":26,"column":4},"end":{"line":26,"column":null}},"8":{"start":{"line":26,"column":29},"end":{"line":26,"column":null}},"9":{"start":{"line":27,"column":4},"end":{"line":27,"column":null}},"10":{"start":{"line":38,"column":2},"end":{"line":38,"column":null}},"11":{"start":{"line":46,"column":2},"end":{"line":48,"column":null}},"12":{"start":{"line":47,"column":4},"end":{"line":47,"column":null}},"13":{"start":{"line":49,"column":2},"end":{"line":49,"column":null}},"14":{"start":{"line":65,"column":2},"end":{"line":74,"column":null}},"15":{"start":{"line":85,"column":22},"end":{"line":85,"column":null}},"16":{"start":{"line":88,"column":2},"end":{"line":90,"column":null}},"17":{"start":{"line":88,"column":30},"end":{"line":88,"column":66}},"18":{"start":{"line":89,"column":4},"end":{"line":89,"column":null}},"19":{"start":{"line":93,"column":2},"end":{"line":98,"column":null}},"20":{"start":{"line":97,"column":4},"end":{"line":97,"column":null}},"21":{"start":{"line":100,"column":2},"end":{"line":100,"column":null}},"22":{"start":{"line":113,"column":26},"end":{"line":113,"column":null}},"23":{"start":{"line":113,"column":50},"end":{"line":113,"column":69}},"24":{"start":{"line":114,"column":2},"end":{"line":114,"column":null}},"25":{"start":{"line":114,"column":23},"end":{"line":114,"column":null}},"26":{"start":{"line":117,"column":2},"end":{"line":117,"column":null}},"27":{"start":{"line":117,"column":43},"end":{"line":117,"column":null}},"28":{"start":{"line":119,"column":2},"end":{"line":119,"column":null}},"29":{"start":{"line":129,"column":2},"end":{"line":129,"column":null}},"30":{"start":{"line":142,"column":2},"end":{"line":148,"column":null}},"31":{"start":{"line":162,"column":2},"end":{"line":162,"column":null}},"32":{"start":{"line":162,"column":26},"end":{"line":162,"column":null}},"33":{"start":{"line":164,"column":27},"end":{"line":164,"column":null}},"34":{"start":{"line":165,"column":15},"end":{"line":165,"column":null}},"35":{"start":{"line":167,"column":23},"end":{"line":177,"column":null}},"36":{"start":{"line":179,"column":2},"end":{"line":179,"column":null}},"37":{"start":{"line":192,"column":21},"end":{"line":192,"column":null}},"38":{"start":{"line":193,"column":23},"end":{"line":193,"column":null}},"39":{"start":{"line":196,"column":23},"end":{"line":196,"column":null}},"40":{"start":{"line":199,"column":26},"end":{"line":202,"column":null}},"41":{"start":{"line":205,"column":24},"end":{"line":205,"column":null}},"42":{"start":{"line":206,"column":2},"end":{"line":210,"column":null}},"43":{"start":{"line":207,"column":4},"end":{"line":207,"column":null}},"44":{"start":{"line":209,"column":4},"end":{"line":209,"column":null}},"45":{"start":{"line":212,"column":31},"end":{"line":215,"column":null}},"46":{"start":{"line":217,"column":2},"end":{"line":217,"column":null}},"47":{"start":{"line":228,"column":20},"end":{"line":228,"column":null}},"48":{"start":{"line":229,"column":19},"end":{"line":229,"column":null}},"49":{"start":{"line":230,"column":21},"end":{"line":230,"column":null}},"50":{"start":{"line":232,"column":2},"end":{"line":239,"column":null}},"51":{"start":{"line":250,"column":21},"end":{"line":250,"column":null}},"52":{"start":{"line":250,"column":50},"end":{"line":250,"column":66}},"53":{"start":{"line":251,"column":2},"end":{"line":251,"column":null}},"54":{"start":{"line":251,"column":25},"end":{"line":251,"column":null}},"55":{"start":{"line":253,"column":19},"end":{"line":253,"column":null}},"56":{"start":{"line":254,"column":2},"end":{"line":254,"column":null}},"57":{"start":{"line":256,"column":2},"end":{"line":259,"column":null}},"58":{"start":{"line":270,"column":2},"end":{"line":270,"column":null}},"59":{"start":{"line":270,"column":15},"end":{"line":270,"column":null}},"60":{"start":{"line":271,"column":2},"end":{"line":271,"column":null}},"61":{"start":{"line":271,"column":17},"end":{"line":271,"column":null}},"62":{"start":{"line":272,"column":2},"end":{"line":272,"column":null}},"63":{"start":{"line":283,"column":2},"end":{"line":283,"column":null}},"64":{"start":{"line":283,"column":19},"end":{"line":283,"column":null}},"65":{"start":{"line":284,"column":2},"end":{"line":284,"column":null}},"66":{"start":{"line":284,"column":15},"end":{"line":284,"column":null}},"67":{"start":{"line":285,"column":2},"end":{"line":285,"column":null}},"68":{"start":{"line":285,"column":17},"end":{"line":285,"column":null}},"69":{"start":{"line":286,"column":2},"end":{"line":286,"column":null}},"70":{"start":{"line":299,"column":21},"end":{"line":299,"column":null}},"71":{"start":{"line":299,"column":44},"end":{"line":299,"column":60}},"72":{"start":{"line":300,"column":2},"end":{"line":300,"column":null}},"73":{"start":{"line":300,"column":25},"end":{"line":300,"column":null}},"74":{"start":{"line":302,"column":19},"end":{"line":302,"column":null}},"75":{"start":{"line":303,"column":16},"end":{"line":303,"column":null}},"76":{"start":{"line":304,"column":2},"end":{"line":304,"column":null}},"77":{"start":{"line":306,"column":22},"end":{"line":306,"column":null}},"78":{"start":{"line":307,"column":2},"end":{"line":307,"column":null}},"79":{"start":{"line":310,"column":2},"end":{"line":322,"column":null}},"80":{"start":{"line":311,"column":22},"end":{"line":311,"column":null}},"81":{"start":{"line":312,"column":4},"end":{"line":315,"column":null}},"82":{"start":{"line":313,"column":6},"end":{"line":313,"column":null}},"83":{"start":{"line":314,"column":6},"end":{"line":314,"column":null}},"84":{"start":{"line":316,"column":2},"end":{"line":322,"column":null}},"85":{"start":{"line":317,"column":22},"end":{"line":317,"column":null}},"86":{"start":{"line":318,"column":4},"end":{"line":321,"column":null}},"87":{"start":{"line":319,"column":6},"end":{"line":319,"column":null}},"88":{"start":{"line":320,"column":6},"end":{"line":320,"column":null}},"89":{"start":{"line":324,"column":2},"end":{"line":324,"column":null}}},"fnMap":{"0":{"name":"sortQueue","decl":{"start":{"line":7,"column":16},"end":{"line":7,"column":null}},"loc":{"start":{"line":9,"column":7},"end":{"line":15,"column":null}},"line":9},"1":{"name":"(anonymous_1)","decl":{"start":{"line":10,"column":25},"end":{"line":10,"column":26}},"loc":{"start":{"line":10,"column":35},"end":{"line":14,"column":3}},"line":10},"2":{"name":"sortByVotes","decl":{"start":{"line":22,"column":16},"end":{"line":22,"column":null}},"loc":{"start":{"line":24,"column":7},"end":{"line":29,"column":null}},"line":24},"3":{"name":"(anonymous_3)","decl":{"start":{"line":25,"column":25},"end":{"line":25,"column":26}},"loc":{"start":{"line":25,"column":35},"end":{"line":28,"column":3}},"line":25},"4":{"name":"sortQueueByMode","decl":{"start":{"line":34,"column":16},"end":{"line":34,"column":null}},"loc":{"start":{"line":37,"column":7},"end":{"line":39,"column":null}},"line":37},"5":{"name":"generateId","decl":{"start":{"line":45,"column":16},"end":{"line":45,"column":37}},"loc":{"start":{"line":45,"column":37},"end":{"line":50,"column":null}},"line":45},"6":{"name":"createEntry","decl":{"start":{"line":56,"column":16},"end":{"line":56,"column":28}},"loc":{"start":{"line":64,"column":10},"end":{"line":75,"column":null}},"line":64},"7":{"name":"canJoinQueue","decl":{"start":{"line":81,"column":16},"end":{"line":81,"column":null}},"loc":{"start":{"line":84,"column":17},"end":{"line":101,"column":null}},"line":84},"8":{"name":"(anonymous_8)","decl":{"start":{"line":88,"column":23},"end":{"line":88,"column":24}},"loc":{"start":{"line":88,"column":30},"end":{"line":88,"column":66}},"line":88},"9":{"name":"canAddToGeneralQueue","decl":{"start":{"line":108,"column":16},"end":{"line":108,"column":null}},"loc":{"start":{"line":111,"column":11},"end":{"line":120,"column":null}},"line":111},"10":{"name":"(anonymous_10)","decl":{"start":{"line":113,"column":43},"end":{"line":113,"column":44}},"loc":{"start":{"line":113,"column":50},"end":{"line":113,"column":69}},"line":113},"11":{"name":"canAddToStack","decl":{"start":{"line":125,"column":16},"end":{"line":125,"column":null}},"loc":{"start":{"line":128,"column":11},"end":{"line":130,"column":null}},"line":128},"12":{"name":"createStackedSong","decl":{"start":{"line":135,"column":16},"end":{"line":135,"column":34}},"loc":{"start":{"line":141,"column":16},"end":{"line":149,"column":null}},"line":141},"13":{"name":"promoteFromStack","decl":{"start":{"line":155,"column":16},"end":{"line":155,"column":null}},"loc":{"start":{"line":161,"column":58},"end":{"line":180,"column":null}},"line":161},"14":{"name":"applyVote","decl":{"start":{"line":186,"column":16},"end":{"line":186,"column":null}},"loc":{"start":{"line":191,"column":39},"end":{"line":218,"column":null}},"line":191},"15":{"name":"advanceQueue","decl":{"start":{"line":224,"column":16},"end":{"line":224,"column":29}},"loc":{"start":{"line":227,"column":2},"end":{"line":240,"column":null}},"line":227},"16":{"name":"removeFromQueue","decl":{"start":{"line":246,"column":16},"end":{"line":246,"column":null}},"loc":{"start":{"line":249,"column":21},"end":{"line":260,"column":null}},"line":249},"17":{"name":"(anonymous_17)","decl":{"start":{"line":250,"column":43},"end":{"line":250,"column":44}},"loc":{"start":{"line":250,"column":50},"end":{"line":250,"column":66}},"line":250},"18":{"name":"canRemoveEntry","decl":{"start":{"line":265,"column":16},"end":{"line":265,"column":null}},"loc":{"start":{"line":269,"column":11},"end":{"line":273,"column":null}},"line":269},"19":{"name":"canSkipCurrent","decl":{"start":{"line":278,"column":16},"end":{"line":278,"column":null}},"loc":{"start":{"line":282,"column":11},"end":{"line":287,"column":null}},"line":282},"20":{"name":"reorderEntry","decl":{"start":{"line":294,"column":16},"end":{"line":294,"column":null}},"loc":{"start":{"line":298,"column":18},"end":{"line":325,"column":null}},"line":298},"21":{"name":"(anonymous_21)","decl":{"start":{"line":299,"column":37},"end":{"line":299,"column":38}},"loc":{"start":{"line":299,"column":44},"end":{"line":299,"column":60}},"line":299}},"branchMap":{"0":{"loc":{"start":{"line":11,"column":4},"end":{"line":11,"column":null}},"type":"if","locations":[{"start":{"line":11,"column":4},"end":{"line":11,"column":null}},{"start":{},"end":{}}],"line":11},"1":{"loc":{"start":{"line":12,"column":4},"end":{"line":12,"column":null}},"type":"if","locations":[{"start":{"line":12,"column":4},"end":{"line":12,"column":null}},{"start":{},"end":{}}],"line":12},"2":{"loc":{"start":{"line":26,"column":4},"end":{"line":26,"column":null}},"type":"if","locations":[{"start":{"line":26,"column":4},"end":{"line":26,"column":null}},{"start":{},"end":{}}],"line":26},"3":{"loc":{"start":{"line":38,"column":9},"end":{"line":38,"column":null}},"type":"cond-expr","locations":[{"start":{"line":38,"column":30},"end":{"line":38,"column":51}},{"start":{"line":38,"column":51},"end":{"line":38,"column":null}}],"line":38},"4":{"loc":{"start":{"line":46,"column":2},"end":{"line":48,"column":null}},"type":"if","locations":[{"start":{"line":46,"column":2},"end":{"line":48,"column":null}},{"start":{},"end":{}}],"line":46},"5":{"loc":{"start":{"line":46,"column":6},"end":{"line":46,"column":58}},"type":"binary-expr","locations":[{"start":{"line":46,"column":6},"end":{"line":46,"column":39}},{"start":{"line":46,"column":39},"end":{"line":46,"column":58}}],"line":46},"6":{"loc":{"start":{"line":88,"column":2},"end":{"line":90,"column":null}},"type":"if","locations":[{"start":{"line":88,"column":2},"end":{"line":90,"column":null}},{"start":{},"end":{}}],"line":88},"7":{"loc":{"start":{"line":93,"column":2},"end":{"line":98,"column":null}},"type":"if","locations":[{"start":{"line":93,"column":2},"end":{"line":98,"column":null}},{"start":{},"end":{}}],"line":93},"8":{"loc":{"start":{"line":94,"column":4},"end":{"line":95,"column":null}},"type":"binary-expr","locations":[{"start":{"line":94,"column":4},"end":{"line":94,"column":null}},{"start":{"line":95,"column":4},"end":{"line":95,"column":null}}],"line":94},"9":{"loc":{"start":{"line":114,"column":2},"end":{"line":114,"column":null}},"type":"if","locations":[{"start":{"line":114,"column":2},"end":{"line":114,"column":null}},{"start":{},"end":{}}],"line":114},"10":{"loc":{"start":{"line":117,"column":2},"end":{"line":117,"column":null}},"type":"if","locations":[{"start":{"line":117,"column":2},"end":{"line":117,"column":null}},{"start":{},"end":{}}],"line":117},"11":{"loc":{"start":{"line":162,"column":2},"end":{"line":162,"column":null}},"type":"if","locations":[{"start":{"line":162,"column":2},"end":{"line":162,"column":null}},{"start":{},"end":{}}],"line":162},"12":{"loc":{"start":{"line":192,"column":21},"end":{"line":192,"column":null}},"type":"binary-expr","locations":[{"start":{"line":192,"column":21},"end":{"line":192,"column":40}},{"start":{"line":192,"column":40},"end":{"line":192,"column":null}}],"line":192},"13":{"loc":{"start":{"line":193,"column":23},"end":{"line":193,"column":null}},"type":"binary-expr","locations":[{"start":{"line":193,"column":23},"end":{"line":193,"column":46}},{"start":{"line":193,"column":46},"end":{"line":193,"column":null}}],"line":193},"14":{"loc":{"start":{"line":196,"column":53},"end":{"line":196,"column":null}},"type":"cond-expr","locations":[{"start":{"line":196,"column":71},"end":{"line":196,"column":75}},{"start":{"line":196,"column":75},"end":{"line":196,"column":null}}],"line":196},"15":{"loc":{"start":{"line":206,"column":2},"end":{"line":210,"column":null}},"type":"if","locations":[{"start":{"line":206,"column":2},"end":{"line":210,"column":null}},{"start":{"line":208,"column":9},"end":{"line":210,"column":null}}],"line":206},"16":{"loc":{"start":{"line":230,"column":21},"end":{"line":230,"column":null}},"type":"cond-expr","locations":[{"start":{"line":230,"column":43},"end":{"line":230,"column":63}},{"start":{"line":230,"column":63},"end":{"line":230,"column":null}}],"line":230},"17":{"loc":{"start":{"line":251,"column":2},"end":{"line":251,"column":null}},"type":"if","locations":[{"start":{"line":251,"column":2},"end":{"line":251,"column":null}},{"start":{},"end":{}}],"line":251},"18":{"loc":{"start":{"line":270,"column":2},"end":{"line":270,"column":null}},"type":"if","locations":[{"start":{"line":270,"column":2},"end":{"line":270,"column":null}},{"start":{},"end":{}}],"line":270},"19":{"loc":{"start":{"line":271,"column":2},"end":{"line":271,"column":null}},"type":"if","locations":[{"start":{"line":271,"column":2},"end":{"line":271,"column":null}},{"start":{},"end":{}}],"line":271},"20":{"loc":{"start":{"line":283,"column":2},"end":{"line":283,"column":null}},"type":"if","locations":[{"start":{"line":283,"column":2},"end":{"line":283,"column":null}},{"start":{},"end":{}}],"line":283},"21":{"loc":{"start":{"line":284,"column":2},"end":{"line":284,"column":null}},"type":"if","locations":[{"start":{"line":284,"column":2},"end":{"line":284,"column":null}},{"start":{},"end":{}}],"line":284},"22":{"loc":{"start":{"line":285,"column":2},"end":{"line":285,"column":null}},"type":"if","locations":[{"start":{"line":285,"column":2},"end":{"line":285,"column":null}},{"start":{},"end":{}}],"line":285},"23":{"loc":{"start":{"line":300,"column":2},"end":{"line":300,"column":null}},"type":"if","locations":[{"start":{"line":300,"column":2},"end":{"line":300,"column":null}},{"start":{},"end":{}}],"line":300},"24":{"loc":{"start":{"line":310,"column":2},"end":{"line":322,"column":null}},"type":"if","locations":[{"start":{"line":310,"column":2},"end":{"line":322,"column":null}},{"start":{"line":316,"column":2},"end":{"line":322,"column":null}}],"line":310},"25":{"loc":{"start":{"line":312,"column":4},"end":{"line":315,"column":null}},"type":"if","locations":[{"start":{"line":312,"column":4},"end":{"line":315,"column":null}},{"start":{},"end":{}}],"line":312},"26":{"loc":{"start":{"line":316,"column":2},"end":{"line":322,"column":null}},"type":"if","locations":[{"start":{"line":316,"column":2},"end":{"line":322,"column":null}},{"start":{},"end":{}}],"line":316},"27":{"loc":{"start":{"line":318,"column":4},"end":{"line":321,"column":null}},"type":"if","locations":[{"start":{"line":318,"column":4},"end":{"line":321,"column":null}},{"start":{},"end":{}}],"line":318}},"s":{"0":8,"1":12,"2":4,"3":8,"4":5,"5":3,"6":9,"7":12,"8":8,"9":4,"10":2,"11":0,"12":0,"13":0,"14":5,"15":6,"16":6,"17":3,"18":2,"19":4,"20":2,"21":2,"22":7,"23":4,"24":7,"25":2,"26":5,"27":1,"28":4,"29":8,"30":3,"31":10,"32":1,"33":9,"34":9,"35":9,"36":9,"37":9,"38":9,"39":9,"40":9,"41":9,"42":9,"43":1,"44":8,"45":9,"46":9,"47":6,"48":6,"49":6,"50":6,"51":4,"52":4,"53":4,"54":1,"55":3,"56":3,"57":3,"58":6,"59":2,"60":4,"61":1,"62":3,"63":7,"64":2,"65":5,"66":1,"67":4,"68":1,"69":3,"70":7,"71":14,"72":7,"73":1,"74":6,"75":6,"76":6,"77":6,"78":6,"79":6,"80":2,"81":2,"82":2,"83":2,"84":4,"85":4,"86":4,"87":4,"88":4,"89":6},"f":{"0":8,"1":12,"2":9,"3":12,"4":2,"5":0,"6":5,"7":6,"8":3,"9":7,"10":4,"11":8,"12":3,"13":10,"14":9,"15":6,"16":4,"17":4,"18":6,"19":7,"20":7,"21":14},"b":{"0":[4,8],"1":[5,3],"2":[8,4],"3":[1,1],"4":[0,0],"5":[0,0],"6":[2,4],"7":[2,2],"8":[4,2],"9":[2,5],"10":[1,4],"11":[1,9],"12":[9,4],"13":[9,7],"14":[1,8],"15":[1,8],"16":[2,4],"17":[1,3],"18":[2,4],"19":[1,3],"20":[2,5],"21":[1,4],"22":[1,3],"23":[1,6],"24":[2,4],"25":[2,0],"26":[4,0],"27":[4,0]},"meta":{"lastBranch":28,"lastFunction":22,"lastStatement":90,"seen":{"f:7:16:7:Infinity":0,"s:10:2:14:Infinity":0,"f:10:25:10:26":1,"b:11:4:11:Infinity:undefined:undefined:undefined:undefined":0,"s:11:4:11:Infinity":1,"s:11:29:11:Infinity":2,"b:12:4:12:Infinity:undefined:undefined:undefined:undefined":1,"s:12:4:12:Infinity":3,"s:12:29:12:Infinity":4,"s:13:4:13:Infinity":5,"f:22:16:22:Infinity":2,"s:25:2:28:Infinity":6,"f:25:25:25:26":3,"b:26:4:26:Infinity:undefined:undefined:undefined:undefined":2,"s:26:4:26:Infinity":7,"s:26:29:26:Infinity":8,"s:27:4:27:Infinity":9,"f:34:16:34:Infinity":4,"s:38:2:38:Infinity":10,"b:38:30:38:51:38:51:38:Infinity":3,"f:45:16:45:37":5,"b:46:2:48:Infinity:undefined:undefined:undefined:undefined":4,"s:46:2:48:Infinity":11,"b:46:6:46:39:46:39:46:58":5,"s:47:4:47:Infinity":12,"s:49:2:49:Infinity":13,"f:56:16:56:28":6,"s:65:2:74:Infinity":14,"f:81:16:81:Infinity":7,"s:85:22:85:Infinity":15,"b:88:2:90:Infinity:undefined:undefined:undefined:undefined":6,"s:88:2:90:Infinity":16,"f:88:23:88:24":8,"s:88:30:88:66":17,"s:89:4:89:Infinity":18,"b:93:2:98:Infinity:undefined:undefined:undefined:undefined":7,"s:93:2:98:Infinity":19,"b:94:4:94:Infinity:95:4:95:Infinity":8,"s:97:4:97:Infinity":20,"s:100:2:100:Infinity":21,"f:108:16:108:Infinity":9,"s:113:26:113:Infinity":22,"f:113:43:113:44":10,"s:113:50:113:69":23,"b:114:2:114:Infinity:undefined:undefined:undefined:undefined":9,"s:114:2:114:Infinity":24,"s:114:23:114:Infinity":25,"b:117:2:117:Infinity:undefined:undefined:undefined:undefined":10,"s:117:2:117:Infinity":26,"s:117:43:117:Infinity":27,"s:119:2:119:Infinity":28,"f:125:16:125:Infinity":11,"s:129:2:129:Infinity":29,"f:135:16:135:34":12,"s:142:2:148:Infinity":30,"f:155:16:155:Infinity":13,"b:162:2:162:Infinity:undefined:undefined:undefined:undefined":11,"s:162:2:162:Infinity":31,"s:162:26:162:Infinity":32,"s:164:27:164:Infinity":33,"s:165:15:165:Infinity":34,"s:167:23:177:Infinity":35,"s:179:2:179:Infinity":36,"f:186:16:186:Infinity":14,"s:192:21:192:Infinity":37,"b:192:21:192:40:192:40:192:Infinity":12,"s:193:23:193:Infinity":38,"b:193:23:193:46:193:46:193:Infinity":13,"s:196:23:196:Infinity":39,"b:196:71:196:75:196:75:196:Infinity":14,"s:199:26:202:Infinity":40,"s:205:24:205:Infinity":41,"b:206:2:210:Infinity:208:9:210:Infinity":15,"s:206:2:210:Infinity":42,"s:207:4:207:Infinity":43,"s:209:4:209:Infinity":44,"s:212:31:215:Infinity":45,"s:217:2:217:Infinity":46,"f:224:16:224:29":15,"s:228:20:228:Infinity":47,"s:229:19:229:Infinity":48,"s:230:21:230:Infinity":49,"b:230:43:230:63:230:63:230:Infinity":16,"s:232:2:239:Infinity":50,"f:246:16:246:Infinity":16,"s:250:21:250:Infinity":51,"f:250:43:250:44":17,"s:250:50:250:66":52,"b:251:2:251:Infinity:undefined:undefined:undefined:undefined":17,"s:251:2:251:Infinity":53,"s:251:25:251:Infinity":54,"s:253:19:253:Infinity":55,"s:254:2:254:Infinity":56,"s:256:2:259:Infinity":57,"f:265:16:265:Infinity":18,"b:270:2:270:Infinity:undefined:undefined:undefined:undefined":18,"s:270:2:270:Infinity":58,"s:270:15:270:Infinity":59,"b:271:2:271:Infinity:undefined:undefined:undefined:undefined":19,"s:271:2:271:Infinity":60,"s:271:17:271:Infinity":61,"s:272:2:272:Infinity":62,"f:278:16:278:Infinity":19,"b:283:2:283:Infinity:undefined:undefined:undefined:undefined":20,"s:283:2:283:Infinity":63,"s:283:19:283:Infinity":64,"b:284:2:284:Infinity:undefined:undefined:undefined:undefined":21,"s:284:2:284:Infinity":65,"s:284:15:284:Infinity":66,"b:285:2:285:Infinity:undefined:undefined:undefined:undefined":22,"s:285:2:285:Infinity":67,"s:285:17:285:Infinity":68,"s:286:2:286:Infinity":69,"f:294:16:294:Infinity":20,"s:299:21:299:Infinity":70,"f:299:37:299:38":21,"s:299:44:299:60":71,"b:300:2:300:Infinity:undefined:undefined:undefined:undefined":23,"s:300:2:300:Infinity":72,"s:300:25:300:Infinity":73,"s:302:19:302:Infinity":74,"s:303:16:303:Infinity":75,"s:304:2:304:Infinity":76,"s:306:22:306:Infinity":77,"s:307:2:307:Infinity":78,"b:310:2:322:Infinity:316:2:322:Infinity":24,"s:310:2:322:Infinity":79,"s:311:22:311:Infinity":80,"b:312:4:315:Infinity:undefined:undefined:undefined:undefined":25,"s:312:4:315:Infinity":81,"s:313:6:313:Infinity":82,"s:314:6:314:Infinity":83,"b:316:2:322:Infinity:undefined:undefined:undefined:undefined":26,"s:316:2:322:Infinity":84,"s:317:22:317:Infinity":85,"b:318:4:321:Infinity:undefined:undefined:undefined:undefined":27,"s:318:4:321:Infinity":86,"s:319:6:319:Infinity":87,"s:320:6:320:Infinity":88,"s:324:2:324:Infinity":89}}}
,"/Users/adimov/context/karaoke/packages/domain/src/validation.ts": {"path":"/Users/adimov/context/karaoke/packages/domain/src/validation.ts","statementMap":{"0":{"start":{"line":6,"column":24},"end":{"line":6,"column":null}},"1":{"start":{"line":7,"column":25},"end":{"line":7,"column":null}},"2":{"start":{"line":8,"column":25},"end":{"line":8,"column":null}},"3":{"start":{"line":21,"column":2},"end":{"line":23,"column":null}},"4":{"start":{"line":22,"column":4},"end":{"line":22,"column":null}},"5":{"start":{"line":24,"column":18},"end":{"line":24,"column":null}},"6":{"start":{"line":25,"column":2},"end":{"line":27,"column":null}},"7":{"start":{"line":26,"column":4},"end":{"line":26,"column":null}},"8":{"start":{"line":28,"column":2},"end":{"line":28,"column":null}},"9":{"start":{"line":37,"column":2},"end":{"line":39,"column":null}},"10":{"start":{"line":38,"column":4},"end":{"line":38,"column":null}},"11":{"start":{"line":40,"column":18},"end":{"line":40,"column":null}},"12":{"start":{"line":41,"column":2},"end":{"line":43,"column":null}},"13":{"start":{"line":42,"column":4},"end":{"line":42,"column":null}},"14":{"start":{"line":44,"column":2},"end":{"line":44,"column":null}},"15":{"start":{"line":53,"column":2},"end":{"line":55,"column":null}},"16":{"start":{"line":54,"column":4},"end":{"line":54,"column":null}},"17":{"start":{"line":56,"column":2},"end":{"line":58,"column":null}},"18":{"start":{"line":57,"column":4},"end":{"line":57,"column":null}},"19":{"start":{"line":59,"column":2},"end":{"line":59,"column":null}},"20":{"start":{"line":66,"column":2},"end":{"line":66,"column":null}},"21":{"start":{"line":73,"column":2},"end":{"line":73,"column":null}}},"fnMap":{"0":{"name":"validateName","decl":{"start":{"line":20,"column":16},"end":{"line":20,"column":29}},"loc":{"start":{"line":20,"column":86},"end":{"line":29,"column":null}},"line":20},"1":{"name":"validateTitle","decl":{"start":{"line":36,"column":16},"end":{"line":36,"column":30}},"loc":{"start":{"line":36,"column":88},"end":{"line":45,"column":null}},"line":36},"2":{"name":"validateVideoId","decl":{"start":{"line":52,"column":16},"end":{"line":52,"column":32}},"loc":{"start":{"line":52,"column":92},"end":{"line":60,"column":null}},"line":52},"3":{"name":"sanitizeName","decl":{"start":{"line":65,"column":16},"end":{"line":65,"column":29}},"loc":{"start":{"line":65,"column":51},"end":{"line":67,"column":null}},"line":65},"4":{"name":"sanitizeTitle","decl":{"start":{"line":72,"column":16},"end":{"line":72,"column":30}},"loc":{"start":{"line":72,"column":53},"end":{"line":74,"column":null}},"line":72}},"branchMap":{"0":{"loc":{"start":{"line":21,"column":2},"end":{"line":23,"column":null}},"type":"if","locations":[{"start":{"line":21,"column":2},"end":{"line":23,"column":null}},{"start":{},"end":{}}],"line":21},"1":{"loc":{"start":{"line":21,"column":6},"end":{"line":21,"column":35}},"type":"binary-expr","locations":[{"start":{"line":21,"column":6},"end":{"line":21,"column":15}},{"start":{"line":21,"column":15},"end":{"line":21,"column":35}}],"line":21},"2":{"loc":{"start":{"line":25,"column":2},"end":{"line":27,"column":null}},"type":"if","locations":[{"start":{"line":25,"column":2},"end":{"line":27,"column":null}},{"start":{},"end":{}}],"line":25},"3":{"loc":{"start":{"line":37,"column":2},"end":{"line":39,"column":null}},"type":"if","locations":[{"start":{"line":37,"column":2},"end":{"line":39,"column":null}},{"start":{},"end":{}}],"line":37},"4":{"loc":{"start":{"line":37,"column":6},"end":{"line":37,"column":37}},"type":"binary-expr","locations":[{"start":{"line":37,"column":6},"end":{"line":37,"column":16}},{"start":{"line":37,"column":16},"end":{"line":37,"column":37}}],"line":37},"5":{"loc":{"start":{"line":41,"column":2},"end":{"line":43,"column":null}},"type":"if","locations":[{"start":{"line":41,"column":2},"end":{"line":43,"column":null}},{"start":{},"end":{}}],"line":41},"6":{"loc":{"start":{"line":53,"column":2},"end":{"line":55,"column":null}},"type":"if","locations":[{"start":{"line":53,"column":2},"end":{"line":55,"column":null}},{"start":{},"end":{}}],"line":53},"7":{"loc":{"start":{"line":56,"column":2},"end":{"line":58,"column":null}},"type":"if","locations":[{"start":{"line":56,"column":2},"end":{"line":58,"column":null}},{"start":{},"end":{}}],"line":56}},"s":{"0":1,"1":1,"2":1,"3":9,"4":4,"5":5,"6":5,"7":1,"8":4,"9":7,"10":4,"11":3,"12":3,"13":1,"14":2,"15":10,"16":3,"17":7,"18":3,"19":4,"20":3,"21":3},"f":{"0":9,"1":7,"2":10,"3":3,"4":3},"b":{"0":[4,5],"1":[9,6],"2":[1,4],"3":[4,3],"4":[7,4],"5":[1,2],"6":[3,7],"7":[3,4]},"meta":{"lastBranch":8,"lastFunction":5,"lastStatement":22,"seen":{"s:6:24:6:Infinity":0,"s:7:25:7:Infinity":1,"s:8:25:8:Infinity":2,"f:20:16:20:29":0,"b:21:2:23:Infinity:undefined:undefined:undefined:undefined":0,"s:21:2:23:Infinity":3,"b:21:6:21:15:21:15:21:35":1,"s:22:4:22:Infinity":4,"s:24:18:24:Infinity":5,"b:25:2:27:Infinity:undefined:undefined:undefined:undefined":2,"s:25:2:27:Infinity":6,"s:26:4:26:Infinity":7,"s:28:2:28:Infinity":8,"f:36:16:36:30":1,"b:37:2:39:Infinity:undefined:undefined:undefined:undefined":3,"s:37:2:39:Infinity":9,"b:37:6:37:16:37:16:37:37":4,"s:38:4:38:Infinity":10,"s:40:18:40:Infinity":11,"b:41:2:43:Infinity:undefined:undefined:undefined:undefined":5,"s:41:2:43:Infinity":12,"s:42:4:42:Infinity":13,"s:44:2:44:Infinity":14,"f:52:16:52:32":2,"b:53:2:55:Infinity:undefined:undefined:undefined:undefined":6,"s:53:2:55:Infinity":15,"s:54:4:54:Infinity":16,"b:56:2:58:Infinity:undefined:undefined:undefined:undefined":7,"s:56:2:58:Infinity":17,"s:57:4:57:Infinity":18,"s:59:2:59:Infinity":19,"f:65:16:65:29":3,"s:66:2:66:Infinity":20,"f:72:16:72:30":4,"s:73:2:73:Infinity":21}}}
,"/Users/adimov/context/karaoke/packages/domain/src/youtube.ts": {"path":"/Users/adimov/context/karaoke/packages/domain/src/youtube.ts","statementMap":{"0":{"start":{"line":8,"column":2},"end":{"line":8,"column":null}},"1":{"start":{"line":8,"column":12},"end":{"line":8,"column":null}},"2":{"start":{"line":9,"column":24},"end":{"line":9,"column":null}},"3":{"start":{"line":11,"column":19},"end":{"line":20,"column":null}},"4":{"start":{"line":22,"column":2},"end":{"line":25,"column":null}},"5":{"start":{"line":23,"column":18},"end":{"line":23,"column":null}},"6":{"start":{"line":24,"column":4},"end":{"line":24,"column":null}},"7":{"start":{"line":24,"column":20},"end":{"line":24,"column":null}},"8":{"start":{"line":27,"column":2},"end":{"line":27,"column":null}},"9":{"start":{"line":34,"column":2},"end":{"line":34,"column":null}},"10":{"start":{"line":41,"column":2},"end":{"line":41,"column":null}},"11":{"start":{"line":49,"column":2},"end":{"line":49,"column":null}},"12":{"start":{"line":49,"column":51},"end":{"line":49,"column":null}},"13":{"start":{"line":51,"column":16},"end":{"line":51,"column":null}},"14":{"start":{"line":54,"column":2},"end":{"line":54,"column":null}},"15":{"start":{"line":54,"column":24},"end":{"line":54,"column":39}},"16":{"start":{"line":54,"column":42},"end":{"line":54,"column":null}},"17":{"start":{"line":56,"column":2},"end":{"line":59,"column":null}},"18":{"start":{"line":57,"column":31},"end":{"line":57,"column":null}},"19":{"start":{"line":58,"column":4},"end":{"line":58,"column":null}},"20":{"start":{"line":61,"column":2},"end":{"line":64,"column":null}},"21":{"start":{"line":62,"column":38},"end":{"line":62,"column":null}},"22":{"start":{"line":63,"column":4},"end":{"line":63,"column":null}},"23":{"start":{"line":66,"column":2},"end":{"line":66,"column":null}},"24":{"start":{"line":74,"column":33},"end":{"line":74,"column":null}},"25":{"start":{"line":76,"column":2},"end":{"line":136,"column":null}},"26":{"start":{"line":78,"column":7},"end":{"line":78,"column":null}},"27":{"start":{"line":79,"column":22},"end":{"line":79,"column":null}},"28":{"start":{"line":80,"column":20},"end":{"line":80,"column":null}},"29":{"start":{"line":81,"column":24},"end":{"line":81,"column":null}},"30":{"start":{"line":82,"column":22},"end":{"line":82,"column":null}},"31":{"start":{"line":84,"column":4},"end":{"line":133,"column":null}},"32":{"start":{"line":85,"column":27},"end":{"line":85,"column":null}},"33":{"start":{"line":88,"column":21},"end":{"line":88,"column":null}},"34":{"start":{"line":90,"column":6},"end":{"line":130,"column":null}},"35":{"start":{"line":91,"column":23},"end":{"line":91,"column":null}},"36":{"start":{"line":94,"column":8},"end":{"line":94,"column":null}},"37":{"start":{"line":94,"column":20},"end":{"line":94,"column":null}},"38":{"start":{"line":96,"column":24},"end":{"line":96,"column":null}},"39":{"start":{"line":97,"column":8},"end":{"line":97,"column":null}},"40":{"start":{"line":97,"column":22},"end":{"line":97,"column":null}},"41":{"start":{"line":99,"column":27},"end":{"line":99,"column":null}},"42":{"start":{"line":100,"column":30},"end":{"line":100,"column":null}},"43":{"start":{"line":103,"column":8},"end":{"line":103,"column":null}},"44":{"start":{"line":103,"column":60},"end":{"line":103,"column":null}},"45":{"start":{"line":105,"column":32},"end":{"line":105,"column":null}},"46":{"start":{"line":107,"column":27},"end":{"line":107,"column":null}},"47":{"start":{"line":110,"column":27},"end":{"line":110,"column":null}},"48":{"start":{"line":113,"column":28},"end":{"line":113,"column":null}},"49":{"start":{"line":117,"column":8},"end":{"line":126,"column":null}},"50":{"start":{"line":129,"column":8},"end":{"line":129,"column":null}},"51":{"start":{"line":129,"column":33},"end":{"line":129,"column":null}},"52":{"start":{"line":132,"column":6},"end":{"line":132,"column":null}},"53":{"start":{"line":132,"column":31},"end":{"line":132,"column":null}},"54":{"start":{"line":138,"column":2},"end":{"line":138,"column":null}}},"fnMap":{"0":{"name":"extractVideoId","decl":{"start":{"line":7,"column":16},"end":{"line":7,"column":31}},"loc":{"start":{"line":7,"column":78},"end":{"line":28,"column":null}},"line":7},"1":{"name":"buildYoutubeUrl","decl":{"start":{"line":33,"column":16},"end":{"line":33,"column":32}},"loc":{"start":{"line":33,"column":57},"end":{"line":35,"column":null}},"line":33},"2":{"name":"buildEmbedUrl","decl":{"start":{"line":40,"column":16},"end":{"line":40,"column":30}},"loc":{"start":{"line":40,"column":55},"end":{"line":42,"column":null}},"line":40},"3":{"name":"parseDuration","decl":{"start":{"line":48,"column":16},"end":{"line":48,"column":30}},"loc":{"start":{"line":48,"column":60},"end":{"line":67,"column":null}},"line":48},"4":{"name":"(anonymous_4)","decl":{"start":{"line":54,"column":17},"end":{"line":54,"column":18}},"loc":{"start":{"line":54,"column":24},"end":{"line":54,"column":39}},"line":54},"5":{"name":"parseSearchResponse","decl":{"start":{"line":73,"column":16},"end":{"line":73,"column":36}},"loc":{"start":{"line":73,"column":67},"end":{"line":139,"column":null}},"line":73}},"branchMap":{"0":{"loc":{"start":{"line":8,"column":2},"end":{"line":8,"column":null}},"type":"if","locations":[{"start":{"line":8,"column":2},"end":{"line":8,"column":null}},{"start":{},"end":{}}],"line":8},"1":{"loc":{"start":{"line":24,"column":4},"end":{"line":24,"column":null}},"type":"if","locations":[{"start":{"line":24,"column":4},"end":{"line":24,"column":null}},{"start":{},"end":{}}],"line":24},"2":{"loc":{"start":{"line":49,"column":2},"end":{"line":49,"column":null}},"type":"if","locations":[{"start":{"line":49,"column":2},"end":{"line":49,"column":null}},{"start":{},"end":{}}],"line":49},"3":{"loc":{"start":{"line":49,"column":6},"end":{"line":49,"column":51}},"type":"binary-expr","locations":[{"start":{"line":49,"column":6},"end":{"line":49,"column":23}},{"start":{"line":49,"column":23},"end":{"line":49,"column":51}}],"line":49},"4":{"loc":{"start":{"line":54,"column":2},"end":{"line":54,"column":null}},"type":"if","locations":[{"start":{"line":54,"column":2},"end":{"line":54,"column":null}},{"start":{},"end":{}}],"line":54},"5":{"loc":{"start":{"line":56,"column":2},"end":{"line":59,"column":null}},"type":"if","locations":[{"start":{"line":56,"column":2},"end":{"line":59,"column":null}},{"start":{},"end":{}}],"line":56},"6":{"loc":{"start":{"line":58,"column":12},"end":{"line":58,"column":28}},"type":"binary-expr","locations":[{"start":{"line":58,"column":12},"end":{"line":58,"column":23}},{"start":{"line":58,"column":23},"end":{"line":58,"column":28}}],"line":58},"7":{"loc":{"start":{"line":58,"column":34},"end":{"line":58,"column":null}},"type":"binary-expr","locations":[{"start":{"line":58,"column":34},"end":{"line":58,"column":45}},{"start":{"line":58,"column":45},"end":{"line":58,"column":null}}],"line":58},"8":{"loc":{"start":{"line":61,"column":2},"end":{"line":64,"column":null}},"type":"if","locations":[{"start":{"line":61,"column":2},"end":{"line":64,"column":null}},{"start":{},"end":{}}],"line":61},"9":{"loc":{"start":{"line":63,"column":12},"end":{"line":63,"column":26}},"type":"binary-expr","locations":[{"start":{"line":63,"column":12},"end":{"line":63,"column":21}},{"start":{"line":63,"column":21},"end":{"line":63,"column":26}}],"line":63},"10":{"loc":{"start":{"line":63,"column":34},"end":{"line":63,"column":50}},"type":"binary-expr","locations":[{"start":{"line":63,"column":34},"end":{"line":63,"column":45}},{"start":{"line":63,"column":45},"end":{"line":63,"column":50}}],"line":63},"11":{"loc":{"start":{"line":63,"column":56},"end":{"line":63,"column":null}},"type":"binary-expr","locations":[{"start":{"line":63,"column":56},"end":{"line":63,"column":67}},{"start":{"line":63,"column":67},"end":{"line":63,"column":null}}],"line":63},"12":{"loc":{"start":{"line":82,"column":22},"end":{"line":82,"column":null}},"type":"binary-expr","locations":[{"start":{"line":82,"column":22},"end":{"line":82,"column":61}},{"start":{"line":82,"column":61},"end":{"line":82,"column":null}}],"line":82},"13":{"loc":{"start":{"line":88,"column":21},"end":{"line":88,"column":null}},"type":"binary-expr","locations":[{"start":{"line":88,"column":21},"end":{"line":88,"column":60}},{"start":{"line":88,"column":60},"end":{"line":88,"column":null}}],"line":88},"14":{"loc":{"start":{"line":94,"column":8},"end":{"line":94,"column":null}},"type":"if","locations":[{"start":{"line":94,"column":8},"end":{"line":94,"column":null}},{"start":{},"end":{}}],"line":94},"15":{"loc":{"start":{"line":97,"column":8},"end":{"line":97,"column":null}},"type":"if","locations":[{"start":{"line":97,"column":8},"end":{"line":97,"column":null}},{"start":{},"end":{}}],"line":97},"16":{"loc":{"start":{"line":100,"column":30},"end":{"line":100,"column":null}},"type":"binary-expr","locations":[{"start":{"line":100,"column":30},"end":{"line":100,"column":67}},{"start":{"line":100,"column":67},"end":{"line":100,"column":null}}],"line":100},"17":{"loc":{"start":{"line":103,"column":8},"end":{"line":103,"column":null}},"type":"if","locations":[{"start":{"line":103,"column":8},"end":{"line":103,"column":null}},{"start":{},"end":{}}],"line":103},"18":{"loc":{"start":{"line":103,"column":12},"end":{"line":103,"column":60}},"type":"binary-expr","locations":[{"start":{"line":103,"column":12},"end":{"line":103,"column":29}},{"start":{"line":103,"column":29},"end":{"line":103,"column":60}}],"line":103},"19":{"loc":{"start":{"line":119,"column":18},"end":{"line":119,"column":null}},"type":"binary-expr","locations":[{"start":{"line":119,"column":18},"end":{"line":119,"column":53}},{"start":{"line":119,"column":53},"end":{"line":119,"column":null}}],"line":119},"20":{"loc":{"start":{"line":120,"column":20},"end":{"line":120,"column":null}},"type":"binary-expr","locations":[{"start":{"line":120,"column":20},"end":{"line":120,"column":55}},{"start":{"line":120,"column":55},"end":{"line":120,"column":null}}],"line":120},"21":{"loc":{"start":{"line":123,"column":22},"end":{"line":123,"column":null}},"type":"binary-expr","locations":[{"start":{"line":123,"column":22},"end":{"line":123,"column":57}},{"start":{"line":123,"column":57},"end":{"line":123,"column":null}}],"line":123},"22":{"loc":{"start":{"line":129,"column":8},"end":{"line":129,"column":null}},"type":"if","locations":[{"start":{"line":129,"column":8},"end":{"line":129,"column":null}},{"start":{},"end":{}}],"line":129},"23":{"loc":{"start":{"line":132,"column":6},"end":{"line":132,"column":null}},"type":"if","locations":[{"start":{"line":132,"column":6},"end":{"line":132,"column":null}},{"start":{},"end":{}}],"line":132}},"s":{"0":17,"1":3,"2":14,"3":14,"4":14,"5":45,"6":45,"7":11,"8":3,"9":1,"10":1,"11":31,"12":3,"13":28,"14":28,"15":58,"16":5,"17":23,"18":19,"19":19,"20":4,"21":3,"22":3,"23":1,"24":10,"25":10,"26":10,"27":10,"28":10,"29":10,"30":10,"31":10,"32":6,"33":6,"34":6,"35":18,"36":18,"37":2,"38":16,"39":16,"40":0,"41":16,"42":16,"43":18,"44":2,"45":14,"46":14,"47":18,"48":18,"49":18,"50":18,"51":1,"52":6,"53":1,"54":10},"f":{"0":17,"1":1,"2":1,"3":31,"4":58,"5":10},"b":{"0":[3,14],"1":[11,34],"2":[3,28],"3":[31,30],"4":[5,23],"5":[19,4],"6":[19,0],"7":[19,0],"8":[3,1],"9":[3,0],"10":[3,0],"11":[3,0],"12":[10,4],"13":[6,0],"14":[2,16],"15":[0,16],"16":[16,1],"17":[2,16],"18":[18,15],"19":[18,1],"20":[18,13],"21":[18,13],"22":[1,17],"23":[1,5]},"meta":{"lastBranch":24,"lastFunction":6,"lastStatement":55,"seen":{"f:7:16:7:31":0,"b:8:2:8:Infinity:undefined:undefined:undefined:undefined":0,"s:8:2:8:Infinity":0,"s:8:12:8:Infinity":1,"s:9:24:9:Infinity":2,"s:11:19:20:Infinity":3,"s:22:2:25:Infinity":4,"s:23:18:23:Infinity":5,"b:24:4:24:Infinity:undefined:undefined:undefined:undefined":1,"s:24:4:24:Infinity":6,"s:24:20:24:Infinity":7,"s:27:2:27:Infinity":8,"f:33:16:33:32":1,"s:34:2:34:Infinity":9,"f:40:16:40:30":2,"s:41:2:41:Infinity":10,"f:48:16:48:30":3,"b:49:2:49:Infinity:undefined:undefined:undefined:undefined":2,"s:49:2:49:Infinity":11,"b:49:6:49:23:49:23:49:51":3,"s:49:51:49:Infinity":12,"s:51:16:51:Infinity":13,"b:54:2:54:Infinity:undefined:undefined:undefined:undefined":4,"s:54:2:54:Infinity":14,"f:54:17:54:18":4,"s:54:24:54:39":15,"s:54:42:54:Infinity":16,"b:56:2:59:Infinity:undefined:undefined:undefined:undefined":5,"s:56:2:59:Infinity":17,"s:57:31:57:Infinity":18,"s:58:4:58:Infinity":19,"b:58:12:58:23:58:23:58:28":6,"b:58:34:58:45:58:45:58:Infinity":7,"b:61:2:64:Infinity:undefined:undefined:undefined:undefined":8,"s:61:2:64:Infinity":20,"s:62:38:62:Infinity":21,"s:63:4:63:Infinity":22,"b:63:12:63:21:63:21:63:26":9,"b:63:34:63:45:63:45:63:50":10,"b:63:56:63:67:63:67:63:Infinity":11,"s:66:2:66:Infinity":23,"f:73:16:73:36":5,"s:74:33:74:Infinity":24,"s:76:2:136:Infinity":25,"s:78:7:78:Infinity":26,"s:79:22:79:Infinity":27,"s:80:20:80:Infinity":28,"s:81:24:81:Infinity":29,"s:82:22:82:Infinity":30,"b:82:22:82:61:82:61:82:Infinity":12,"s:84:4:133:Infinity":31,"s:85:27:85:Infinity":32,"s:88:21:88:Infinity":33,"b:88:21:88:60:88:60:88:Infinity":13,"s:90:6:130:Infinity":34,"s:91:23:91:Infinity":35,"b:94:8:94:Infinity:undefined:undefined:undefined:undefined":14,"s:94:8:94:Infinity":36,"s:94:20:94:Infinity":37,"s:96:24:96:Infinity":38,"b:97:8:97:Infinity:undefined:undefined:undefined:undefined":15,"s:97:8:97:Infinity":39,"s:97:22:97:Infinity":40,"s:99:27:99:Infinity":41,"s:100:30:100:Infinity":42,"b:100:30:100:67:100:67:100:Infinity":16,"b:103:8:103:Infinity:undefined:undefined:undefined:undefined":17,"s:103:8:103:Infinity":43,"b:103:12:103:29:103:29:103:60":18,"s:103:60:103:Infinity":44,"s:105:32:105:Infinity":45,"s:107:27:107:Infinity":46,"s:110:27:110:Infinity":47,"s:113:28:113:Infinity":48,"s:117:8:126:Infinity":49,"b:119:18:119:53:119:53:119:Infinity":19,"b:120:20:120:55:120:55:120:Infinity":20,"b:123:22:123:57:123:57:123:Infinity":21,"b:129:8:129:Infinity:undefined:undefined:undefined:undefined":22,"s:129:8:129:Infinity":50,"s:129:33:129:Infinity":51,"b:132:6:132:Infinity:undefined:undefined:undefined:undefined":23,"s:132:6:132:Infinity":52,"s:132:31:132:Infinity":53,"s:138:2:138:Infinity":54}}}
,"/Users/adimov/context/karaoke/worker/src/auth.ts": {"path":"/Users/adimov/context/karaoke/worker/src/auth.ts","statementMap":{"0":{"start":{"line":14,"column":28},"end":{"line":14,"column":null}},"1":{"start":{"line":15,"column":28},"end":{"line":15,"column":null}},"2":{"start":{"line":16,"column":24},"end":{"line":16,"column":null}},"3":{"start":{"line":17,"column":25},"end":{"line":17,"column":null}},"4":{"start":{"line":18,"column":28},"end":{"line":18,"column":null}},"5":{"start":{"line":35,"column":17},"end":{"line":35,"column":null}},"6":{"start":{"line":36,"column":24},"end":{"line":36,"column":null}},"7":{"start":{"line":37,"column":25},"end":{"line":37,"column":null}},"8":{"start":{"line":38,"column":20},"end":{"line":38,"column":null}},"9":{"start":{"line":39,"column":2},"end":{"line":39,"column":null}},"10":{"start":{"line":43,"column":16},"end":{"line":43,"column":null}},"11":{"start":{"line":44,"column":2},"end":{"line":44,"column":null}},"12":{"start":{"line":44,"column":26},"end":{"line":44,"column":null}},"13":{"start":{"line":46,"column":39},"end":{"line":46,"column":null}},"14":{"start":{"line":47,"column":28},"end":{"line":47,"column":null}},"15":{"start":{"line":49,"column":2},"end":{"line":49,"column":null}},"16":{"start":{"line":49,"column":39},"end":{"line":49,"column":null}},"17":{"start":{"line":51,"column":2},"end":{"line":57,"column":null}},"18":{"start":{"line":52,"column":20},"end":{"line":52,"column":null}},"19":{"start":{"line":53,"column":4},"end":{"line":53,"column":null}},"20":{"start":{"line":53,"column":34},"end":{"line":53,"column":null}},"21":{"start":{"line":54,"column":4},"end":{"line":54,"column":null}},"22":{"start":{"line":56,"column":4},"end":{"line":56,"column":null}},"23":{"start":{"line":61,"column":17},"end":{"line":61,"column":null}},"24":{"start":{"line":62,"column":2},"end":{"line":62,"column":null}},"25":{"start":{"line":66,"column":15},"end":{"line":66,"column":null}},"26":{"start":{"line":67,"column":2},"end":{"line":67,"column":null}},"27":{"start":{"line":67,"column":28},"end":{"line":67,"column":null}},"28":{"start":{"line":68,"column":2},"end":{"line":68,"column":null}},"29":{"start":{"line":72,"column":18},"end":{"line":72,"column":null}},"30":{"start":{"line":73,"column":18},"end":{"line":73,"column":null}},"31":{"start":{"line":74,"column":14},"end":{"line":80,"column":null}},"32":{"start":{"line":81,"column":20},"end":{"line":81,"column":null}},"33":{"start":{"line":82,"column":2},"end":{"line":82,"column":null}},"34":{"start":{"line":90,"column":16},"end":{"line":90,"column":null}},"35":{"start":{"line":91,"column":2},"end":{"line":91,"column":null}},"36":{"start":{"line":92,"column":2},"end":{"line":92,"column":null}},"37":{"start":{"line":92,"column":36},"end":{"line":92,"column":67}},"38":{"start":{"line":96,"column":2},"end":{"line":96,"column":null}},"39":{"start":{"line":105,"column":14},"end":{"line":105,"column":null}},"40":{"start":{"line":106,"column":20},"end":{"line":106,"column":null}},"41":{"start":{"line":108,"column":30},"end":{"line":116,"column":null}},"42":{"start":{"line":118,"column":16},"end":{"line":118,"column":null}},"43":{"start":{"line":120,"column":2},"end":{"line":127,"column":null}},"44":{"start":{"line":134,"column":2},"end":{"line":134,"column":null}},"45":{"start":{"line":142,"column":23},"end":{"line":142,"column":null}},"46":{"start":{"line":143,"column":2},"end":{"line":143,"column":null}},"47":{"start":{"line":143,"column":21},"end":{"line":143,"column":null}},"48":{"start":{"line":145,"column":18},"end":{"line":145,"column":null}},"49":{"start":{"line":145,"column":51},"end":{"line":145,"column":59}},"50":{"start":{"line":146,"column":2},"end":{"line":151,"column":null}},"51":{"start":{"line":147,"column":34},"end":{"line":147,"column":null}},"52":{"start":{"line":148,"column":4},"end":{"line":150,"column":null}},"53":{"start":{"line":149,"column":6},"end":{"line":149,"column":null}},"54":{"start":{"line":152,"column":2},"end":{"line":152,"column":null}},"55":{"start":{"line":156,"column":2},"end":{"line":156,"column":null}},"56":{"start":{"line":160,"column":2},"end":{"line":160,"column":null}},"57":{"start":{"line":179,"column":33},"end":{"line":183,"column":null}},"58":{"start":{"line":185,"column":17},"end":{"line":192,"column":null}},"59":{"start":{"line":194,"column":2},"end":{"line":194,"column":null}},"60":{"start":{"line":198,"column":14},"end":{"line":198,"column":null}},"61":{"start":{"line":199,"column":2},"end":{"line":199,"column":null}},"62":{"start":{"line":203,"column":2},"end":{"line":207,"column":null}},"63":{"start":{"line":204,"column":4},"end":{"line":204,"column":null}},"64":{"start":{"line":206,"column":4},"end":{"line":206,"column":null}},"65":{"start":{"line":233,"column":24},"end":{"line":243,"column":null}},"66":{"start":{"line":245,"column":2},"end":{"line":249,"column":null}},"67":{"start":{"line":246,"column":18},"end":{"line":246,"column":null}},"68":{"start":{"line":247,"column":4},"end":{"line":247,"column":null}},"69":{"start":{"line":248,"column":4},"end":{"line":248,"column":null}},"70":{"start":{"line":251,"column":17},"end":{"line":251,"column":null}},"71":{"start":{"line":254,"column":27},"end":{"line":256,"column":null}},"72":{"start":{"line":258,"column":2},"end":{"line":260,"column":null}},"73":{"start":{"line":259,"column":4},"end":{"line":259,"column":null}},"74":{"start":{"line":262,"column":19},"end":{"line":262,"column":null}},"75":{"start":{"line":264,"column":21},"end":{"line":271,"column":null}},"76":{"start":{"line":273,"column":2},"end":{"line":273,"column":null}},"77":{"start":{"line":281,"column":2},"end":{"line":286,"column":null}},"78":{"start":{"line":297,"column":14},"end":{"line":297,"column":null}},"79":{"start":{"line":298,"column":17},"end":{"line":298,"column":null}},"80":{"start":{"line":299,"column":20},"end":{"line":299,"column":null}},"81":{"start":{"line":301,"column":18},"end":{"line":301,"column":null}},"82":{"start":{"line":302,"column":2},"end":{"line":302,"column":null}},"83":{"start":{"line":309,"column":14},"end":{"line":309,"column":null}},"84":{"start":{"line":310,"column":15},"end":{"line":310,"column":null}},"85":{"start":{"line":311,"column":21},"end":{"line":311,"column":null}},"86":{"start":{"line":312,"column":16},"end":{"line":312,"column":null}},"87":{"start":{"line":314,"column":2},"end":{"line":316,"column":null}},"88":{"start":{"line":315,"column":4},"end":{"line":315,"column":null}},"89":{"start":{"line":318,"column":2},"end":{"line":320,"column":null}},"90":{"start":{"line":319,"column":4},"end":{"line":319,"column":null}},"91":{"start":{"line":322,"column":16},"end":{"line":322,"column":null}},"92":{"start":{"line":323,"column":2},"end":{"line":325,"column":null}},"93":{"start":{"line":324,"column":4},"end":{"line":324,"column":null}},"94":{"start":{"line":327,"column":17},"end":{"line":327,"column":null}},"95":{"start":{"line":328,"column":2},"end":{"line":330,"column":null}},"96":{"start":{"line":329,"column":4},"end":{"line":329,"column":null}},"97":{"start":{"line":332,"column":18},"end":{"line":337,"column":null}},"98":{"start":{"line":340,"column":2},"end":{"line":346,"column":null}},"99":{"start":{"line":353,"column":16},"end":{"line":353,"column":null}},"100":{"start":{"line":354,"column":2},"end":{"line":357,"column":null}},"101":{"start":{"line":355,"column":37},"end":{"line":355,"column":null}},"102":{"start":{"line":356,"column":4},"end":{"line":356,"column":null}},"103":{"start":{"line":359,"column":18},"end":{"line":359,"column":null}},"104":{"start":{"line":360,"column":2},"end":{"line":365,"column":null}},"105":{"start":{"line":361,"column":37},"end":{"line":361,"column":null}},"106":{"start":{"line":362,"column":4},"end":{"line":364,"column":null}},"107":{"start":{"line":367,"column":31},"end":{"line":374,"column":null}},"108":{"start":{"line":376,"column":2},"end":{"line":379,"column":null}},"109":{"start":{"line":377,"column":37},"end":{"line":377,"column":null}},"110":{"start":{"line":378,"column":4},"end":{"line":378,"column":null}},"111":{"start":{"line":383,"column":21},"end":{"line":388,"column":null}},"112":{"start":{"line":390,"column":35},"end":{"line":390,"column":null}},"113":{"start":{"line":391,"column":2},"end":{"line":391,"column":null}},"114":{"start":{"line":398,"column":15},"end":{"line":398,"column":null}},"115":{"start":{"line":398,"column":49},"end":{"line":398,"column":52}},"116":{"start":{"line":399,"column":17},"end":{"line":399,"column":null}},"117":{"start":{"line":400,"column":22},"end":{"line":400,"column":null}},"118":{"start":{"line":402,"column":15},"end":{"line":402,"column":null}},"119":{"start":{"line":403,"column":2},"end":{"line":405,"column":null}},"120":{"start":{"line":404,"column":4},"end":{"line":404,"column":null}},"121":{"start":{"line":407,"column":18},"end":{"line":412,"column":null}},"122":{"start":{"line":414,"column":41},"end":{"line":414,"column":null}},"123":{"start":{"line":415,"column":2},"end":{"line":417,"column":null}},"124":{"start":{"line":423,"column":31},"end":{"line":423,"column":null}},"125":{"start":{"line":424,"column":2},"end":{"line":426,"column":null}},"126":{"start":{"line":444,"column":16},"end":{"line":444,"column":null}},"127":{"start":{"line":445,"column":2},"end":{"line":447,"column":null}},"128":{"start":{"line":446,"column":4},"end":{"line":446,"column":null}},"129":{"start":{"line":449,"column":18},"end":{"line":449,"column":null}},"130":{"start":{"line":450,"column":2},"end":{"line":452,"column":null}},"131":{"start":{"line":451,"column":4},"end":{"line":451,"column":null}},"132":{"start":{"line":454,"column":31},"end":{"line":461,"column":null}},"133":{"start":{"line":463,"column":2},"end":{"line":468,"column":null}}},"fnMap":{"0":{"name":"signJWT","decl":{"start":{"line":34,"column":15},"end":{"line":34,"column":23}},"loc":{"start":{"line":34,"column":77},"end":{"line":40,"column":null}},"line":34},"1":{"name":"verifyJWT","decl":{"start":{"line":42,"column":15},"end":{"line":42,"column":25}},"loc":{"start":{"line":42,"column":84},"end":{"line":58,"column":null}},"line":42},"2":{"name":"base64UrlEncode","decl":{"start":{"line":60,"column":9},"end":{"line":60,"column":25}},"loc":{"start":{"line":60,"column":46},"end":{"line":63,"column":null}},"line":60},"3":{"name":"base64UrlDecode","decl":{"start":{"line":65,"column":9},"end":{"line":65,"column":25}},"loc":{"start":{"line":65,"column":46},"end":{"line":69,"column":null}},"line":65},"4":{"name":"hmacSign","decl":{"start":{"line":71,"column":15},"end":{"line":71,"column":24}},"loc":{"start":{"line":71,"column":71},"end":{"line":83,"column":null}},"line":71},"5":{"name":"generateSessionId","decl":{"start":{"line":89,"column":16},"end":{"line":89,"column":44}},"loc":{"start":{"line":89,"column":44},"end":{"line":93,"column":null}},"line":89},"6":{"name":"(anonymous_6)","decl":{"start":{"line":92,"column":31},"end":{"line":92,"column":36}},"loc":{"start":{"line":92,"column":36},"end":{"line":92,"column":67}},"line":92},"7":{"name":"generateUserId","decl":{"start":{"line":95,"column":16},"end":{"line":95,"column":41}},"loc":{"start":{"line":95,"column":41},"end":{"line":97,"column":null}},"line":95},"8":{"name":"createSession","decl":{"start":{"line":99,"column":22},"end":{"line":99,"column":null}},"loc":{"start":{"line":104,"column":24},"end":{"line":128,"column":null}},"line":104},"9":{"name":"verifySession","decl":{"start":{"line":130,"column":22},"end":{"line":130,"column":null}},"loc":{"start":{"line":133,"column":30},"end":{"line":135,"column":null}},"line":133},"10":{"name":"getSessionCookie","decl":{"start":{"line":141,"column":16},"end":{"line":141,"column":33}},"loc":{"start":{"line":141,"column":66},"end":{"line":153,"column":null}},"line":141},"11":{"name":"(anonymous_11)","decl":{"start":{"line":145,"column":46},"end":{"line":145,"column":51}},"loc":{"start":{"line":145,"column":51},"end":{"line":145,"column":59}},"line":145},"12":{"name":"setSessionCookie","decl":{"start":{"line":155,"column":16},"end":{"line":155,"column":33}},"loc":{"start":{"line":155,"column":101},"end":{"line":157,"column":null}},"line":155},"13":{"name":"clearSessionCookie","decl":{"start":{"line":159,"column":16},"end":{"line":159,"column":45}},"loc":{"start":{"line":159,"column":45},"end":{"line":161,"column":null}},"line":159},"14":{"name":"getGoogleAuthUrl","decl":{"start":{"line":173,"column":16},"end":{"line":173,"column":null}},"loc":{"start":{"line":178,"column":10},"end":{"line":195,"column":null}},"line":178},"15":{"name":"getCallbackUrl","decl":{"start":{"line":197,"column":9},"end":{"line":197,"column":24}},"loc":{"start":{"line":197,"column":50},"end":{"line":200,"column":null}},"line":197},"16":{"name":"parseAuthState","decl":{"start":{"line":202,"column":16},"end":{"line":202,"column":31}},"loc":{"start":{"line":202,"column":75},"end":{"line":208,"column":null}},"line":202},"17":{"name":"exchangeGoogleCode","decl":{"start":{"line":227,"column":22},"end":{"line":227,"column":null}},"loc":{"start":{"line":231,"column":47},"end":{"line":274,"column":null}},"line":231},"18":{"name":"createAnonymousUser","decl":{"start":{"line":280,"column":16},"end":{"line":280,"column":44}},"loc":{"start":{"line":280,"column":44},"end":{"line":287,"column":null}},"line":280},"19":{"name":"handleGoogleAuth","decl":{"start":{"line":293,"column":22},"end":{"line":293,"column":null}},"loc":{"start":{"line":296,"column":21},"end":{"line":303,"column":null}},"line":296},"20":{"name":"handleGoogleCallback","decl":{"start":{"line":305,"column":22},"end":{"line":305,"column":null}},"loc":{"start":{"line":308,"column":21},"end":{"line":347,"column":null}},"line":308},"21":{"name":"handleGetSession","decl":{"start":{"line":349,"column":22},"end":{"line":349,"column":null}},"loc":{"start":{"line":352,"column":21},"end":{"line":392,"column":null}},"line":352},"22":{"name":"handleCreateAnonymousSession","decl":{"start":{"line":394,"column":22},"end":{"line":394,"column":null}},"loc":{"start":{"line":397,"column":21},"end":{"line":418,"column":null}},"line":397},"23":{"name":"(anonymous_23)","decl":{"start":{"line":398,"column":42},"end":{"line":398,"column":49}},"loc":{"start":{"line":398,"column":49},"end":{"line":398,"column":52}},"line":398},"24":{"name":"handleLogout","decl":{"start":{"line":420,"column":22},"end":{"line":420,"column":null}},"loc":{"start":{"line":422,"column":21},"end":{"line":427,"column":null}},"line":422},"25":{"name":"getAuthContext","decl":{"start":{"line":440,"column":22},"end":{"line":440,"column":null}},"loc":{"start":{"line":443,"column":24},"end":{"line":469,"column":null}},"line":443}},"branchMap":{"0":{"loc":{"start":{"line":44,"column":2},"end":{"line":44,"column":null}},"type":"if","locations":[{"start":{"line":44,"column":2},"end":{"line":44,"column":null}},{"start":{},"end":{}}],"line":44},"1":{"loc":{"start":{"line":49,"column":2},"end":{"line":49,"column":null}},"type":"if","locations":[{"start":{"line":49,"column":2},"end":{"line":49,"column":null}},{"start":{},"end":{}}],"line":49},"2":{"loc":{"start":{"line":53,"column":4},"end":{"line":53,"column":null}},"type":"if","locations":[{"start":{"line":53,"column":4},"end":{"line":53,"column":null}},{"start":{},"end":{}}],"line":53},"3":{"loc":{"start":{"line":143,"column":2},"end":{"line":143,"column":null}},"type":"if","locations":[{"start":{"line":143,"column":2},"end":{"line":143,"column":null}},{"start":{},"end":{}}],"line":143},"4":{"loc":{"start":{"line":148,"column":4},"end":{"line":150,"column":null}},"type":"if","locations":[{"start":{"line":148,"column":4},"end":{"line":150,"column":null}},{"start":{},"end":{}}],"line":148},"5":{"loc":{"start":{"line":155,"column":48},"end":{"line":155,"column":101}},"type":"default-arg","locations":[{"start":{"line":155,"column":65},"end":{"line":155,"column":101}}],"line":155},"6":{"loc":{"start":{"line":245,"column":2},"end":{"line":249,"column":null}},"type":"if","locations":[{"start":{"line":245,"column":2},"end":{"line":249,"column":null}},{"start":{},"end":{}}],"line":245},"7":{"loc":{"start":{"line":258,"column":2},"end":{"line":260,"column":null}},"type":"if","locations":[{"start":{"line":258,"column":2},"end":{"line":260,"column":null}},{"start":{},"end":{}}],"line":258},"8":{"loc":{"start":{"line":268,"column":17},"end":{"line":268,"column":null}},"type":"binary-expr","locations":[{"start":{"line":268,"column":17},"end":{"line":268,"column":34}},{"start":{"line":268,"column":34},"end":{"line":268,"column":null}}],"line":268},"9":{"loc":{"start":{"line":298,"column":17},"end":{"line":298,"column":null}},"type":"binary-expr","locations":[{"start":{"line":298,"column":17},"end":{"line":298,"column":49}},{"start":{"line":298,"column":49},"end":{"line":298,"column":null}}],"line":298},"10":{"loc":{"start":{"line":299,"column":20},"end":{"line":299,"column":null}},"type":"binary-expr","locations":[{"start":{"line":299,"column":20},"end":{"line":299,"column":54}},{"start":{"line":299,"column":54},"end":{"line":299,"column":null}}],"line":299},"11":{"loc":{"start":{"line":314,"column":2},"end":{"line":316,"column":null}},"type":"if","locations":[{"start":{"line":314,"column":2},"end":{"line":316,"column":null}},{"start":{},"end":{}}],"line":314},"12":{"loc":{"start":{"line":318,"column":2},"end":{"line":320,"column":null}},"type":"if","locations":[{"start":{"line":318,"column":2},"end":{"line":320,"column":null}},{"start":{},"end":{}}],"line":318},"13":{"loc":{"start":{"line":318,"column":6},"end":{"line":318,"column":28}},"type":"binary-expr","locations":[{"start":{"line":318,"column":6},"end":{"line":318,"column":15}},{"start":{"line":318,"column":15},"end":{"line":318,"column":28}}],"line":318},"14":{"loc":{"start":{"line":323,"column":2},"end":{"line":325,"column":null}},"type":"if","locations":[{"start":{"line":323,"column":2},"end":{"line":325,"column":null}},{"start":{},"end":{}}],"line":323},"15":{"loc":{"start":{"line":328,"column":2},"end":{"line":330,"column":null}},"type":"if","locations":[{"start":{"line":328,"column":2},"end":{"line":330,"column":null}},{"start":{},"end":{}}],"line":328},"16":{"loc":{"start":{"line":354,"column":2},"end":{"line":357,"column":null}},"type":"if","locations":[{"start":{"line":354,"column":2},"end":{"line":357,"column":null}},{"start":{},"end":{}}],"line":354},"17":{"loc":{"start":{"line":360,"column":2},"end":{"line":365,"column":null}},"type":"if","locations":[{"start":{"line":360,"column":2},"end":{"line":365,"column":null}},{"start":{},"end":{}}],"line":360},"18":{"loc":{"start":{"line":376,"column":2},"end":{"line":379,"column":null}},"type":"if","locations":[{"start":{"line":376,"column":2},"end":{"line":379,"column":null}},{"start":{},"end":{}}],"line":376},"19":{"loc":{"start":{"line":399,"column":17},"end":{"line":399,"column":null}},"type":"binary-expr","locations":[{"start":{"line":399,"column":17},"end":{"line":399,"column":32}},{"start":{"line":399,"column":32},"end":{"line":399,"column":null}}],"line":399},"20":{"loc":{"start":{"line":403,"column":2},"end":{"line":405,"column":null}},"type":"if","locations":[{"start":{"line":403,"column":2},"end":{"line":405,"column":null}},{"start":{},"end":{}}],"line":403},"21":{"loc":{"start":{"line":445,"column":2},"end":{"line":447,"column":null}},"type":"if","locations":[{"start":{"line":445,"column":2},"end":{"line":447,"column":null}},{"start":{},"end":{}}],"line":445},"22":{"loc":{"start":{"line":450,"column":2},"end":{"line":452,"column":null}},"type":"if","locations":[{"start":{"line":450,"column":2},"end":{"line":452,"column":null}},{"start":{},"end":{}}],"line":450}},"s":{"0":0,"1":0,"2":0,"3":0,"4":0,"5":0,"6":0,"7":0,"8":0,"9":0,"10":0,"11":0,"12":0,"13":0,"14":0,"15":0,"16":0,"17":0,"18":0,"19":0,"20":0,"21":0,"22":0,"23":0,"24":0,"25":0,"26":0,"27":0,"28":0,"29":0,"30":0,"31":0,"32":0,"33":0,"34":0,"35":0,"36":0,"37":0,"38":0,"39":0,"40":0,"41":0,"42":0,"43":0,"44":0,"45":0,"46":0,"47":0,"48":0,"49":0,"50":0,"51":0,"52":0,"53":0,"54":0,"55":0,"56":0,"57":0,"58":0,"59":0,"60":0,"61":0,"62":0,"63":0,"64":0,"65":0,"66":0,"67":0,"68":0,"69":0,"70":0,"71":0,"72":0,"73":0,"74":0,"75":0,"76":0,"77":0,"78":0,"79":0,"80":0,"81":0,"82":0,"83":0,"84":0,"85":0,"86":0,"87":0,"88":0,"89":0,"90":0,"91":0,"92":0,"93":0,"94":0,"95":0,"96":0,"97":0,"98":0,"99":0,"100":0,"101":0,"102":0,"103":0,"104":0,"105":0,"106":0,"107":0,"108":0,"109":0,"110":0,"111":0,"112":0,"113":0,"114":0,"115":0,"116":0,"117":0,"118":0,"119":0,"120":0,"121":0,"122":0,"123":0,"124":0,"125":0,"126":0,"127":0,"128":0,"129":0,"130":0,"131":0,"132":0,"133":0},"f":{"0":0,"1":0,"2":0,"3":0,"4":0,"5":0,"6":0,"7":0,"8":0,"9":0,"10":0,"11":0,"12":0,"13":0,"14":0,"15":0,"16":0,"17":0,"18":0,"19":0,"20":0,"21":0,"22":0,"23":0,"24":0,"25":0},"b":{"0":[0,0],"1":[0,0],"2":[0,0],"3":[0,0],"4":[0,0],"5":[0],"6":[0,0],"7":[0,0],"8":[0,0],"9":[0,0],"10":[0,0],"11":[0,0],"12":[0,0],"13":[0,0],"14":[0,0],"15":[0,0],"16":[0,0],"17":[0,0],"18":[0,0],"19":[0,0],"20":[0,0],"21":[0,0],"22":[0,0]},"meta":{"lastBranch":23,"lastFunction":26,"lastStatement":134,"seen":{"s:14:28:14:Infinity":0,"s:15:28:15:Infinity":1,"s:16:24:16:Infinity":2,"s:17:25:17:Infinity":3,"s:18:28:18:Infinity":4,"f:34:15:34:23":0,"s:35:17:35:Infinity":5,"s:36:24:36:Infinity":6,"s:37:25:37:Infinity":7,"s:38:20:38:Infinity":8,"s:39:2:39:Infinity":9,"f:42:15:42:25":1,"s:43:16:43:Infinity":10,"b:44:2:44:Infinity:undefined:undefined:undefined:undefined":0,"s:44:2:44:Infinity":11,"s:44:26:44:Infinity":12,"s:46:39:46:Infinity":13,"s:47:28:47:Infinity":14,"b:49:2:49:Infinity:undefined:undefined:undefined:undefined":1,"s:49:2:49:Infinity":15,"s:49:39:49:Infinity":16,"s:51:2:57:Infinity":17,"s:52:20:52:Infinity":18,"b:53:4:53:Infinity:undefined:undefined:undefined:undefined":2,"s:53:4:53:Infinity":19,"s:53:34:53:Infinity":20,"s:54:4:54:Infinity":21,"s:56:4:56:Infinity":22,"f:60:9:60:25":2,"s:61:17:61:Infinity":23,"s:62:2:62:Infinity":24,"f:65:9:65:25":3,"s:66:15:66:Infinity":25,"s:67:2:67:Infinity":26,"s:67:28:67:Infinity":27,"s:68:2:68:Infinity":28,"f:71:15:71:24":4,"s:72:18:72:Infinity":29,"s:73:18:73:Infinity":30,"s:74:14:80:Infinity":31,"s:81:20:81:Infinity":32,"s:82:2:82:Infinity":33,"f:89:16:89:44":5,"s:90:16:90:Infinity":34,"s:91:2:91:Infinity":35,"s:92:2:92:Infinity":36,"f:92:31:92:36":6,"s:92:36:92:67":37,"f:95:16:95:41":7,"s:96:2:96:Infinity":38,"f:99:22:99:Infinity":8,"s:105:14:105:Infinity":39,"s:106:20:106:Infinity":40,"s:108:30:116:Infinity":41,"s:118:16:118:Infinity":42,"s:120:2:127:Infinity":43,"f:130:22:130:Infinity":9,"s:134:2:134:Infinity":44,"f:141:16:141:33":10,"s:142:23:142:Infinity":45,"b:143:2:143:Infinity:undefined:undefined:undefined:undefined":3,"s:143:2:143:Infinity":46,"s:143:21:143:Infinity":47,"s:145:18:145:Infinity":48,"f:145:46:145:51":11,"s:145:51:145:59":49,"s:146:2:151:Infinity":50,"s:147:34:147:Infinity":51,"b:148:4:150:Infinity:undefined:undefined:undefined:undefined":4,"s:148:4:150:Infinity":52,"s:149:6:149:Infinity":53,"s:152:2:152:Infinity":54,"f:155:16:155:33":12,"b:155:65:155:101":5,"s:156:2:156:Infinity":55,"f:159:16:159:45":13,"s:160:2:160:Infinity":56,"f:173:16:173:Infinity":14,"s:179:33:183:Infinity":57,"s:185:17:192:Infinity":58,"s:194:2:194:Infinity":59,"f:197:9:197:24":15,"s:198:14:198:Infinity":60,"s:199:2:199:Infinity":61,"f:202:16:202:31":16,"s:203:2:207:Infinity":62,"s:204:4:204:Infinity":63,"s:206:4:206:Infinity":64,"f:227:22:227:Infinity":17,"s:233:24:243:Infinity":65,"b:245:2:249:Infinity:undefined:undefined:undefined:undefined":6,"s:245:2:249:Infinity":66,"s:246:18:246:Infinity":67,"s:247:4:247:Infinity":68,"s:248:4:248:Infinity":69,"s:251:17:251:Infinity":70,"s:254:27:256:Infinity":71,"b:258:2:260:Infinity:undefined:undefined:undefined:undefined":7,"s:258:2:260:Infinity":72,"s:259:4:259:Infinity":73,"s:262:19:262:Infinity":74,"s:264:21:271:Infinity":75,"b:268:17:268:34:268:34:268:Infinity":8,"s:273:2:273:Infinity":76,"f:280:16:280:44":18,"s:281:2:286:Infinity":77,"f:293:22:293:Infinity":19,"s:297:14:297:Infinity":78,"s:298:17:298:Infinity":79,"b:298:17:298:49:298:49:298:Infinity":9,"s:299:20:299:Infinity":80,"b:299:20:299:54:299:54:299:Infinity":10,"s:301:18:301:Infinity":81,"s:302:2:302:Infinity":82,"f:305:22:305:Infinity":20,"s:309:14:309:Infinity":83,"s:310:15:310:Infinity":84,"s:311:21:311:Infinity":85,"s:312:16:312:Infinity":86,"b:314:2:316:Infinity:undefined:undefined:undefined:undefined":11,"s:314:2:316:Infinity":87,"s:315:4:315:Infinity":88,"b:318:2:320:Infinity:undefined:undefined:undefined:undefined":12,"s:318:2:320:Infinity":89,"b:318:6:318:15:318:15:318:28":13,"s:319:4:319:Infinity":90,"s:322:16:322:Infinity":91,"b:323:2:325:Infinity:undefined:undefined:undefined:undefined":14,"s:323:2:325:Infinity":92,"s:324:4:324:Infinity":93,"s:327:17:327:Infinity":94,"b:328:2:330:Infinity:undefined:undefined:undefined:undefined":15,"s:328:2:330:Infinity":95,"s:329:4:329:Infinity":96,"s:332:18:337:Infinity":97,"s:340:2:346:Infinity":98,"f:349:22:349:Infinity":21,"s:353:16:353:Infinity":99,"b:354:2:357:Infinity:undefined:undefined:undefined:undefined":16,"s:354:2:357:Infinity":100,"s:355:37:355:Infinity":101,"s:356:4:356:Infinity":102,"s:359:18:359:Infinity":103,"b:360:2:365:Infinity:undefined:undefined:undefined:undefined":17,"s:360:2:365:Infinity":104,"s:361:37:361:Infinity":105,"s:362:4:364:Infinity":106,"s:367:31:374:Infinity":107,"b:376:2:379:Infinity:undefined:undefined:undefined:undefined":18,"s:376:2:379:Infinity":108,"s:377:37:377:Infinity":109,"s:378:4:378:Infinity":110,"s:383:21:388:Infinity":111,"s:390:35:390:Infinity":112,"s:391:2:391:Infinity":113,"f:394:22:394:Infinity":22,"s:398:15:398:Infinity":114,"f:398:42:398:49":23,"s:398:49:398:52":115,"s:399:17:399:Infinity":116,"b:399:17:399:32:399:32:399:Infinity":19,"s:400:22:400:Infinity":117,"s:402:15:402:Infinity":118,"b:403:2:405:Infinity:undefined:undefined:undefined:undefined":20,"s:403:2:405:Infinity":119,"s:404:4:404:Infinity":120,"s:407:18:412:Infinity":121,"s:414:41:414:Infinity":122,"s:415:2:417:Infinity":123,"f:420:22:420:Infinity":24,"s:423:31:423:Infinity":124,"s:424:2:426:Infinity":125,"f:440:22:440:Infinity":25,"s:444:16:444:Infinity":126,"b:445:2:447:Infinity:undefined:undefined:undefined:undefined":21,"s:445:2:447:Infinity":127,"s:446:4:446:Infinity":128,"s:449:18:449:Infinity":129,"b:450:2:452:Infinity:undefined:undefined:undefined:undefined":22,"s:450:2:452:Infinity":130,"s:451:4:451:Infinity":131,"s:454:31:461:Infinity":132,"s:463:2:468:Infinity":133}}}
,"/Users/adimov/context/karaoke/worker/src/env.ts": {"path":"/Users/adimov/context/karaoke/worker/src/env.ts","statementMap":{},"fnMap":{},"branchMap":{},"s":{},"f":{},"b":{},"meta":{"lastBranch":0,"lastFunction":0,"lastStatement":0,"seen":{}}}
,"/Users/adimov/context/karaoke/worker/src/index.ts": {"path":"/Users/adimov/context/karaoke/worker/src/index.ts","statementMap":{"0":{"start":{"line":15,"column":19},"end":{"line":15,"column":null}},"1":{"start":{"line":16,"column":24},"end":{"line":16,"column":null}},"2":{"start":{"line":19,"column":23},"end":{"line":19,"column":null}},"3":{"start":{"line":22,"column":25},"end":{"line":22,"column":null}},"4":{"start":{"line":23,"column":26},"end":{"line":23,"column":null}},"5":{"start":{"line":33,"column":2},"end":{"line":55,"column":null}},"6":{"start":{"line":34,"column":21},"end":{"line":34,"column":null}},"7":{"start":{"line":35,"column":18},"end":{"line":35,"column":null}},"8":{"start":{"line":37,"column":4},"end":{"line":42,"column":null}},"9":{"start":{"line":45,"column":19},"end":{"line":45,"column":null}},"10":{"start":{"line":46,"column":4},"end":{"line":50,"column":null}},"11":{"start":{"line":47,"column":6},"end":{"line":49,"column":null}},"12":{"start":{"line":48,"column":8},"end":{"line":48,"column":null}},"13":{"start":{"line":52,"column":4},"end":{"line":52,"column":null}},"14":{"start":{"line":59,"column":2},"end":{"line":69,"column":null}},"15":{"start":{"line":60,"column":21},"end":{"line":60,"column":null}},"16":{"start":{"line":61,"column":4},"end":{"line":61,"column":null}},"17":{"start":{"line":61,"column":19},"end":{"line":61,"column":null}},"18":{"start":{"line":63,"column":19},"end":{"line":63,"column":null}},"19":{"start":{"line":64,"column":4},"end":{"line":66,"column":null}},"20":{"start":{"line":65,"column":22},"end":{"line":65,"column":48}},"21":{"start":{"line":66,"column":22},"end":{"line":66,"column":53}},"22":{"start":{"line":68,"column":4},"end":{"line":68,"column":null}},"23":{"start":{"line":73,"column":22},"end":{"line":73,"column":null}},"24":{"start":{"line":75,"column":44},"end":{"line":79,"column":null}},"25":{"start":{"line":81,"column":48},"end":{"line":83,"column":null}},"26":{"start":{"line":86,"column":21},"end":{"line":8
[...]
511:Infinity":685,"s:1512:18:1512:Infinity":686,"s:1513:10:1513:Infinity":687,"s:1515:4:1515:Infinity":688,"s:1516:4:1516:Infinity":689,"s:1518:4:1518:Infinity":690,"s:1519:4:1519:Infinity":691,"s:1521:4:1521:Infinity":692,"s:1522:31:1522:Infinity":693,"s:1523:4:1523:Infinity":694,"f:1526:16:1526:29":79,"s:1527:18:1527:Infinity":695,"s:1528:24:1528:Infinity":696,"s:1529:20:1529:Infinity":697,"s:1530:21:1530:Infinity":698,"b:1532:4:1535:Infinity:undefined:undefined:undefined:undefined":209,"s:1532:4:1535:Infinity":699,"s:1533:35:1533:Infinity":700,"s:1534:6:1534:Infinity":701,"s:1537:18:1537:Infinity":702,"s:1538:18:1538:Infinity":703,"f:1538:35:1538:36":80,"s:1538:42:1538:58":704,"b:1540:4:1543:Infinity:undefined:undefined:undefined:undefined":210,"s:1540:4:1543:Infinity":705,"s:1541:35:1541:Infinity":706,"s:1542:6:1542:Infinity":707,"b:1545:4:1548:Infinity:undefined:undefined:undefined:undefined":211,"s:1545:4:1548:Infinity":708,"s:1546:35:1546:Infinity":709,"s:1547:6:1547:Infinity":710,"s:1550:10:1550:Infinity":711,"b:1551:4:1554:Infinity:undefined:undefined:undefined:undefined":212,"s:1551:4:1554:Infinity":712,"s:1552:35:1552:Infinity":713,"s:1553:6:1553:Infinity":714,"s:1556:18:1556:Infinity":715,"s:1557:4:1557:Infinity":716,"s:1559:4:1559:Infinity":717,"s:1560:4:1560:Infinity":718,"s:1562:4:1562:Infinity":719,"s:1563:33:1563:Infinity":720,"s:1564:4:1564:Infinity":721,"f:1567:16:1567:27":81,"s:1568:20:1568:Infinity":722,"s:1569:21:1569:Infinity":723,"s:1571:18:1571:Infinity":724,"b:1573:4:1580:Infinity:undefined:undefined:undefined:undefined":213,"s:1573:4:1580:Infinity":725,"b:1574:6:1577:Infinity:undefined:undefined:undefined:undefined":214,"s:1574:6:1577:Infinity":726,"s:1575:35:1575:Infinity":727,"s:1576:8:1576:Infinity":728,"s:1578:33:1578:Infinity":729,"s:1579:6:1579:Infinity":730,"s:1582:22:1582:Infinity":731,"b:1582:32:1582:42:1582:42:1582:Infinity":215,"s:1583:4:1583:Infinity":732,"f:1586:16:1586:27":82,"s:1587:36:1587:Infinity":733,"s:1588:4:1593:Infinity":734,"s:1589:20:1589:Infinity":735,"s:1590:6:1590:Infinity":736,"b:1590:19:1590:37:1590:37:1590:Infinity":216,"s:1595:18:1595:Infinity":737,"s:1596:21:1596:Infinity":738,"b:1596:21:1596:45:1596:45:1596:Infinity":217,"b:1598:4:1601:Infinity:undefined:undefined:undefined:undefined":218,"s:1598:4:1601:Infinity":739,"s:1599:33:1599:Infinity":740,"s:1600:6:1600:Infinity":741,"s:1603:4:1603:Infinity":742,"f:1606:16:1606:39":83,"s:1607:36:1607:Infinity":743,"s:1608:31:1613:Infinity":744,"s:1614:4:1614:Infinity":745,"f:1617:16:1617:39":84,"s:1618:25:1618:Infinity":746,"s:1619:31:1623:Infinity":747,"s:1624:4:1624:Infinity":748,"f:1627:16:1627:30":85,"s:1628:20:1628:Infinity":749,"b:1629:4:1632:Infinity:undefined:undefined:undefined:undefined":219,"s:1629:4:1632:Infinity":750,"s:1630:36:1630:Infinity":751,"s:1631:6:1631:Infinity":752,"s:1634:18:1634:Infinity":753,"s:1635:47:1635:Infinity":754,"b:1637:4:1640:Infinity:undefined:undefined:undefined:undefined":220,"s:1637:4:1640:Infinity":755,"s:1638:36:1638:Infinity":756,"s:1639:6:1639:Infinity":757,"s:1642:18:1642:Infinity":758,"b:1644:4:1662:Infinity:1652:4:1662:Infinity":221,"s:1644:4:1662:Infinity":759,"s:1645:20:1645:Infinity":760,"f:1645:37:1645:38":86,"s:1645:44:1645:60":761,"b:1646:6:1649:Infinity:undefined:undefined:undefined:undefined":222,"s:1646:6:1649:Infinity":762,"s:1647:38:1647:Infinity":763,"s:1648:8:1648:Infinity":764,"s:1650:6:1650:Infinity":765,"s:1651:6:1651:Infinity":766,"b:1652:4:1662:Infinity:1659:11:1662:Infinity":223,"s:1652:4:1662:Infinity":767,"s:1653:12:1653:Infinity":768,"b:1654:6:1657:Infinity:undefined:undefined:undefined:undefined":224,"s:1654:6:1657:Infinity":769,"s:1655:38:1655:Infinity":770,"s:1656:8:1656:Infinity":771,"s:1658:6:1658:Infinity":772,"s:1660:36:1660:Infinity":773,"s:1661:6:1661:Infinity":774,"s:1664:4:1664:Infinity":775,"s:1665:4:1665:Infinity":776,"s:1666:34:1666:Infinity":777,"s:1667:4:1667:Infinity":778,"f:1670:16:1670:31":87,"s:1671:20:1671:Infinity":779,"b:1672:4:1674:Infinity:undefined:undefined:undefined:undefined":225,"s:1672:4:1674:Infinity":780,"s:1673:6:1673:Infinity":781,"s:1676:18:1676:Infinity":782,"s:1677:37:1677:Infinity":783,"b:1679:4:1681:Infinity:undefined:undefined:undefined:undefined":226,"s:1679:4:1681:Infinity":784,"b:1679:8:1679:17:1679:17:1679:37":227,"s:1680:6:1680:Infinity":785,"b:1682:4:1684:Infinity:undefined:undefined:undefined:undefined":228,"s:1682:4:1684:Infinity":786,"s:1683:6:1683:Infinity":787,"s:1686:18:1686:Infinity":788,"s:1688:10:1696:Infinity":789,"b:1692:13:1692:22:1692:22:1692:Infinity":229,"s:1698:4:1698:Infinity":790,"s:1699:4:1699:Infinity":791,"s:1701:4:1701:Infinity":792,"s:1702:4:1702:Infinity":793,"f:1705:16:1705:29":88,"s:1707:21:1707:Infinity":794,"b:1708:4:1711:Infinity:undefined:undefined:undefined:undefined":230,"s:1708:4:1711:Infinity":795,"s:1709:40:1709:Infinity":796,"s:1710:6:1710:Infinity":797,"s:1713:16:1713:Infinity":798,"s:1714:18:1714:Infinity":799,"b:1716:4:1719:Infinity:undefined:undefined:undefined:undefined":231,"s:1716:4:1719:Infinity":800,"b:1716:8:1716:18:1716:18:1716:39":232,"s:1717:40:1717:Infinity":801,"s:1718:6:1718:Infinity":802,"s:1721:28:1721:Infinity":803,"s:1724:19:1724:Infinity":804,"b:1725:4:1728:Infinity:undefined:undefined:undefined:undefined":233,"s:1725:4:1728:Infinity":805,"b:1725:8:1725:18:1725:18:1725:49":234,"s:1726:40:1726:Infinity":806,"s:1727:6:1727:Infinity":807,"s:1730:4:1766:Infinity":808,"s:1731:23:1740:Infinity":809,"b:1742:6:1745:Infinity:undefined:undefined:undefined:undefined":235,"s:1742:6:1745:Infinity":810,"s:1743:42:1743:Infinity":811,"s:1744:8:1744:Infinity":812,"s:1747:28:1747:Infinity":813,"s:1748:12:1748:Infinity":814,"s:1751:6:1754:Infinity":815,"b:1757:6:1759:Infinity:undefined:undefined:undefined:undefined":236,"s:1757:6:1759:Infinity":816,"s:1758:8:1758:Infinity":817,"s:1761:40:1761:Infinity":818,"s:1762:6:1762:Infinity":819,"s:1764:40:1764:Infinity":820,"s:1765:6:1765:Infinity":821,"f:1769:10:1769:37":89,"s:1770:16:1770:Infinity":822,"s:1771:4:1775:Infinity":823,"b:1772:6:1774:Infinity:undefined:undefined:undefined:undefined":237,"s:1772:6:1774:Infinity":824,"s:1773:8:1773:Infinity":825,"f:1778:16:1778:29":90,"s:1779:18:1779:Infinity":826,"s:1780:55:1780:Infinity":827,"b:1782:4:1784:Infinity:undefined:undefined:undefined:undefined":238,"s:1782:4:1784:Infinity":828,"s:1783:6:1783:Infinity":829,"s:1787:25:1787:Infinity":830,"b:1788:4:1790:Infinity:undefined:undefined:undefined:undefined":239,"s:1788:4:1790:Infinity":831,"b:1788:8:1788:41:1788:41:1788:68:1788:68:1788:99":240,"s:1789:6:1789:Infinity":832,"s:1793:26:1793:Infinity":833,"s:1794:4:1794:Infinity":834,"b:1795:4:1797:Infinity:undefined:undefined:undefined:undefined":241,"s:1795:4:1797:Infinity":835,"s:1796:6:1796:Infinity":836,"s:1799:4:1799:Infinity":837,"s:1800:4:1800:Infinity":838,"f:1807:16:1807:33":91,"b:1808:4:1810:Infinity:undefined:undefined:undefined:undefined":242,"s:1808:4:1810:Infinity":839,"b:1808:8:1808:17:1808:17:1808:37":243,"s:1809:6:1809:Infinity":840,"s:1812:25:1812:Infinity":841,"s:1813:10:1813:Infinity":842,"s:1814:10:1814:Infinity":843,"s:1815:21:1815:Infinity":844,"s:1817:4:1823:Infinity":845,"f:1826:16:1826:38":92,"s:1827:16:1827:Infinity":846,"s:1828:23:1828:Infinity":847,"s:1829:18:1829:Infinity":848,"b:1829:39:1829:75:1829:75:1829:77":244,"b:1829:48:1829:62:1829:62:1829:68":245,"s:1832:25:1832:Infinity":849,"s:1833:10:1833:Infinity":850,"s:1835:39:1835:Infinity":851,"s:1836:4:1836:Infinity":852,"f:1839:16:1839:28":93,"s:1840:18:1840:Infinity":853,"s:1841:26:1841:Infinity":854,"b:1843:4:1846:Infinity:undefined:undefined:undefined:undefined":246,"s:1843:4:1846:Infinity":855,"b:1843:8:1843:17:1843:17:1843:37":247,"s:1844:34:1844:Infinity":856,"s:1845:6:1845:Infinity":857,"b:1847:4:1850:Infinity:undefined:undefined:undefined:undefined":248,"s:1847:4:1850:Infinity":858,"b:1847:8:1847:16:1847:16:1847:34":249,"s:1848:34:1848:Infinity":859,"s:1849:6:1849:Infinity":860,"s:1852:24:1852:Infinity":861,"s:1855:21:1855:Infinity":862,"b:1856:4:1859:Infinity:undefined:undefined:undefined:undefined":250,"s:1856:4:1859:Infinity":863,"s:1857:34:1857:Infinity":864,"s:1858:6:1858:Infinity":865,"s:1862:10:1862:Infinity":866,"s:1863:20:1863:Infinity":867,"s:1864:31:1869:Infinity":868,"s:1871:4:1871:Infinity":869,"s:1873:32:1873:Infinity":870,"s:1874:4:1874:Infinity":871,"f:1877:16:1877:29":94,"s:1878:18:1878:Infinity":872,"s:1879:26:1879:Infinity":873,"b:1881:4:1884:Infinity:undefined:undefined:undefined:undefined":251,"s:1881:4:1884:Infinity":874,"b:1881:8:1881:17:1881:17:1881:37":252,"s:1882:35:1882:Infinity":875,"s:1883:6:1883:Infinity":876,"b:1885:4:1888:Infinity:undefined:undefined:undefined:undefined":253,"s:1885:4:1888:Infinity":877,"s:1886:35:1886:Infinity":878,"s:1887:6:1887:Infinity":879,"s:1890:24:1890:Infinity":880,"s:1892:21:1892:Infinity":881,"b:1893:4:1896:Infinity:undefined:undefined:undefined:undefined":254,"s:1893:4:1896:Infinity":882,"s:1894:35:1894:Infinity":883,"s:1895:6:1895:Infinity":884,"s:1898:18:1898:Infinity":885,"b:1899:4:1902:Infinity:undefined:undefined:undefined:undefined":255,"s:1899:4:1902:Infinity":886,"s:1900:35:1900:Infinity":887,"s:1901:6:1901:Infinity":888,"s:1904:33:1904:Infinity":889,"s:1905:4:1905:Infinity":890,"f:1908:16:1908:34":95,"b:1909:4:1911:Infinity:undefined:undefined:undefined:undefined":256,"s:1909:4:1911:Infinity":891,"b:1909:8:1909:17:1909:17:1909:37":257,"s:1910:6:1910:Infinity":892,"s:1913:21:1913:Infinity":893,"s:1914:4:1914:Infinity":894,"f:1921:16:1921:53":96,"s:1922:19:1922:Infinity":895,"b:1923:4:1926:Infinity:undefined:undefined:undefined:undefined":258,"s:1923:4:1926:Infinity":896,"s:1924:38:1924:Infinity":897,"s:1925:6:1925:Infinity":898,"s:1927:36:1927:Infinity":899,"s:1928:4:1928:Infinity":900,"f:1931:16:1931:33":97,"s:1932:18:1932:Infinity":901,"s:1937:41:1937:Infinity":902,"b:1939:4:1942:Infinity:undefined:undefined:undefined:undefined":259,"s:1939:4:1942:Infinity":903,"s:1940:39:1940:Infinity":904,"s:1941:6:1941:Infinity":905,"b:1945:4:1951:Infinity:undefined:undefined:undefined:undefined":260,"s:1945:4:1951:Infinity":906,"s:1946:39:1949:Infinity":907,"s:1950:6:1950:Infinity":908,"s:1954:21:1954:Infinity":909,"b:1955:4:1961:Infinity:undefined:undefined:undefined:undefined":261,"s:1955:4:1961:Infinity":910,"s:1956:39:1959:Infinity":911,"s:1960:6:1960:Infinity":912,"b:1964:4:1967:Infinity:undefined:undefined:undefined:undefined":262,"s:1964:4:1967:Infinity":913,"b:1964:8:1964:16:1964:16:1964:34":263,"s:1965:39:1965:Infinity":914,"s:1966:6:1966:Infinity":915,"s:1970:27:1970:Infinity":916,"b:1971:4:1974:Infinity:undefined:undefined:undefined:undefined":264,"s:1971:4:1974:Infinity":917,"s:1972:39:1972:Infinity":918,"s:1973:6:1973:Infinity":919,"s:1977:31:1987:Infinity":920,"b:1979:19:1979:42:1979:42:1979:Infinity":265,"s:1990:10:1990:Infinity":921,"s:1991:20:1991:Infinity":922,"s:1992:29:1996:Infinity":923,"s:1998:4:1998:Infinity":924,"s:1999:4:1999:Infinity":925,"s:2001:37:2001:Infinity":926,"s:2002:4:2002:Infinity":927,"f:2005:16:2005:53":98,"s:2006:19:2006:Infinity":928,"b:2007:4:2009:Infinity:undefined:undefined:undefined:undefined":266,"s:2007:4:2009:Infinity":929,"s:2008:6:2008:Infinity":930,"s:2010:4:2010:Infinity":931,"f:2013:16:2013:32":99,"s:2015:20:2015:Infinity":932,"b:2016:4:2019:Infinity:undefined:undefined:undefined:undefined":267,"s:2016:4:2019:Infinity":933,"s:2017:38:2017:Infinity":934,"s:2018:6:2018:Infinity":935,"s:2021:19:2021:Infinity":936,"b:2022:4:2025:Infinity:undefined:undefined:undefined:undefined":268,"s:2022:4:2025:Infinity":937,"s:2023:38:2023:Infinity":938,"s:2024:6:2024:Infinity":939,"s:2027:18:2027:Infinity":940,"s:2028:29:2028:Infinity":941,"s:2030:25:2030:Infinity":942,"s:2031:22:2031:Infinity":943,"s:2032:24:2032:Infinity":944,"b:2034:4:2037:Infinity:undefined:undefined:undefined:undefined":269,"s:2034:4:2037:Infinity":945,"b:2034:8:2034:16:2034:16:2034:38":270,"s:2035:6:2035:Infinity":946,"s:2036:6:2036:Infinity":947,"b:2039:4:2045:Infinity:undefined:undefined:undefined:undefined":271,"s:2039:4:2045:Infinity":948,"s:2040:21:2040:Infinity":949,"b:2040:53:2040:70:2040:70:2040:75":272,"b:2041:6:2044:Infinity:undefined:undefined:undefined:undefined":273,"s:2041:6:2044:Infinity":950,"b:2041:10:2041:28:2041:28:2041:78":274,"s:2042:8:2042:Infinity":951,"s:2043:8:2043:Infinity":952,"b:2047:4:2066:Infinity:undefined:undefined:undefined:undefined":275,"s:2047:4:2066:Infinity":953,"b:2047:8:2047:23:2047:23:2047:38":276,"s:2048:6:2048:Infinity":954,"b:2050:6:2065:Infinity:undefined:undefined:undefined:undefined":277,"s:2050:6:2065:Infinity":955,"b:2052:8:2064:Infinity:2057:8:2064:Infinity":278,"s:2052:8:2064:Infinity":956,"b:2052:12:2052:41:2052:41:2052:69":279,"s:2053:24:2053:Infinity":957,"s:2054:10:2054:Infinity":958,"s:2055:10:2055:Infinity":959,"s:2056:10:2056:Infinity":960,"b:2057:8:2064:Infinity:undefined:undefined:undefined:undefined":280,"s:2057:8:2064:Infinity":961,"b:2059:17:2059:46:2059:46:2059:74":281,"s:2060:24:2060:Infinity":962,"s:2061:10:2061:Infinity":963,"s:2062:10:2062:Infinity":964,"s:2063:10:2063:Infinity":965,"s:2068:36:2068:Infinity":966,"s:2069:4:2069:Infinity":967,"f:2072:16:2072:34":100,"s:2074:21:2074:Infinity":968,"b:2075:4:2078:Infinity:undefined:undefined:undefined:undefined":282,"s:2075:4:2078:Infinity":969,"s:2076:40:2076:Infinity":970,"s:2077:6:2077:Infinity":971,"s:2080:18:2080:Infinity":972,"s:2081:20:2081:Infinity":973,"b:2083:4:2086:Infinity:undefined:undefined:undefined:undefined":283,"s:2083:4:2086:Infinity":974,"s:2084:40:2084:Infinity":975,"s:2085:6:2085:Infinity":976,"s:2088:18:2088:Infinity":977,"b:2089:4:2092:Infinity:undefined:undefined:undefined:undefined":284,"s:2089:4:2092:Infinity":978,"s:2090:40:2090:Infinity":979,"s:2091:6:2091:Infinity":980,"s:2094:18:2094:Infinity":981,"b:2095:4:2098:Infinity:undefined:undefined:undefined:undefined":285,"s:2095:4:2098:Infinity":982,"s:2096:40:2096:Infinity":983,"s:2097:6:2097:Infinity":984,"s:2101:4:2101:Infinity":985,"s:2103:20:2103:Infinity":986,"s:2104:38:2104:Infinity":987,"s:2105:4:2105:Infinity":988,"f:2112:16:2112:35":101,"b:2113:4:2113:Infinity:undefined:undefined:undefined:undefined":286,"s:2113:4:2113:Infinity":989,"s:2113:19:2113:Infinity":990,"s:2115:10:2115:Infinity":991,"b:2116:4:2116:Infinity:undefined:undefined:undefined:undefined":287,"s:2116:4:2116:Infinity":992,"s:2116:16:2116:Infinity":993,"s:2118:20:2118:Infinity":994,"b:2119:4:2119:Infinity:undefined:undefined:undefined:undefined":288,"s:2119:4:2119:Infinity":995,"s:2119:18:2119:Infinity":996,"s:2121:4:2121:Infinity":997,"f:2124:16:2124:33":102,"s:2125:17:2125:Infinity":998,"b:2126:4:2129:Infinity:undefined:undefined:undefined:undefined":289,"s:2126:4:2129:Infinity":999,"s:2127:39:2127:Infinity":1000,"s:2128:6:2128:Infinity":1001,"s:2131:18:2131:Infinity":1002,"s:2132:18:2132:Infinity":1003,"s:2133:20:2133:Infinity":1004,"b:2133:20:2133:73:2133:73:2133:Infinity":290,"f:2133:37:2133:38":103,"s:2133:44:2133:68":1005,"s:2135:37:2135:Infinity":1006,"s:2136:4:2136:Infinity":1007,"f:2139:16:2139:33":104,"s:2140:17:2140:Infinity":1008,"b:2141:4:2144:Infinity:undefined:undefined:undefined:undefined":291,"s:2141:4:2144:Infinity":1009,"s:2142:39:2142:Infinity":1010,"s:2143:6:2143:Infinity":1011,"s:2146:18:2146:Infinity":1012,"s:2147:31:2147:Infinity":1013,"b:2149:4:2152:Infinity:undefined:undefined:undefined:undefined":292,"s:2149:4:2152:Infinity":1014,"b:2149:8:2149:20:2149:20:2149:28":293,"s:2150:39:2150:Infinity":1015,"s:2151:6:2151:Infinity":1016,"s:2154:18:2154:Infinity":1017,"b:2157:4:2178:Infinity:undefined:undefined:undefined:undefined":294,"s:2157:4:2178:Infinity":1018,"s:2158:12:2166:Infinity":1019,"s:2167:6:2167:Infinity":1020,"s:2169:6:2169:Infinity":1021,"s:2170:6:2170:Infinity":1022,"s:2171:6:2171:Infinity":1023,"s:2173:23:2173:Infinity":1024,"f:2173:45:2173:46":105,"s:2173:52:2173:69":1025,"s:2174:6:2174:Infinity":1026,"s:2176:39:2176:Infinity":1027,"s:2177:6:2177:Infinity":1028,"s:2181:18:2181:Infinity":1029,"s:2182:20:2182:Infinity":1030,"b:2184:4:2187:Infinity:undefined:undefined:undefined:undefined":295,"s:2184:4:2187:Infinity":1031,"s:2185:39:2185:Infinity":1032,"s:2186:6:2186:Infinity":1033,"s:2189:10:2195:Infinity":1034,"s:2197:4:2197:Infinity":1035,"s:2198:4:2198:Infinity":1036,"s:2200:4:2200:Infinity":1037,"s:2202:37:2202:Infinity":1038,"s:2203:4:2203:Infinity":1039,"f:2206:16:2206:38":106,"s:2207:17:2207:Infinity":1040,"b:2208:4:2211:Infinity:undefined:undefined:undefined:undefined":296,"s:2208:4:2211:Infinity":1041,"s:2209:44:2209:Infinity":1042,"s:2210:6:2210:Infinity":1043,"s:2213:18:2213:Infinity":1044,"s:2214:23:2214:Infinity":1045,"b:2216:4:2219:Infinity:undefined:undefined:undefined:undefined":297,"s:2216:4:2219:Infinity":1046,"s:2217:44:2217:Infinity":1047,"s:2218:6:2218:Infinity":1048,"s:2221:18:2221:Infinity":1049,"s:2222:21:2222:Infinity":1050,"f:2222:34:2222:35":107,"s:2222:41:2222:56":1051,"b:2224:4:2227:Infinity:undefined:undefined:undefined:undefined":298,"s:2224:4:2227:Infinity":1052,"s:2225:44:2225:Infinity":1053,"s:2226:6:2226:Infinity":1054,"s:2229:4:2229:Infinity":1055,"s:2230:4:2230:Infinity":1056,"s:2232:42:2232:Infinity":1057,"s:2233:4:2233:Infinity":1058,"f:2236:16:2236:35":108,"s:2237:17:2237:Infinity":1059,"b:2238:4:2241:Infinity:undefined:undefined:undefined:undefined":299,"s:2238:4:2241:Infinity":1060,"s:2239:41:2239:Infinity":1061,"s:2240:6:2240:Infinity":1062,"s:2243:18:2243:Infinity":1063,"s:2244:24:2244:Infinity":1064,"b:2246:4:2249:Infinity:undefined:undefined:undefined:undefined":300,"s:2246:4:2249:Infinity":1065,"b:2246:8:2246:20:2246:20:2246:45":301,"s:2247:41:2247:Infinity":1066,"s:2248:6:2248:Infinity":1067,"s:2251:18:2251:Infinity":1068,"s:2252:21:2252:Infinity":1069,"f:2252:39:2252:40":109,"s:2252:46:2252:55":1070,"s:2253:36:2253:Infinity":1071,"s:2255:4:2261:Infinity":1072,"s:2256:19:2256:Infinity":1073,"b:2257:6:2260:Infinity:undefined:undefined:undefined:undefined":302,"s:2257:6:2260:Infinity":1074,"s:2258:8:2258:Infinity":1075,"s:2259:8:2259:Infinity":1076,"s:2264:4:2266:Infinity":1077,"s:2265:6:2265:Infinity":1078,"s:2268:4:2268:Infinity":1079,"s:2269:4:2269:Infinity":1080,"s:2271:39:2271:Infinity":1081,"s:2272:4:2272:Infinity":1082}}}
,"/Users/adimov/context/karaoke/worker/src/views/generated/admin.ts": {"path":"/Users/adimov/context/karaoke/worker/src/views/generated/admin.ts","statementMap":{"0":{"start":{"line":4,"column":26},"end":{"line":4,"column":null}}},"fnMap":{},"branchMap":{},"s":{"0":0},"f":{},"b":{},"meta":{"lastBranch":0,"lastFunction":0,"lastStatement":1,"seen":{"s:4:26:4:Infinity":0}}}
,"/Users/adimov/context/karaoke/worker/src/views/generated/guest.ts": {"path":"/Users/adimov/context/karaoke/worker/src/views/generated/guest.ts","statementMap":{"0":{"start":{"line":4,"column":26},"end":{"line":4,"column":null}}},"fnMap":{},"branchMap":{},"s":{"0":0},"f":{},"b":{},"meta":{"lastBranch":0,"lastFunction":0,"lastStatement":1,"seen":{"s:4:26:4:Infinity":0}}}
,"/Users/adimov/context/karaoke/worker/src/views/generated/index.ts": {"path":"/Users/adimov/context/karaoke/worker/src/views/generated/index.ts","statementMap":{},"fnMap":{},"branchMap":{},"s":{},"f":{},"b":{},"meta":{"lastBranch":0,"lastFunction":0,"lastStatement":0,"seen":{}}}
,"/Users/adimov/context/karaoke/worker/src/views/generated/landing.ts": {"path":"/Users/adimov/context/karaoke/worker/src/views/generated/landing.ts","statementMap":{"0":{"start":{"line":4,"column":28},"end":{"line":4,"column":null}}},"fnMap":{},"branchMap":{},"s":{"0":0},"f":{},"b":{},"meta":{"lastBranch":0,"lastFunction":0,"lastStatement":1,"seen":{"s:4:28:4:Infinity":0}}}
,"/Users/adimov/context/karaoke/worker/src/views/generated/player.ts": {"path":"/Users/adimov/context/karaoke/worker/src/views/generated/player.ts","statementMap":{"0":{"start":{"line":4,"column":27},"end":{"line":4,"column":null}}},"fnMap":{},"branchMap":{},"s":{"0":0},"f":{},"b":{},"meta":{"lastBranch":0,"lastFunction":0,"lastStatement":1,"seen":{"s:4:27:4:Infinity":0}}}
}
