{"/Users/adimov/context/karaoke/packages/domain/src/identity.ts": {"path":"/Users/adimov/context/karaoke/packages/domain/src/identity.ts","statementMap":{"0":{"start":{"line":6,"column":16},"end":{"line":6,"column":null}},"1":{"start":{"line":7,"column":2},"end":{"line":7,"column":null}},"2":{"start":{"line":8,"column":2},"end":{"line":10,"column":null}},"3":{"start":{"line":9,"column":16},"end":{"line":9,"column":47}},"4":{"start":{"line":18,"column":18},"end":{"line":18,"column":null}},"5":{"start":{"line":19,"column":15},"end":{"line":19,"column":null}},"6":{"start":{"line":20,"column":21},"end":{"line":20,"column":null}},"7":{"start":{"line":21,"column":20},"end":{"line":21,"column":null}},"8":{"start":{"line":22,"column":2},"end":{"line":22,"column":null}},"9":{"start":{"line":22,"column":30},"end":{"line":22,"column":61}},"10":{"start":{"line":33,"column":23},"end":{"line":33,"column":null}},"11":{"start":{"line":34,"column":2},"end":{"line":34,"column":null}},"12":{"start":{"line":41,"column":2},"end":{"line":41,"column":null}},"13":{"start":{"line":48,"column":2},"end":{"line":48,"column":null}}},"fnMap":{"0":{"name":"generateSalt","decl":{"start":{"line":5,"column":16},"end":{"line":5,"column":39}},"loc":{"start":{"line":5,"column":39},"end":{"line":11,"column":null}},"line":5},"1":{"name":"(anonymous_1)","decl":{"start":{"line":9,"column":9},"end":{"line":9,"column":10}},"loc":{"start":{"line":9,"column":16},"end":{"line":9,"column":47}},"line":9},"2":{"name":"hashPin","decl":{"start":{"line":17,"column":22},"end":{"line":17,"column":30}},"loc":{"start":{"line":17,"column":74},"end":{"line":23,"column":null}},"line":17},"3":{"name":"(anonymous_3)","decl":{"start":{"line":22,"column":23},"end":{"line":22,"column":24}},"loc":{"start":{"line":22,"column":30},"end":{"line":22,"column":61}},"line":22},"4":{"name":"verifyPin","decl":{"start":{"line":28,"column":22},"end":{"line":28,"column":null}},"loc":{"start":{"line":32,"column":20},"end":{"line":35,"column":null}},"line":32},"5":{"name":"isValidPin","decl":{"start":{"line":40,"column":16},"end":{"line":40,"column":27}},"loc":{"start":{"line":40,"column":49},"end":{"line":42,"column":null}},"line":40},"6":{"name":"normalizeName","decl":{"start":{"line":47,"column":16},"end":{"line":47,"column":30}},"loc":{"start":{"line":47,"column":52},"end":{"line":49,"column":null}},"line":47}},"branchMap":{},"s":{"0":5,"1":5,"2":5,"3":80,"4":16,"5":16,"6":16,"7":16,"8":16,"9":512,"10":5,"11":5,"12":12,"13":6},"f":{"0":5,"1":80,"2":16,"3":512,"4":5,"5":12,"6":6},"b":{},"meta":{"lastBranch":0,"lastFunction":7,"lastStatement":14,"seen":{"f:5:16:5:39":0,"s:6:16:6:Infinity":0,"s:7:2:7:Infinity":1,"s:8:2:10:Infinity":2,"f:9:9:9:10":1,"s:9:16:9:47":3,"f:17:22:17:30":2,"s:18:18:18:Infinity":4,"s:19:15:19:Infinity":5,"s:20:21:20:Infinity":6,"s:21:20:21:Infinity":7,"s:22:2:22:Infinity":8,"f:22:23:22:24":3,"s:22:30:22:61":9,"f:28:22:28:Infinity":4,"s:33:23:33:Infinity":10,"s:34:2:34:Infinity":11,"f:40:16:40:27":5,"s:41:2:41:Infinity":12,"f:47:16:47:30":6,"s:48:2:48:Infinity":13}}}
,"/Users/adimov/context/karaoke/packages/domain/src/index.ts": {"path":"/Users/adimov/context/karaoke/packages/domain/src/index.ts","statementMap":{},"fnMap":{},"branchMap":{},"s":{},"f":{},"b":{},"meta":{"lastBranch":0,"lastFunction":0,"lastStatement":0,"seen":{}}}
,"/Users/adimov/context/karaoke/packages/domain/src/performances.ts": {"path":"/Users/adimov/context/karaoke/packages/domain/src/performances.ts","statementMap":{"0":{"start":{"line":13,"column":2},"end":{"line":21,"column":null}},"1":{"start":{"line":32,"column":17},"end":{"line":32,"column":null}},"2":{"start":{"line":34,"column":2},"end":{"line":41,"column":null}},"3":{"start":{"line":35,"column":21},"end":{"line":35,"column":null}},"4":{"start":{"line":36,"column":4},"end":{"line":40,"column":null}},"5":{"start":{"line":37,"column":6},"end":{"line":37,"column":null}},"6":{"start":{"line":39,"column":6},"end":{"line":39,"column":null}},"7":{"start":{"line":43,"column":2},"end":{"line":45,"column":null}},"8":{"start":{"line":44,"column":20},"end":{"line":44,"column":45}},"9":{"start":{"line":55,"column":20},"end":{"line":55,"column":null}},"10":{"start":{"line":56,"column":2},"end":{"line":58,"column":null}},"11":{"start":{"line":57,"column":11},"end":{"line":57,"column":null}},"12":{"start":{"line":68,"column":20},"end":{"line":68,"column":null}},"13":{"start":{"line":69,"column":2},"end":{"line":71,"column":null}},"14":{"start":{"line":70,"column":19},"end":{"line":70,"column":53}},"15":{"start":{"line":71,"column":20},"end":{"line":71,"column":49}},"16":{"start":{"line":81,"column":20},"end":{"line":81,"column":null}},"17":{"start":{"line":82,"column":27},"end":{"line":84,"column":null}},"18":{"start":{"line":83,"column":11},"end":{"line":83,"column":null}},"19":{"start":{"line":86,"column":2},"end":{"line":90,"column":null}},"20":{"start":{"line":88,"column":52},"end":{"line":88,"column":67}},"21":{"start":{"line":89,"column":51},"end":{"line":89,"column":81}}},"fnMap":{"0":{"name":"createPerformance","decl":{"start":{"line":7,"column":16},"end":{"line":7,"column":null}},"loc":{"start":{"line":12,"column":15},"end":{"line":22,"column":null}},"line":12},"1":{"name":"getPopularSongs","decl":{"start":{"line":28,"column":16},"end":{"line":28,"column":null}},"loc":{"start":{"line":31,"column":15},"end":{"line":46,"column":null}},"line":31},"2":{"name":"(anonymous_2)","decl":{"start":{"line":44,"column":10},"end":{"line":44,"column":11}},"loc":{"start":{"line":44,"column":20},"end":{"line":44,"column":45}},"line":44},"3":{"name":"isFirstPerformance","decl":{"start":{"line":51,"column":16},"end":{"line":51,"column":null}},"loc":{"start":{"line":54,"column":11},"end":{"line":59,"column":null}},"line":54},"4":{"name":"(anonymous_4)","decl":{"start":{"line":57,"column":4},"end":{"line":57,"column":5}},"loc":{"start":{"line":57,"column":11},"end":{"line":57,"column":null}},"line":57},"5":{"name":"getPerformanceHistory","decl":{"start":{"line":64,"column":16},"end":{"line":64,"column":null}},"loc":{"start":{"line":67,"column":17},"end":{"line":72,"column":null}},"line":67},"6":{"name":"(anonymous_6)","decl":{"start":{"line":70,"column":12},"end":{"line":70,"column":13}},"loc":{"start":{"line":70,"column":19},"end":{"line":70,"column":53}},"line":70},"7":{"name":"(anonymous_7)","decl":{"start":{"line":71,"column":10},"end":{"line":71,"column":11}},"loc":{"start":{"line":71,"column":20},"end":{"line":71,"column":49}},"line":71},"8":{"name":"calculateSingerStats","decl":{"start":{"line":77,"column":16},"end":{"line":77,"column":null}},"loc":{"start":{"line":80,"column":70},"end":{"line":91,"column":null}},"line":80},"9":{"name":"(anonymous_9)","decl":{"start":{"line":83,"column":4},"end":{"line":83,"column":5}},"loc":{"start":{"line":83,"column":11},"end":{"line":83,"column":null}},"line":83},"10":{"name":"(anonymous_10)","decl":{"start":{"line":88,"column":40},"end":{"line":88,"column":41}},"loc":{"start":{"line":88,"column":52},"end":{"line":88,"column":67}},"line":88},"11":{"name":"(anonymous_11)","decl":{"start":{"line":89,"column":44},"end":{"line":89,"column":45}},"loc":{"start":{"line":89,"column":51},"end":{"line":89,"column":81}},"line":89}},"branchMap":{"0":{"loc":{"start":{"line":36,"column":4},"end":{"line":40,"column":null}},"type":"if","locations":[{"start":{"line":36,"column":4},"end":{"line":40,"column":null}},{"start":{"line":38,"column":11},"end":{"line":40,"column":null}}],"line":36},"1":{"loc":{"start":{"line":57,"column":11},"end":{"line":57,"column":null}},"type":"binary-expr","locations":[{"start":{"line":57,"column":11},"end":{"line":57,"column":49}},{"start":{"line":57,"column":49},"end":{"line":57,"column":null}}],"line":57}},"s":{"0":4,"1":6,"2":6,"3":17,"4":17,"5":5,"6":12,"7":6,"8":10,"9":7,"10":7,"11":8,"12":5,"13":5,"14":11,"15":7,"16":5,"17":5,"18":12,"19":5,"20":11,"21":11},"f":{"0":4,"1":6,"2":10,"3":7,"4":8,"5":5,"6":11,"7":7,"8":5,"9":12,"10":11,"11":11},"b":{"0":[5,12],"1":[8,7]},"meta":{"lastBranch":2,"lastFunction":12,"lastStatement":22,"seen":{"f:7:16:7:Infinity":0,"s:13:2:21:Infinity":0,"f:28:16:28:Infinity":1,"s:32:17:32:Infinity":1,"s:34:2:41:Infinity":2,"s:35:21:35:Infinity":3,"b:36:4:40:Infinity:38:11:40:Infinity":0,"s:36:4:40:Infinity":4,"s:37:6:37:Infinity":5,"s:39:6:39:Infinity":6,"s:43:2:45:Infinity":7,"f:44:10:44:11":2,"s:44:20:44:45":8,"f:51:16:51:Infinity":3,"s:55:20:55:Infinity":9,"s:56:2:58:Infinity":10,"f:57:4:57:5":4,"s:57:11:57:Infinity":11,"b:57:11:57:49:57:49:57:Infinity":1,"f:64:16:64:Infinity":5,"s:68:20:68:Infinity":12,"s:69:2:71:Infinity":13,"f:70:12:70:13":6,"s:70:19:70:53":14,"f:71:10:71:11":7,"s:71:20:71:49":15,"f:77:16:77:Infinity":8,"s:81:20:81:Infinity":16,"s:82:27:84:Infinity":17,"f:83:4:83:5":9,"s:83:11:83:Infinity":18,"s:86:2:90:Infinity":19,"f:88:40:88:41":10,"s:88:52:88:67":20,"f:89:44:89:45":11,"s:89:51:89:81":21}}}
,"/Users/adimov/context/karaoke/packages/domain/src/queue.ts": {"path":"/Users/adimov/context/karaoke/packages/domain/src/queue.ts","statementMap":{"0":{"start":{"line":10,"column":2},"end":{"line":14,"column":null}},"1":{"start":{"line":11,"column":4},"end":{"line":11,"column":null}},"2":{"start":{"line":11,"column":29},"end":{"line":11,"column":null}},"3":{"start":{"line":12,"column":4},"end":{"line":12,"column":null}},"4":{"start":{"line":12,"column":29},"end":{"line":12,"column":null}},"5":{"start":{"line":13,"column":4},"end":{"line":13,"column":null}},"6":{"start":{"line":22,"column":2},"end":{"line":24,"column":null}},"7":{"start":{"line":23,"column":4},"end":{"line":23,"column":null}},"8":{"start":{"line":25,"column":2},"end":{"line":25,"column":null}},"9":{"start":{"line":41,"column":2},"end":{"line":50,"column":null}},"10":{"start":{"line":61,"column":22},"end":{"line":61,"column":null}},"11":{"start":{"line":64,"column":2},"end":{"line":66,"column":null}},"12":{"start":{"line":64,"column":30},"end":{"line":64,"column":66}},"13":{"start":{"line":65,"column":4},"end":{"line":65,"column":null}},"14":{"start":{"line":69,"column":2},"end":{"line":74,"column":null}},"15":{"start":{"line":73,"column":4},"end":{"line":73,"column":null}},"16":{"start":{"line":76,"column":2},"end":{"line":76,"column":null}},"17":{"start":{"line":89,"column":21},"end":{"line":89,"column":null}},"18":{"start":{"line":90,"column":23},"end":{"line":90,"column":null}},"19":{"start":{"line":93,"column":23},"end":{"line":93,"column":null}},"20":{"start":{"line":96,"column":26},"end":{"line":99,"column":null}},"21":{"start":{"line":102,"column":24},"end":{"line":102,"column":null}},"22":{"start":{"line":103,"column":2},"end":{"line":107,"column":null}},"23":{"start":{"line":104,"column":4},"end":{"line":104,"column":null}},"24":{"start":{"line":106,"column":4},"end":{"line":106,"column":null}},"25":{"start":{"line":109,"column":31},"end":{"line":112,"column":null}},"26":{"start":{"line":114,"column":2},"end":{"line":114,"column":null}},"27":{"start":{"line":125,"column":20},"end":{"line":125,"column":null}},"28":{"start":{"line":126,"column":19},"end":{"line":126,"column":null}},"29":{"start":{"line":127,"column":21},"end":{"line":127,"column":null}},"30":{"start":{"line":129,"column":2},"end":{"line":136,"column":null}},"31":{"start":{"line":147,"column":21},"end":{"line":147,"column":null}},"32":{"start":{"line":147,"column":50},"end":{"line":147,"column":66}},"33":{"start":{"line":148,"column":2},"end":{"line":148,"column":null}},"34":{"start":{"line":148,"column":25},"end":{"line":148,"column":null}},"35":{"start":{"line":150,"column":19},"end":{"line":150,"column":null}},"36":{"start":{"line":151,"column":2},"end":{"line":151,"column":null}},"37":{"start":{"line":153,"column":2},"end":{"line":156,"column":null}},"38":{"start":{"line":167,"column":2},"end":{"line":167,"column":null}},"39":{"start":{"line":167,"column":15},"end":{"line":167,"column":null}},"40":{"start":{"line":168,"column":2},"end":{"line":168,"column":null}},"41":{"start":{"line":168,"column":17},"end":{"line":168,"column":null}},"42":{"start":{"line":169,"column":2},"end":{"line":169,"column":null}},"43":{"start":{"line":180,"column":2},"end":{"line":180,"column":null}},"44":{"start":{"line":180,"column":19},"end":{"line":180,"column":null}},"45":{"start":{"line":181,"column":2},"end":{"line":181,"column":null}},"46":{"start":{"line":181,"column":15},"end":{"line":181,"column":null}},"47":{"start":{"line":182,"column":2},"end":{"line":182,"column":null}},"48":{"start":{"line":182,"column":17},"end":{"line":182,"column":null}},"49":{"start":{"line":183,"column":2},"end":{"line":183,"column":null}},"50":{"start":{"line":196,"column":21},"end":{"line":196,"column":null}},"51":{"start":{"line":196,"column":44},"end":{"line":196,"column":60}},"52":{"start":{"line":197,"column":2},"end":{"line":197,"column":null}},"53":{"start":{"line":197,"column":25},"end":{"line":197,"column":null}},"54":{"start":{"line":199,"column":19},"end":{"line":199,"column":null}},"55":{"start":{"line":200,"column":16},"end":{"line":200,"column":null}},"56":{"start":{"line":201,"column":2},"end":{"line":201,"column":null}},"57":{"start":{"line":203,"column":22},"end":{"line":203,"column":null}},"58":{"start":{"line":204,"column":2},"end":{"line":204,"column":null}},"59":{"start":{"line":207,"column":2},"end":{"line":219,"column":null}},"60":{"start":{"line":208,"column":22},"end":{"line":208,"column":null}},"61":{"start":{"line":209,"column":4},"end":{"line":212,"column":null}},"62":{"start":{"line":210,"column":6},"end":{"line":210,"column":null}},"63":{"start":{"line":211,"column":6},"end":{"line":211,"column":null}},"64":{"start":{"line":213,"column":2},"end":{"line":219,"column":null}},"65":{"start":{"line":214,"column":22},"end":{"line":214,"column":null}},"66":{"start":{"line":215,"column":4},"end":{"line":218,"column":null}},"67":{"start":{"line":216,"column":6},"end":{"line":216,"column":null}},"68":{"start":{"line":217,"column":6},"end":{"line":217,"column":null}},"69":{"start":{"line":221,"column":2},"end":{"line":221,"column":null}}},"fnMap":{"0":{"name":"sortQueue","decl":{"start":{"line":7,"column":16},"end":{"line":7,"column":null}},"loc":{"start":{"line":9,"column":7},"end":{"line":15,"column":null}},"line":9},"1":{"name":"(anonymous_1)","decl":{"start":{"line":10,"column":25},"end":{"line":10,"column":26}},"loc":{"start":{"line":10,"column":35},"end":{"line":14,"column":3}},"line":10},"2":{"name":"generateId","decl":{"start":{"line":21,"column":16},"end":{"line":21,"column":37}},"loc":{"start":{"line":21,"column":37},"end":{"line":26,"column":null}},"line":21},"3":{"name":"createEntry","decl":{"start":{"line":32,"column":16},"end":{"line":32,"column":28}},"loc":{"start":{"line":40,"column":10},"end":{"line":51,"column":null}},"line":40},"4":{"name":"canJoinQueue","decl":{"start":{"line":57,"column":16},"end":{"line":57,"column":null}},"loc":{"start":{"line":60,"column":17},"end":{"line":77,"column":null}},"line":60},"5":{"name":"(anonymous_5)","decl":{"start":{"line":64,"column":23},"end":{"line":64,"column":24}},"loc":{"start":{"line":64,"column":30},"end":{"line":64,"column":66}},"line":64},"6":{"name":"applyVote","decl":{"start":{"line":83,"column":16},"end":{"line":83,"column":null}},"loc":{"start":{"line":88,"column":39},"end":{"line":115,"column":null}},"line":88},"7":{"name":"advanceQueue","decl":{"start":{"line":121,"column":16},"end":{"line":121,"column":29}},"loc":{"start":{"line":124,"column":2},"end":{"line":137,"column":null}},"line":124},"8":{"name":"removeFromQueue","decl":{"start":{"line":143,"column":16},"end":{"line":143,"column":null}},"loc":{"start":{"line":146,"column":21},"end":{"line":157,"column":null}},"line":146},"9":{"name":"(anonymous_9)","decl":{"start":{"line":147,"column":43},"end":{"line":147,"column":44}},"loc":{"start":{"line":147,"column":50},"end":{"line":147,"column":66}},"line":147},"10":{"name":"canRemoveEntry","decl":{"start":{"line":162,"column":16},"end":{"line":162,"column":null}},"loc":{"start":{"line":166,"column":11},"end":{"line":170,"column":null}},"line":166},"11":{"name":"canSkipCurrent","decl":{"start":{"line":175,"column":16},"end":{"line":175,"column":null}},"loc":{"start":{"line":179,"column":11},"end":{"line":184,"column":null}},"line":179},"12":{"name":"reorderEntry","decl":{"start":{"line":191,"column":16},"end":{"line":191,"column":null}},"loc":{"start":{"line":195,"column":18},"end":{"line":222,"column":null}},"line":195},"13":{"name":"(anonymous_13)","decl":{"start":{"line":196,"column":37},"end":{"line":196,"column":38}},"loc":{"start":{"line":196,"column":44},"end":{"line":196,"column":60}},"line":196}},"branchMap":{"0":{"loc":{"start":{"line":11,"column":4},"end":{"line":11,"column":null}},"type":"if","locations":[{"start":{"line":11,"column":4},"end":{"line":11,"column":null}},{"start":{},"end":{}}],"line":11},"1":{"loc":{"start":{"line":12,"column":4},"end":{"line":12,"column":null}},"type":"if","locations":[{"start":{"line":12,"column":4},"end":{"line":12,"column":null}},{"start":{},"end":{}}],"line":12},"2":{"loc":{"start":{"line":22,"column":2},"end":{"line":24,"column":null}},"type":"if","locations":[{"start":{"line":22,"column":2},"end":{"line":24,"column":null}},{"start":{},"end":{}}],"line":22},"3":{"loc":{"start":{"line":22,"column":6},"end":{"line":22,"column":58}},"type":"binary-expr","locations":[{"start":{"line":22,"column":6},"end":{"line":22,"column":39}},{"start":{"line":22,"column":39},"end":{"line":22,"column":58}}],"line":22},"4":{"loc":{"start":{"line":64,"column":2},"end":{"line":66,"column":null}},"type":"if","locations":[{"start":{"line":64,"column":2},"end":{"line":66,"column":null}},{"start":{},"end":{}}],"line":64},"5":{"loc":{"start":{"line":69,"column":2},"end":{"line":74,"column":null}},"type":"if","locations":[{"start":{"line":69,"column":2},"end":{"line":74,"column":null}},{"start":{},"end":{}}],"line":69},"6":{"loc":{"start":{"line":70,"column":4},"end":{"line":71,"column":null}},"type":"binary-expr","locations":[{"start":{"line":70,"column":4},"end":{"line":70,"column":null}},{"start":{"line":71,"column":4},"end":{"line":71,"column":null}}],"line":70},"7":{"loc":{"start":{"line":89,"column":21},"end":{"line":89,"column":null}},"type":"binary-expr","locations":[{"start":{"line":89,"column":21},"end":{"line":89,"column":40}},{"start":{"line":89,"column":40},"end":{"line":89,"column":null}}],"line":89},"8":{"loc":{"start":{"line":90,"column":23},"end":{"line":90,"column":null}},"type":"binary-expr","locations":[{"start":{"line":90,"column":23},"end":{"line":90,"column":46}},{"start":{"line":90,"column":46},"end":{"line":90,"column":null}}],"line":90},"9":{"loc":{"start":{"line":93,"column":53},"end":{"line":93,"column":null}},"type":"cond-expr","locations":[{"start":{"line":93,"column":71},"end":{"line":93,"column":75}},{"start":{"line":93,"column":75},"end":{"line":93,"column":null}}],"line":93},"10":{"loc":{"start":{"line":103,"column":2},"end":{"line":107,"column":null}},"type":"if","locations":[{"start":{"line":103,"column":2},"end":{"line":107,"column":null}},{"start":{"line":105,"column":9},"end":{"line":107,"column":null}}],"line":103},"11":{"loc":{"start":{"line":127,"column":21},"end":{"line":127,"column":null}},"type":"cond-expr","locations":[{"start":{"line":127,"column":43},"end":{"line":127,"column":63}},{"start":{"line":127,"column":63},"end":{"line":127,"column":null}}],"line":127},"12":{"loc":{"start":{"line":148,"column":2},"end":{"line":148,"column":null}},"type":"if","locations":[{"start":{"line":148,"column":2},"end":{"line":148,"column":null}},{"start":{},"end":{}}],"line":148},"13":{"loc":{"start":{"line":167,"column":2},"end":{"line":167,"column":null}},"type":"if","locations":[{"start":{"line":167,"column":2},"end":{"line":167,"column":null}},{"start":{},"end":{}}],"line":167},"14":{"loc":{"start":{"line":168,"column":2},"end":{"line":168,"column":null}},"type":"if","locations":[{"start":{"line":168,"column":2},"end":{"line":168,"column":null}},{"start":{},"end":{}}],"line":168},"15":{"loc":{"start":{"line":180,"column":2},"end":{"line":180,"column":null}},"type":"if","locations":[{"start":{"line":180,"column":2},"end":{"line":180,"column":null}},{"start":{},"end":{}}],"line":180},"16":{"loc":{"start":{"line":181,"column":2},"end":{"line":181,"column":null}},"type":"if","locations":[{"start":{"line":181,"column":2},"end":{"line":181,"column":null}},{"start":{},"end":{}}],"line":181},"17":{"loc":{"start":{"line":182,"column":2},"end":{"line":182,"column":null}},"type":"if","locations":[{"start":{"line":182,"column":2},"end":{"line":182,"column":null}},{"start":{},"end":{}}],"line":182},"18":{"loc":{"start":{"line":197,"column":2},"end":{"line":197,"column":null}},"type":"if","locations":[{"start":{"line":197,"column":2},"end":{"line":197,"column":null}},{"start":{},"end":{}}],"line":197},"19":{"loc":{"start":{"line":207,"column":2},"end":{"line":219,"column":null}},"type":"if","locations":[{"start":{"line":207,"column":2},"end":{"line":219,"column":null}},{"start":{"line":213,"column":2},"end":{"line":219,"column":null}}],"line":207},"20":{"loc":{"start":{"line":209,"column":4},"end":{"line":212,"column":null}},"type":"if","locations":[{"start":{"line":209,"column":4},"end":{"line":212,"column":null}},{"start":{},"end":{}}],"line":209},"21":{"loc":{"start":{"line":213,"column":2},"end":{"line":219,"column":null}},"type":"if","locations":[{"start":{"line":213,"column":2},"end":{"line":219,"column":null}},{"start":{},"end":{}}],"line":213},"22":{"loc":{"start":{"line":215,"column":4},"end":{"line":218,"column":null}},"type":"if","locations":[{"start":{"line":215,"column":4},"end":{"line":218,"column":null}},{"start":{},"end":{}}],"line":215}},"s":{"0":7,"1":11,"2":3,"3":8,"4":5,"5":3,"6":0,"7":0,"8":0,"9":5,"10":6,"11":6,"12":3,"13":2,"14":4,"15":2,"16":2,"17":9,"18":9,"19":9,"20":9,"21":9,"22":9,"23":1,"24":8,"25":9,"26":9,"27":6,"28":6,"29":6,"30":6,"31":4,"32":4,"33":4,"34":1,"35":3,"36":3,"37":3,"38":6,"39":2,"40":4,"41":1,"42":3,"43":7,"44":2,"45":5,"46":1,"47":4,"48":1,"49":3,"50":7,"51":14,"52":7,"53":1,"54":6,"55":6,"56":6,"57":6,"58":6,"59":6,"60":2,"61":2,"62":2,"63":2,"64":4,"65":4,"66":4,"67":4,"68":4,"69":6},"f":{"0":7,"1":11,"2":0,"3":5,"4":6,"5":3,"6":9,"7":6,"8":4,"9":4,"10":6,"11":7,"12":7,"13":14},"b":{"0":[3,8],"1":[5,3],"2":[0,0],"3":[0,0],"4":[2,4],"5":[2,2],"6":[4,2],"7":[9,4],"8":[9,7],"9":[1,8],"10":[1,8],"11":[2,4],"12":[1,3],"13":[2,4],"14":[1,3],"15":[2,5],"16":[1,4],"17":[1,3],"18":[1,6],"19":[2,4],"20":[2,0],"21":[4,0],"22":[4,0]},"meta":{"lastBranch":23,"lastFunction":14,"lastStatement":70,"seen":{"f:7:16:7:Infinity":0,"s:10:2:14:Infinity":0,"f:10:25:10:26":1,"b:11:4:11:Infinity:undefined:undefined:undefined:undefined":0,"s:11:4:11:Infinity":1,"s:11:29:11:Infinity":2,"b:12:4:12:Infinity:undefined:undefined:undefined:undefined":1,"s:12:4:12:Infinity":3,"s:12:29:12:Infinity":4,"s:13:4:13:Infinity":5,"f:21:16:21:37":2,"b:22:2:24:Infinity:undefined:undefined:undefined:undefined":2,"s:22:2:24:Infinity":6,"b:22:6:22:39:22:39:22:58":3,"s:23:4:23:Infinity":7,"s:25:2:25:Infinity":8,"f:32:16:32:28":3,"s:41:2:50:Infinity":9,"f:57:16:57:Infinity":4,"s:61:22:61:Infinity":10,"b:64:2:66:Infinity:undefined:undefined:undefined:undefined":4,"s:64:2:66:Infinity":11,"f:64:23:64:24":5,"s:64:30:64:66":12,"s:65:4:65:Infinity":13,"b:69:2:74:Infinity:undefined:undefined:undefined:undefined":5,"s:69:2:74:Infinity":14,"b:70:4:70:Infinity:71:4:71:Infinity":6,"s:73:4:73:Infinity":15,"s:76:2:76:Infinity":16,"f:83:16:83:Infinity":6,"s:89:21:89:Infinity":17,"b:89:21:89:40:89:40:89:Infinity":7,"s:90:23:90:Infinity":18,"b:90:23:90:46:90:46:90:Infinity":8,"s:93:23:93:Infinity":19,"b:93:71:93:75:93:75:93:Infinity":9,"s:96:26:99:Infinity":20,"s:102:24:102:Infinity":21,"b:103:2:107:Infinity:105:9:107:Infinity":10,"s:103:2:107:Infinity":22,"s:104:4:104:Infinity":23,"s:106:4:106:Infinity":24,"s:109:31:112:Infinity":25,"s:114:2:114:Infinity":26,"f:121:16:121:29":7,"s:125:20:125:Infinity":27,"s:126:19:126:Infinity":28,"s:127:21:127:Infinity":29,"b:127:43:127:63:127:63:127:Infinity":11,"s:129:2:136:Infinity":30,"f:143:16:143:Infinity":8,"s:147:21:147:Infinity":31,"f:147:43:147:44":9,"s:147:50:147:66":32,"b:148:2:148:Infinity:undefined:undefined:undefined:undefined":12,"s:148:2:148:Infinity":33,"s:148:25:148:Infinity":34,"s:150:19:150:Infinity":35,"s:151:2:151:Infinity":36,"s:153:2:156:Infinity":37,"f:162:16:162:Infinity":10,"b:167:2:167:Infinity:undefined:undefined:undefined:undefined":13,"s:167:2:167:Infinity":38,"s:167:15:167:Infinity":39,"b:168:2:168:Infinity:undefined:undefined:undefined:undefined":14,"s:168:2:168:Infinity":40,"s:168:17:168:Infinity":41,"s:169:2:169:Infinity":42,"f:175:16:175:Infinity":11,"b:180:2:180:Infinity:undefined:undefined:undefined:undefined":15,"s:180:2:180:Infinity":43,"s:180:19:180:Infinity":44,"b:181:2:181:Infinity:undefined:undefined:undefined:undefined":16,"s:181:2:181:Infinity":45,"s:181:15:181:Infinity":46,"b:182:2:182:Infinity:undefined:undefined:undefined:undefined":17,"s:182:2:182:Infinity":47,"s:182:17:182:Infinity":48,"s:183:2:183:Infinity":49,"f:191:16:191:Infinity":12,"s:196:21:196:Infinity":50,"f:196:37:196:38":13,"s:196:44:196:60":51,"b:197:2:197:Infinity:undefined:undefined:undefined:undefined":18,"s:197:2:197:Infinity":52,"s:197:25:197:Infinity":53,"s:199:19:199:Infinity":54,"s:200:16:200:Infinity":55,"s:201:2:201:Infinity":56,"s:203:22:203:Infinity":57,"s:204:2:204:Infinity":58,"b:207:2:219:Infinity:213:2:219:Infinity":19,"s:207:2:219:Infinity":59,"s:208:22:208:Infinity":60,"b:209:4:212:Infinity:undefined:undefined:undefined:undefined":20,"s:209:4:212:Infinity":61,"s:210:6:210:Infinity":62,"s:211:6:211:Infinity":63,"b:213:2:219:Infinity:undefined:undefined:undefined:undefined":21,"s:213:2:219:Infinity":64,"s:214:22:214:Infinity":65,"b:215:4:218:Infinity:undefined:undefined:undefined:undefined":22,"s:215:4:218:Infinity":66,"s:216:6:216:Infinity":67,"s:217:6:217:Infinity":68,"s:221:2:221:Infinity":69}}}
,"/Users/adimov/context/karaoke/packages/domain/src/youtube.ts": {"path":"/Users/adimov/context/karaoke/packages/domain/src/youtube.ts","statementMap":{"0":{"start":{"line":8,"column":2},"end":{"line":8,"column":null}},"1":{"start":{"line":8,"column":12},"end":{"line":8,"column":null}},"2":{"start":{"line":9,"column":24},"end":{"line":9,"column":null}},"3":{"start":{"line":11,"column":19},"end":{"line":20,"column":null}},"4":{"start":{"line":22,"column":2},"end":{"line":25,"column":null}},"5":{"start":{"line":23,"column":18},"end":{"line":23,"column":null}},"6":{"start":{"line":24,"column":4},"end":{"line":24,"column":null}},"7":{"start":{"line":24,"column":20},"end":{"line":24,"column":null}},"8":{"start":{"line":27,"column":2},"end":{"line":27,"column":null}},"9":{"start":{"line":34,"column":2},"end":{"line":34,"column":null}},"10":{"start":{"line":41,"column":2},"end":{"line":41,"column":null}},"11":{"start":{"line":48,"column":16},"end":{"line":48,"column":null}},"12":{"start":{"line":50,"column":2},"end":{"line":53,"column":null}},"13":{"start":{"line":51,"column":31},"end":{"line":51,"column":null}},"14":{"start":{"line":52,"column":4},"end":{"line":52,"column":null}},"15":{"start":{"line":55,"column":2},"end":{"line":58,"column":null}},"16":{"start":{"line":56,"column":38},"end":{"line":56,"column":null}},"17":{"start":{"line":57,"column":4},"end":{"line":57,"column":null}},"18":{"start":{"line":60,"column":2},"end":{"line":60,"column":null}},"19":{"start":{"line":68,"column":33},"end":{"line":68,"column":null}},"20":{"start":{"line":70,"column":2},"end":{"line":130,"column":null}},"21":{"start":{"line":72,"column":7},"end":{"line":72,"column":null}},"22":{"start":{"line":73,"column":22},"end":{"line":73,"column":null}},"23":{"start":{"line":74,"column":20},"end":{"line":74,"column":null}},"24":{"start":{"line":75,"column":24},"end":{"line":75,"column":null}},"25":{"start":{"line":76,"column":22},"end":{"line":76,"column":null}},"26":{"start":{"line":78,"column":4},"end":{"line":127,"column":null}},"27":{"start":{"line":79,"column":27},"end":{"line":79,"column":null}},"28":{"start":{"line":82,"column":21},"end":{"line":82,"column":null}},"29":{"start":{"line":84,"column":6},"end":{"line":124,"column":null}},"30":{"start":{"line":85,"column":23},"end":{"line":85,"column":null}},"31":{"start":{"line":88,"column":8},"end":{"line":88,"column":null}},"32":{"start":{"line":88,"column":20},"end":{"line":88,"column":null}},"33":{"start":{"line":90,"column":24},"end":{"line":90,"column":null}},"34":{"start":{"line":91,"column":8},"end":{"line":91,"column":null}},"35":{"start":{"line":91,"column":22},"end":{"line":91,"column":null}},"36":{"start":{"line":93,"column":27},"end":{"line":93,"column":null}},"37":{"start":{"line":94,"column":30},"end":{"line":94,"column":null}},"38":{"start":{"line":97,"column":8},"end":{"line":97,"column":null}},"39":{"start":{"line":97,"column":60},"end":{"line":97,"column":null}},"40":{"start":{"line":99,"column":32},"end":{"line":99,"column":null}},"41":{"start":{"line":101,"column":27},"end":{"line":101,"column":null}},"42":{"start":{"line":104,"column":27},"end":{"line":104,"column":null}},"43":{"start":{"line":107,"column":28},"end":{"line":107,"column":null}},"44":{"start":{"line":111,"column":8},"end":{"line":120,"column":null}},"45":{"start":{"line":123,"column":8},"end":{"line":123,"column":null}},"46":{"start":{"line":123,"column":33},"end":{"line":123,"column":null}},"47":{"start":{"line":126,"column":6},"end":{"line":126,"column":null}},"48":{"start":{"line":126,"column":31},"end":{"line":126,"column":null}},"49":{"start":{"line":132,"column":2},"end":{"line":132,"column":null}}},"fnMap":{"0":{"name":"extractVideoId","decl":{"start":{"line":7,"column":16},"end":{"line":7,"column":31}},"loc":{"start":{"line":7,"column":78},"end":{"line":28,"column":null}},"line":7},"1":{"name":"buildYoutubeUrl","decl":{"start":{"line":33,"column":16},"end":{"line":33,"column":32}},"loc":{"start":{"line":33,"column":57},"end":{"line":35,"column":null}},"line":33},"2":{"name":"buildEmbedUrl","decl":{"start":{"line":40,"column":16},"end":{"line":40,"column":30}},"loc":{"start":{"line":40,"column":55},"end":{"line":42,"column":null}},"line":40},"3":{"name":"parseDuration","decl":{"start":{"line":47,"column":16},"end":{"line":47,"column":30}},"loc":{"start":{"line":47,"column":60},"end":{"line":61,"column":null}},"line":47},"4":{"name":"parseSearchResponse","decl":{"start":{"line":67,"column":16},"end":{"line":67,"column":36}},"loc":{"start":{"line":67,"column":67},"end":{"line":133,"column":null}},"line":67}},"branchMap":{"0":{"loc":{"start":{"line":8,"column":2},"end":{"line":8,"column":null}},"type":"if","locations":[{"start":{"line":8,"column":2},"end":{"line":8,"column":null}},{"start":{},"end":{}}],"line":8},"1":{"loc":{"start":{"line":24,"column":4},"end":{"line":24,"column":null}},"type":"if","locations":[{"start":{"line":24,"column":4},"end":{"line":24,"column":null}},{"start":{},"end":{}}],"line":24},"2":{"loc":{"start":{"line":50,"column":2},"end":{"line":53,"column":null}},"type":"if","locations":[{"start":{"line":50,"column":2},"end":{"line":53,"column":null}},{"start":{},"end":{}}],"line":50},"3":{"loc":{"start":{"line":52,"column":12},"end":{"line":52,"column":28}},"type":"binary-expr","locations":[{"start":{"line":52,"column":12},"end":{"line":52,"column":23}},{"start":{"line":52,"column":23},"end":{"line":52,"column":28}}],"line":52},"4":{"loc":{"start":{"line":52,"column":34},"end":{"line":52,"column":null}},"type":"binary-expr","locations":[{"start":{"line":52,"column":34},"end":{"line":52,"column":45}},{"start":{"line":52,"column":45},"end":{"line":52,"column":null}}],"line":52},"5":{"loc":{"start":{"line":55,"column":2},"end":{"line":58,"column":null}},"type":"if","locations":[{"start":{"line":55,"column":2},"end":{"line":58,"column":null}},{"start":{},"end":{}}],"line":55},"6":{"loc":{"start":{"line":57,"column":12},"end":{"line":57,"column":26}},"type":"binary-expr","locations":[{"start":{"line":57,"column":12},"end":{"line":57,"column":21}},{"start":{"line":57,"column":21},"end":{"line":57,"column":26}}],"line":57},"7":{"loc":{"start":{"line":57,"column":34},"end":{"line":57,"column":50}},"type":"binary-expr","locations":[{"start":{"line":57,"column":34},"end":{"line":57,"column":45}},{"start":{"line":57,"column":45},"end":{"line":57,"column":50}}],"line":57},"8":{"loc":{"start":{"line":57,"column":56},"end":{"line":57,"column":null}},"type":"binary-expr","locations":[{"start":{"line":57,"column":56},"end":{"line":57,"column":67}},{"start":{"line":57,"column":67},"end":{"line":57,"column":null}}],"line":57},"9":{"loc":{"start":{"line":76,"column":22},"end":{"line":76,"column":null}},"type":"binary-expr","locations":[{"start":{"line":76,"column":22},"end":{"line":76,"column":61}},{"start":{"line":76,"column":61},"end":{"line":76,"column":null}}],"line":76},"10":{"loc":{"start":{"line":82,"column":21},"end":{"line":82,"column":null}},"type":"binary-expr","locations":[{"start":{"line":82,"column":21},"end":{"line":82,"column":60}},{"start":{"line":82,"column":60},"end":{"line":82,"column":null}}],"line":82},"11":{"loc":{"start":{"line":88,"column":8},"end":{"line":88,"column":null}},"type":"if","locations":[{"start":{"line":88,"column":8},"end":{"line":88,"column":null}},{"start":{},"end":{}}],"line":88},"12":{"loc":{"start":{"line":91,"column":8},"end":{"line":91,"column":null}},"type":"if","locations":[{"start":{"line":91,"column":8},"end":{"line":91,"column":null}},{"start":{},"end":{}}],"line":91},"13":{"loc":{"start":{"line":94,"column":30},"end":{"line":94,"column":null}},"type":"binary-expr","locations":[{"start":{"line":94,"column":30},"end":{"line":94,"column":67}},{"start":{"line":94,"column":67},"end":{"line":94,"column":null}}],"line":94},"14":{"loc":{"start":{"line":97,"column":8},"end":{"line":97,"column":null}},"type":"if","locations":[{"start":{"line":97,"column":8},"end":{"line":97,"column":null}},{"start":{},"end":{}}],"line":97},"15":{"loc":{"start":{"line":97,"column":12},"end":{"line":97,"column":60}},"type":"binary-expr","locations":[{"start":{"line":97,"column":12},"end":{"line":97,"column":29}},{"start":{"line":97,"column":29},"end":{"line":97,"column":60}}],"line":97},"16":{"loc":{"start":{"line":113,"column":18},"end":{"line":113,"column":null}},"type":"binary-expr","locations":[{"start":{"line":113,"column":18},"end":{"line":113,"column":53}},{"start":{"line":113,"column":53},"end":{"line":113,"column":null}}],"line":113},"17":{"loc":{"start":{"line":114,"column":20},"end":{"line":114,"column":null}},"type":"binary-expr","locations":[{"start":{"line":114,"column":20},"end":{"line":114,"column":55}},{"start":{"line":114,"column":55},"end":{"line":114,"column":null}}],"line":114},"18":{"loc":{"start":{"line":117,"column":22},"end":{"line":117,"column":null}},"type":"binary-expr","locations":[{"start":{"line":117,"column":22},"end":{"line":117,"column":57}},{"start":{"line":117,"column":57},"end":{"line":117,"column":null}}],"line":117},"19":{"loc":{"start":{"line":123,"column":8},"end":{"line":123,"column":null}},"type":"if","locations":[{"start":{"line":123,"column":8},"end":{"line":123,"column":null}},{"start":{},"end":{}}],"line":123},"20":{"loc":{"start":{"line":126,"column":6},"end":{"line":126,"column":null}},"type":"if","locations":[{"start":{"line":126,"column":6},"end":{"line":126,"column":null}},{"start":{},"end":{}}],"line":126}},"s":{"0":17,"1":3,"2":14,"3":14,"4":14,"5":45,"6":45,"7":11,"8":3,"9":1,"10":1,"11":25,"12":25,"13":19,"14":19,"15":6,"16":3,"17":3,"18":3,"19":10,"20":10,"21":10,"22":10,"23":10,"24":10,"25":10,"26":10,"27":6,"28":6,"29":6,"30":18,"31":18,"32":2,"33":16,"34":16,"35":0,"36":16,"37":16,"38":18,"39":2,"40":14,"41":14,"42":18,"43":18,"44":18,"45":18,"46":1,"47":6,"48":1,"49":10},"f":{"0":17,"1":1,"2":1,"3":25,"4":10},"b":{"0":[3,14],"1":[11,34],"2":[19,6],"3":[19,0],"4":[19,0],"5":[3,3],"6":[3,0],"7":[3,0],"8":[3,0],"9":[10,4],"10":[6,0],"11":[2,16],"12":[0,16],"13":[16,1],"14":[2,16],"15":[18,15],"16":[18,1],"17":[18,13],"18":[18,13],"19":[1,17],"20":[1,5]},"meta":{"lastBranch":21,"lastFunction":5,"lastStatement":50,"seen":{"f:7:16:7:31":0,"b:8:2:8:Infinity:undefined:undefined:undefined:undefined":0,"s:8:2:8:Infinity":0,"s:8:12:8:Infinity":1,"s:9:24:9:Infinity":2,"s:11:19:20:Infinity":3,"s:22:2:25:Infinity":4,"s:23:18:23:Infinity":5,"b:24:4:24:Infinity:undefined:undefined:undefined:undefined":1,"s:24:4:24:Infinity":6,"s:24:20:24:Infinity":7,"s:27:2:27:Infinity":8,"f:33:16:33:32":1,"s:34:2:34:Infinity":9,"f:40:16:40:30":2,"s:41:2:41:Infinity":10,"f:47:16:47:30":3,"s:48:16:48:Infinity":11,"b:50:2:53:Infinity:undefined:undefined:undefined:undefined":2,"s:50:2:53:Infinity":12,"s:51:31:51:Infinity":13,"s:52:4:52:Infinity":14,"b:52:12:52:23:52:23:52:28":3,"b:52:34:52:45:52:45:52:Infinity":4,"b:55:2:58:Infinity:undefined:undefined:undefined:undefined":5,"s:55:2:58:Infinity":15,"s:56:38:56:Infinity":16,"s:57:4:57:Infinity":17,"b:57:12:57:21:57:21:57:26":6,"b:57:34:57:45:57:45:57:50":7,"b:57:56:57:67:57:67:57:Infinity":8,"s:60:2:60:Infinity":18,"f:67:16:67:36":4,"s:68:33:68:Infinity":19,"s:70:2:130:Infinity":20,"s:72:7:72:Infinity":21,"s:73:22:73:Infinity":22,"s:74:20:74:Infinity":23,"s:75:24:75:Infinity":24,"s:76:22:76:Infinity":25,"b:76:22:76:61:76:61:76:Infinity":9,"s:78:4:127:Infinity":26,"s:79:27:79:Infinity":27,"s:82:21:82:Infinity":28,"b:82:21:82:60:82:60:82:Infinity":10,"s:84:6:124:Infinity":29,"s:85:23:85:Infinity":30,"b:88:8:88:Infinity:undefined:undefined:undefined:undefined":11,"s:88:8:88:Infinity":31,"s:88:20:88:Infinity":32,"s:90:24:90:Infinity":33,"b:91:8:91:Infinity:undefined:undefined:undefined:undefined":12,"s:91:8:91:Infinity":34,"s:91:22:91:Infinity":35,"s:93:27:93:Infinity":36,"s:94:30:94:Infinity":37,"b:94:30:94:67:94:67:94:Infinity":13,"b:97:8:97:Infinity:undefined:undefined:undefined:undefined":14,"s:97:8:97:Infinity":38,"b:97:12:97:29:97:29:97:60":15,"s:97:60:97:Infinity":39,"s:99:32:99:Infinity":40,"s:101:27:101:Infinity":41,"s:104:27:104:Infinity":42,"s:107:28:107:Infinity":43,"s:111:8:120:Infinity":44,"b:113:18:113:53:113:53:113:Infinity":16,"b:114:20:114:55:114:55:114:Infinity":17,"b:117:22:117:57:117:57:117:Infinity":18,"b:123:8:123:Infinity:undefined:undefined:undefined:undefined":19,"s:123:8:123:Infinity":45,"s:123:33:123:Infinity":46,"b:126:6:126:Infinity:undefined:undefined:undefined:undefined":20,"s:126:6:126:Infinity":47,"s:126:31:126:Infinity":48,"s:132:2:132:Infinity":49}}}
,"/Users/adimov/context/karaoke/worker/src/env.ts": {"path":"/Users/adimov/context/karaoke/worker/src/env.ts","statementMap":{},"fnMap":{},"branchMap":{},"s":{},"f":{},"b":{},"meta":{"lastBranch":0,"lastFunction":0,"lastStatement":0,"seen":{}}}
,"/Users/adimov/context/karaoke/worker/src/index.ts": {"path":"/Users/adimov/context/karaoke/worker/src/index.ts","statementMap":{"0":{"start":{"line":7,"column":19},"end":{"line":7,"column":null}},"1":{"start":{"line":8,"column":24},"end":{"line":8,"column":null}},"2":{"start":{"line":11,"column":23},"end":{"line":11,"column":null}},"3":{"start":{"line":14,"column":22},"end":{"line":14,"column":null}},"4":{"start":{"line":16,"column":44},"end":{"line":20,"column":null}},"5":{"start":{"line":23,"column":21},"end":{"line":23,"column":null}},"6":{"start":{"line":24,"column":2},"end":{"line":26,"column":null}},"7":{"start":{"line":25,"column":4},"end":{"line":25,"column":null}},"8":{"start":{"line":27,"column":2},"end":{"line":31,"column":null}},"9":{"start":{"line":35,"column":13},"end":{"line":35,"column":null}},"10":{"start":{"line":36,"column":2},"end":{"line":36,"column":null}},"11":{"start":{"line":41,"column":16},"end":{"line":41,"column":null}},"12":{"start":{"line":42,"column":17},"end":{"line":42,"column":null}},"13":{"start":{"line":45,"column":4},"end":{"line":47,"column":null}},"14":{"start":{"line":46,"column":6},"end":{"line":46,"column":null}},"15":{"start":{"line":50,"column":4},"end":{"line":73,"column":null}},"16":{"start":{"line":51,"column":6},"end":{"line":72,"column":null}},"17":{"start":{"line":52,"column":24},"end":{"line":52,"column":null}},"18":{"start":{"line":53,"column":24},"end":{"line":53,"column":null}},"19":{"start":{"line":55,"column":8},"end":{"line":57,"column":null}},"20":{"start":{"line":56,"column":10},"end":{"line":56,"column":null}},"21":{"start":{"line":59,"column":21},"end":{"line":59,"column":null}},"22":{"start":{"line":60,"column":31},"end":{"line":64,"column":null}},"23":{"start":{"line":65,"column":23},"end":{"line":65,"column":null}},"24":{"start":{"line":66,"column":8},"end":{"line":66,"column":null}},"25":{"start":{"line":67,"column":25},"end":{"line":67,"column":null}},"26":{"start":{"line":68,"column":8},"end":{"line":68,"column":null}},"27":{"start":{"line":70,"column":24},"end":{"line":70,"column":null}},"28":{"start":{"line":71,"column":8},"end":{"line":71,"column":null}},"29":{"start":{"line":76,"column":4},"end":{"line":80,"column":null}},"30":{"start":{"line":77,"column":21},"end":{"line":77,"column":null}},"31":{"start":{"line":78,"column":19},"end":{"line":78,"column":null}},"32":{"start":{"line":79,"column":6},"end":{"line":79,"column":null}},"33":{"start":{"line":83,"column":4},"end":{"line":94,"column":null}},"34":{"start":{"line":84,"column":21},"end":{"line":84,"column":null}},"35":{"start":{"line":85,"column":19},"end":{"line":85,"column":null}},"36":{"start":{"line":87,"column":6},"end":{"line":93,"column":null}},"37":{"start":{"line":88,"column":25},"end":{"line":88,"column":null}},"38":{"start":{"line":89,"column":8},"end":{"line":89,"column":null}},"39":{"start":{"line":91,"column":24},"end":{"line":91,"column":null}},"40":{"start":{"line":92,"column":8},"end":{"line":92,"column":null}},"41":{"start":{"line":97,"column":4},"end":{"line":101,"column":null}},"42":{"start":{"line":98,"column":6},"end":{"line":100,"column":null}},"43":{"start":{"line":103,"column":4},"end":{"line":107,"column":null}},"44":{"start":{"line":104,"column":6},"end":{"line":106,"column":null}},"45":{"start":{"line":110,"column":21},"end":{"line":110,"column":null}},"46":{"start":{"line":111,"column":4},"end":{"line":134,"column":null}},"47":{"start":{"line":112,"column":27},"end":{"line":112,"column":null}},"48":{"start":{"line":115,"column":6},"end":{"line":133,"column":null}},"49":{"start":{"line":116,"column":24},"end":{"line":116,"column":null}},"50":{"start":{"line":118,"column":8},"end":{"line":122,"column":null}},"51":{"start":{"line":119,"column":10},"end":{"line":121,"column":null}},"52":{"start":{"line":123,"column":8},"end":{"line":127,"column":null}},"53":{"start":{"line":124,"column":10},"end":{"line":126,"column":null}},"54":{"start":{"line":128,"column":8},"end":{"line":132,"column":null}},"55":{"start":{"line":129,"column":10},"end":{"line":131,"column":null}},"56":{"start":{"line":137,"column":4},"end":{"line":141,"column":null}},"57":{"start":{"line":138,"column":6},"end":{"line":140,"column":null}},"58":{"start":{"line":144,"column":4},"end":{"line":144,"column":null}}},"fnMap":{"0":{"name":"addCorsHeaders","decl":{"start":{"line":22,"column":9},"end":{"line":22,"column":24}},"loc":{"start":{"line":22,"column":54},"end":{"line":32,"column":null}},"line":22},"1":{"name":"getRoomStub","decl":{"start":{"line":34,"column":9},"end":{"line":34,"column":21}},"loc":{"start":{"line":34,"column":84},"end":{"line":37,"column":null}},"line":34},"2":{"name":"(anonymous_2)","decl":{"start":{"line":40,"column":8},"end":{"line":40,"column":14}},"loc":{"start":{"line":40,"column":61},"end":{"line":145,"column":null}},"line":40}},"branchMap":{"0":{"loc":{"start":{"line":34,"column":31},"end":{"line":34,"column":84}},"type":"default-arg","locations":[{"start":{"line":34,"column":48},"end":{"line":34,"column":84}}],"line":34},"1":{"loc":{"start":{"line":45,"column":4},"end":{"line":47,"column":null}},"type":"if","locations":[{"start":{"line":45,"column":4},"end":{"line":47,"column":null}},{"start":{},"end":{}}],"line":45},"2":{"loc":{"start":{"line":50,"column":4},"end":{"line":73,"column":null}},"type":"if","locations":[{"start":{"line":50,"column":4},"end":{"line":73,"column":null}},{"start":{},"end":{}}],"line":50},"3":{"loc":{"start":{"line":50,"column":8},"end":{"line":50,"column":62}},"type":"binary-expr","locations":[{"start":{"line":50,"column":8},"end":{"line":50,"column":35}},{"start":{"line":50,"column":35},"end":{"line":50,"column":62}}],"line":50},"4":{"loc":{"start":{"line":55,"column":8},"end":{"line":57,"column":null}},"type":"if","locations":[{"start":{"line":55,"column":8},"end":{"line":57,"column":null}},{"start":{},"end":{}}],"line":55},"5":{"loc":{"start":{"line":70,"column":24},"end":{"line":70,"column":null}},"type":"cond-expr","locations":[{"start":{"line":70,"column":47},"end":{"line":70,"column":61}},{"start":{"line":70,"column":61},"end":{"line":70,"column":null}}],"line":70},"6":{"loc":{"start":{"line":76,"column":4},"end":{"line":80,"column":null}},"type":"if","locations":[{"start":{"line":76,"column":4},"end":{"line":80,"column":null}},{"start":{},"end":{}}],"line":76},"7":{"loc":{"start":{"line":77,"column":21},"end":{"line":77,"column":null}},"type":"binary-expr","locations":[{"start":{"line":77,"column":21},"end":{"line":77,"column":53}},{"start":{"line":77,"column":53},"end":{"line":77,"column":null}}],"line":77},"8":{"loc":{"start":{"line":83,"column":4},"end":{"line":94,"column":null}},"type":"if","locations":[{"start":{"line":83,"column":4},"end":{"line":94,"column":null}},{"start":{},"end":{}}],"line":83},"9":{"loc":{"start":{"line":84,"column":21},"end":{"line":84,"column":null}},"type":"binary-expr","locations":[{"start":{"line":84,"column":21},"end":{"line":84,"column":53}},{"start":{"line":84,"column":53},"end":{"line":84,"column":null}}],"line":84},"10":{"loc":{"start":{"line":91,"column":24},"end":{"line":91,"column":null}},"type":"cond-expr","locations":[{"start":{"line":91,"column":47},"end":{"line":91,"column":61}},{"start":{"line":91,"column":61},"end":{"line":91,"column":null}}],"line":91},"11":{"loc":{"start":{"line":97,"column":4},"end":{"line":101,"column":null}},"type":"if","locations":[{"start":{"line":97,"column":4},"end":{"line":101,"column":null}},{"start":{},"end":{}}],"line":97},"12":{"loc":{"start":{"line":103,"column":4},"end":{"line":107,"column":null}},"type":"if","locations":[{"start":{"line":103,"column":4},"end":{"line":107,"column":null}},{"start":{},"end":{}}],"line":103},"13":{"loc":{"start":{"line":111,"column":4},"end":{"line":134,"column":null}},"type":"if","locations":[{"start":{"line":111,"column":4},"end":{"line":134,"column":null}},{"start":{},"end":{}}],"line":111},"14":{"loc":{"start":{"line":115,"column":6},"end":{"line":133,"column":null}},"type":"if","locations":[{"start":{"line":115,"column":6},"end":{"line":133,"column":null}},{"start":{},"end":{}}],"line":115},"15":{"loc":{"start":{"line":115,"column":10},"end":{"line":115,"column":81}},"type":"binary-expr","locations":[{"start":{"line":115,"column":10},"end":{"line":115,"column":47}},{"start":{"line":115,"column":47},"end":{"line":115,"column":81}}],"line":115},"16":{"loc":{"start":{"line":118,"column":8},"end":{"line":122,"column":null}},"type":"if","locations":[{"start":{"line":118,"column":8},"end":{"line":122,"column":null}},{"start":{},"end":{}}],"line":118},"17":{"loc":{"start":{"line":123,"column":8},"end":{"line":127,"column":null}},"type":"if","locations":[{"start":{"line":123,"column":8},"end":{"line":127,"column":null}},{"start":{},"end":{}}],"line":123},"18":{"loc":{"start":{"line":128,"column":8},"end":{"line":132,"column":null}},"type":"if","locations":[{"start":{"line":128,"column":8},"end":{"line":132,"column":null}},{"start":{},"end":{}}],"line":128},"19":{"loc":{"start":{"line":137,"column":4},"end":{"line":141,"column":null}},"type":"if","locations":[{"start":{"line":137,"column":4},"end":{"line":141,"column":null}},{"start":{},"end":{}}],"line":137}},"s":{"0":0,"1":0,"2":0,"3":0,"4":0,"5":0,"6":0,"7":0,"8":0,"9":0,"10":0,"11":0,"12":0,"13":0,"14":0,"15":0,"16":0,"17":0,"18":0,"19":0,"20":0,"21":0,"22":0,"23":0,"24":0,"25":0,"26":0,"27":0,"28":0,"29":0,"30":0,"31":0,"32":0,"33":0,"34":0,"35":0,"36":0,"37":0,"38":0,"39":0,"40":0,"41":0,"42":0,"43":0,"44":0,"45":0,"46":0,"47":0,"48":0,"49":0,"50":0,"51":0,"52":0,"53":0,"54":0,"55":0,"56":0,"57":0,"58":0},"f":{"0":0,"1":0,"2":0},"b":{"0":[0],"1":[0,0],"2":[0,0],"3":[0,0],"4":[0,0],"5":[0,0],"6":[0,0],"7":[0,0],"8":[0,0],"9":[0,0],"10":[0,0],"11":[0,0],"12":[0,0],"13":[0,0],"14":[0,0],"15":[0,0],"16":[0,0],"17":[0,0],"18":[0,0],"19":[0,0]},"meta":{"lastBranch":20,"lastFunction":3,"lastStatement":59,"seen":{"s:7:19:7:Infinity":0,"s:8:24:8:Infinity":1,"s:11:23:11:Infinity":2,"s:14:22:14:Infinity":3,"s:16:44:20:Infinity":4,"f:22:9:22:24":0,"s:23:21:23:Infinity":5,"s:24:2:26:Infinity":6,"s:25:4:25:Infinity":7,"s:27:2:31:Infinity":8,"f:34:9:34:21":1,"b:34:48:34:84":0,"s:35:13:35:Infinity":9,"s:36:2:36:Infinity":10,"f:40:8:40:14":2,"s:41:16:41:Infinity":11,"s:42:17:42:Infinity":12,"b:45:4:47:Infinity:undefined:undefined:undefined:undefined":1,"s:45:4:47:Infinity":13,"s:46:6:46:Infinity":14,"b:50:4:73:Infinity:undefined:undefined:undefined:undefined":2,"s:50:4:73:Infinity":15,"b:50:8:50:35:50:35:50:62":3,"s:51:6:72:Infinity":16,"s:52:24:52:Infinity":17,"s:53:24:53:Infinity":18,"b:55:8:57:Infinity:undefined:undefined:undefined:undefined":4,"s:55:8:57:Infinity":19,"s:56:10:56:Infinity":20,"s:59:21:59:Infinity":21,"s:60:31:64:Infinity":22,"s:65:23:65:Infinity":23,"s:66:8:66:Infinity":24,"s:67:25:67:Infinity":25,"s:68:8:68:Infinity":26,"s:70:24:70:Infinity":27,"b:70:47:70:61:70:61:70:Infinity":5,"s:71:8:71:Infinity":28,"b:76:4:80:Infinity:undefined:undefined:undefined:undefined":6,"s:76:4:80:Infinity":29,"s:77:21:77:Infinity":30,"b:77:21:77:53:77:53:77:Infinity":7,"s:78:19:78:Infinity":31,"s:79:6:79:Infinity":32,"b:83:4:94:Infinity:undefined:undefined:undefined:undefined":8,"s:83:4:94:Infinity":33,"s:84:21:84:Infinity":34,"b:84:21:84:53:84:53:84:Infinity":9,"s:85:19:85:Infinity":35,"s:87:6:93:Infinity":36,"s:88:25:88:Infinity":37,"s:89:8:89:Infinity":38,"s:91:24:91:Infinity":39,"b:91:47:91:61:91:61:91:Infinity":10,"s:92:8:92:Infinity":40,"b:97:4:101:Infinity:undefined:undefined:undefined:undefined":11,"s:97:4:101:Infinity":41,"s:98:6:100:Infinity":42,"b:103:4:107:Infinity:undefined:undefined:undefined:undefined":12,"s:103:4:107:Infinity":43,"s:104:6:106:Infinity":44,"s:110:21:110:Infinity":45,"b:111:4:134:Infinity:undefined:undefined:undefined:undefined":13,"s:111:4:134:Infinity":46,"s:112:27:112:Infinity":47,"b:115:6:133:Infinity:undefined:undefined:undefined:undefined":14,"s:115:6:133:Infinity":48,"b:115:10:115:47:115:47:115:81":15,"s:116:24:116:Infinity":49,"b:118:8:122:Infinity:undefined:undefined:undefined:undefined":16,"s:118:8:122:Infinity":50,"s:119:10:121:Infinity":51,"b:123:8:127:Infinity:undefined:undefined:undefined:undefined":17,"s:123:8:127:Infinity":52,"s:124:10:126:Infinity":53,"b:128:8:132:Infinity:undefined:undefined:undefined:undefined":18,"s:128:8:132:Infinity":54,"s:129:10:131:Infinity":55,"b:137:4:141:Infinity:undefined:undefined:undefined:undefined":19,"s:137:4:141:Infinity":56,"s:138:6:140:Infinity":57,"s:144:4:144:Infinity":58}}}
,"/Users/adimov/context/karaoke/worker/src/room.ts": {"path":"/Users/adimov/context/karaoke/worker/src/room.ts","statementMap":{"0":{"start":{"line":56,"column":18},"end":{"line":56,"column":null}},"1":{"start":{"line":57,"column":18},"end":{"line":57,"column":null}},"2":{"start":{"line":58,"column":25},"end":{"line":58,"column":null}},"3":{"start":{"line":59,"column":19},"end":{"line":59,"column":null}},"4":{"start":{"line":60,"column":18},"end":{"line":60,"column":null}},"5":{"start":{"line":62,"column":34},"end":{"line":62,"column":null}},"6":{"start":{"line":63,"column":33},"end":{"line":63,"column":null}},"7":{"start":{"line":64,"column":36},"end":{"line":64,"column":null}},"8":{"start":{"line":73,"column":42},"end":{"line":73,"column":null}},"9":{"start":{"line":74,"column":37},"end":{"line":74,"column":null}},"10":{"start":{"line":75,"column":47},"end":{"line":75,"column":null}},"11":{"start":{"line":76,"column":42},"end":{"line":76,"column":null}},"12":{"start":{"line":77,"column":40},"end":{"line":77,"column":null}},"13":{"start":{"line":79,"column":53},"end":{"line":79,"column":null}},"14":{"start":{"line":81,"column":55},"end":{"line":81,"column":null}},"15":{"start":{"line":83,"column":45},"end":{"line":83,"column":null}},"16":{"start":{"line":86,"column":4},"end":{"line":86,"column":null}},"17":{"start":{"line":92,"column":4},"end":{"line":95,"column":null}},"18":{"start":{"line":93,"column":21},"end":{"line":93,"column":null}},"19":{"start":{"line":94,"column":6},"end":{"line":94,"column":null}},"20":{"start":{"line":96,"column":4},"end":{"line":96,"column":null}},"21":{"start":{"line":101,"column":23},"end":{"line":101,"column":null}},"22":{"start":{"line":102,"column":27},"end":{"line":102,"column":null}},"23":{"start":{"line":103,"column":4},"end":{"line":103,"column":null}},"24":{"start":{"line":103,"column":25},"end":{"line":103,"column":null}},"25":{"start":{"line":105,"column":19},"end":{"line":105,"column":null}},"26":{"start":{"line":106,"column":4},"end":{"line":110,"column":null}},"27":{"start":{"line":107,"column":37},"end":{"line":107,"column":57}},"28":{"start":{"line":114,"column":4},"end":{"line":123,"column":null}},"29":{"start":{"line":127,"column":4},"end":{"line":127,"column":null}},"30":{"start":{"line":128,"column":4},"end":{"line":128,"column":null}},"31":{"start":{"line":132,"column":4},"end":{"line":135,"column":null}},"32":{"start":{"line":133,"column":21},"end":{"line":133,"column":null}},"33":{"start":{"line":134,"column":6},"end":{"line":134,"column":null}},"34":{"start":{"line":136,"column":4},"end":{"line":136,"column":null}},"35":{"start":{"line":140,"column":4},"end":{"line":140,"column":null}},"36":{"start":{"line":141,"column":4},"end":{"line":141,"column":null}},"37":{"start":{"line":145,"column":4},"end":{"line":148,"column":null}},"38":{"start":{"line":146,"column":21},"end":{"line":146,"column":null}},"39":{"start":{"line":147,"column":6},"end":{"line":147,"column":null}},"40":{"start":{"line":149,"column":4},"end":{"line":149,"column":null}},"41":{"start":{"line":153,"column":4},"end":{"line":153,"column":null}},"42":{"start":{"line":153,"column":29},"end":{"line":153,"column":null}},"43":{"start":{"line":155,"column":18},"end":{"line":155,"column":null}},"44":{"start":{"line":156,"column":4},"end":{"line":169,"column":null}},"45":{"start":{"line":158,"column":6},"end":{"line":168,"column":null}},"46":{"start":{"line":158,"column":75},"end":{"line":168,"column":8}},"47":{"start":{"line":170,"column":4},"end":{"line":170,"column":null}},"48":{"start":{"line":174,"column":4},"end":{"line":174,"column":null}},"49":{"start":{"line":175,"column":4},"end":{"line":175,"column":null}},"50":{"start":{"line":179,"column":16},"end":{"line":179,"column":null}},"51":{"start":{"line":180,"column":4},"end":{"line":180,"column":null}},"52":{"start":{"line":184,"column":16},"end":{"line":184,"column":null}},"53":{"start":{"line":185,"column":4},"end":{"line":185,"column":null}},"54":{"start":{"line":193,"column":4},"end":{"line":195,"column":null}},"55":{"start":{"line":194,"column":6},"end":{"line":194,"column":null}},"56":{"start":{"line":196,"column":4},"end":{"line":196,"column":null}},"57":{"start":{"line":200,"column":4},"end":{"line":200,"column":null}},"58":{"start":{"line":201,"column":4},"end":{"line":201,"column":null}},"59":{"start":{"line":205,"column":4},"end":{"line":207,"column":null}},"60":{"start":{"line":206,"column":6},"end":{"line":206,"column":null}},"61":{"start":{"line":208,"column":4},"end":{"line":208,"column":null}},"62":{"start":{"line":212,"column":4},"end":{"line":212,"column":null}},"63":{"start":{"line":213,"column":4},"end":{"line":213,"column":null}},"64":{"start":{"line":218,"column":18},"end":{"line":218,"column":null}},"65":{"start":{"line":219,"column":4},"end":{"line":219,"column":null}},"66":{"start":{"line":220,"column":18},"end":{"line":222,"column":null}},"67":{"start":{"line":221,"column":18},"end":{"line":221,"column":49}},"68":{"start":{"line":224,"column":16},"end":{"line":224,"column":null}},"69":{"start":{"line":225,"column":34},"end":{"line":229,"column":null}},"70":{"start":{"line":231,"column":4},"end":{"line":231,"column":null}},"71":{"start":{"line":232,"column":4},"end":{"line":232,"column":null}},"72":{"start":{"line":236,"column":4},"end":{"line":236,"column":null}},"73":{"start":{"line":236,"column":16},"end":{"line":236,"column":null}},"74":{"start":{"line":237,"column":20},"end":{"line":237,"column":null}},"75":{"start":{"line":238,"column":4},"end":{"line":238,"column":null}},"76":{"start":{"line":238,"column":18},"end":{"line":238,"column":null}},"77":{"start":{"line":239,"column":4},"end":{"line":242,"column":null}},"78":{"start":{"line":240,"column":6},"end":{"line":240,"column":null}},"79":{"start":{"line":241,"column":6},"end":{"line":241,"column":null}},"80":{"start":{"line":243,"column":4},"end":{"line":243,"column":null}},"81":{"start":{"line":247,"column":23},"end":{"line":247,"column":null}},"82":{"start":{"line":248,"column":4},"end":{"line":250,"column":null}},"83":{"start":{"line":249,"column":6},"end":{"line":249,"column":null}},"84":{"start":{"line":251,"column":4},"end":{"line":251,"column":null}},"85":{"start":{"line":260,"column":18},"end":{"line":260,"column":null}},"86":{"start":{"line":261,"column":4},"end":{"line":263,"column":null}},"87":{"start":{"line":262,"column":6},"end":{"line":262,"column":null}},"88":{"start":{"line":265,"column":18},"end":{"line":265,"column":null}},"89":{"start":{"line":266,"column":4},"end":{"line":268,"column":null}},"90":{"start":{"line":267,"column":6},"end":{"line":267,"column":null}},"91":{"start":{"line":269,"column":4},"end":{"line":269,"column":null}},"92":{"start":{"line":276,"column":16},"end":{"line":276,"column":null}},"93":{"start":{"line":277,"column":18},"end":{"line":277,"column":null}},"94":{"start":{"line":279,"column":4},"end":{"line":283,"column":null}},"95":{"start":{"line":281,"column":6},"end":{"line":281,"column":null}},"96":{"start":{"line":282,"column":6},"end":{"line":282,"column":null}},"97":{"start":{"line":285,"column":4},"end":{"line":287,"column":null}},"98":{"start":{"line":286,"column":6},"end":{"line":286,"column":null}},"99":{"start":{"line":289,"column":4},"end":{"line":289,"column":null}},"100":{"start":{"line":290,"column":4},"end":{"line":290,"column":null}},"101":{"start":{"line":297,"column":4},"end":{"line":299,"column":null}},"102":{"start":{"line":310,"column":16},"end":{"line":310,"column":null}},"103":{"start":{"line":311,"column":25},"end":{"line":311,"column":null}},"104":{"start":{"line":312,"column":21},"end":{"line":312,"column":null}},"105":{"start":{"line":314,"column":10},"end":{"line":319,"column":null}},"106":{"start":{"line":321,"column":4},"end":{"line":321,"column":null}},"107":{"start":{"line":322,"column":4},"end":{"line":322,"column":null}},"108":{"start":{"line":324,"column":4},"end":{"line":324,"column":null}},"109":{"start":{"line":329,"column":4},"end":{"line":329,"column":null}},"110":{"start":{"line":334,"column":4},"end":{"line":338,"column":null}},"111":{"start":{"line":335,"column":6},"end":{"line":337,"column":null}},"112":{"start":{"line":336,"column":8},"end":{"line":336,"column":null}},"113":{"start":{"line":339,"column":4},"end":{"line":339,"column":null}},"114":{"start":{"line":343,"column":17},"end":{"line":343,"column":null}},"115":{"start":{"line":344,"column":4},"end":{"line":352,"column":null}},"116":{"start":{"line":345,"column":6},"end":{"line":351,"column":null}},"117":{"start":{"line":346,"column":8},"end":{"line":350,"column":null}},"118":{"start":{"line":347,"column":10},"end":{"line":347,"column":null}},"119":{"start":{"line":356,"column":4},"end":{"line":362,"column":null}},"120":{"start":{"line":357,"column":6},"end":{"line":361,"column":null}},"121":{"start":{"line":358,"column":8},"end":{"line":358,"column":null}},"122":{"start":{"line":366,"column":4},"end":{"line":372,"column":null}},"123":{"start":{"line":367,"column":6},"end":{"line":371,"column":null}},"124":{"start":{"line":376,"column":16},"end":{"line":376,"column":null}},"125":{"start":{"line":379,"column":4},"end":{"line":381,"column":null}},"126":{"start":{"line":380,"column":6},"end":{"line":380,"column":null}},"127":{"start":{"line":384,"column":17},"end":{"line":384,"column":null}},"128":{"start":{"line":386,"column":4},"end":{"line":455,"column":null}},"129":{"start":{"line":387,"column":6},"end":{"line":389,"column":null}},"130":{"start":{"line":388,"column":8},"end":{"line":388,"column":null}},"131":{"start":{"line":390,"column":6},"end":{"line":392,"column":null}},"132":{"start":{"line":391,"column":8},"end":{"line":391,"column":null}},"133":{"start":{"line":393,"column":6},"end":{"line":395,"column":null}},"134":{"start":{"line":394,"column":8},"end":{"line":394,"column":null}},"135":{"start":{"line":396,"column":6},"end":{"line":398,"column":null}},"136":{"start":{"line":397,"column":8},"end":{"line":397,"column":null}},"137":{"start":{"line":399,"column":6},"end":{"line":401,"column":null}},"138":{"start":{"line":400,"column":8},"end":{"line":400,"column":null}},"139":{"start":{"line":402,"column":6},"end":{"line":404,"column":null}},"140":{"start":{"line":403,"column":8},"end":{"line":403,"column":null}},"141":{"start":{"line":405,"column":6},"end":{"line":407,"column":null}},"142":{"start":{"line":406,"column":8},"end":{"line":406,"column":null}},"143":{"start":{"line":408,"column":6},"end":{"line":410,"column":null}},"144":{"start":{"line":409,"column":8},"end":{"line":409,"column":null}},"145":{"start":{"line":411,"column":6},"end":{"line":413,"column":null}},"146":{"start":{"line":412,"column":8},"end":{"line":412,"column":null}},"147":{"start":{"line":414,"column":6},"end":{"line":416,"column":null}},"148":{"start":{"line":415,"column":8},"end":{"line":415,"column":null}},"149":{"start":{"line":419,"column":6},"end":{"line":422,"column":null}},"150":{"start":{"line":420,"column":21},"end":{"line":420,"column":null}},"151":{"start":{"line":421,"column":8},"end":{"line":421,"column":null}},"152":{"start":{"line":423,"column":6},"end":{"line":425,"column":null}},"153":{"start":{"line":424,"column":8},"end":{"line":424,"column":null}},"154":{"start":{"line":426,"column":6},"end":{"line":428,"column":null}},"155":{"start":{"line":427,"column":8},"end":{"line":427,"column":null}},"156":{"start":{"line":429,"column":6},"end":{"line":431,"column":null}},"157":{"start":{"line":430,"column":8},"end":{"line":430,"column":null}},"158":{"start":{"line":432,"column":6},"end":{"line":435,"column":null}},"159":{"start":{"line":433,"column":21},"end":{"line":433,"column":null}},"160":{"start":{"line":434,"column":8},"end":{"line":434,"column":null}},"161":{"start":{"line":438,"column":6},"end":{"line":440,"column":null}},"162":{"start":{"line":439,"column":8},"end":{"line":439,"column":null}},"163":{"start":{"line":441,"column":6},"end":{"line":443,"column":null}},"164":{"start":{"line":442,"column":8},"end":{"line":442,"column":null}},"165":{"start":{"line":444,"column":6},"end":{"line":446,"column":null}},"166":{"start":{"line":445,"column":8},"end":{"line":445,"column":null}},"167":{"start":{"line":447,"column":6},"end":{"line":449,"column":null}},"168":{"start":{"line":448,"column":8},"end":{"line":448,"column":null}},"169":{"start":{"line":451,"column":6},"end":{"line":451,"column":null}},"170":{"start":{"line":453,"column":22},"end":{"line":453,"column":null}},"171":{"start":{"line":454,"column":6},"end":{"line":454,"column":null}},"172":{"start":{"line":459,"column":17},"end":{"line":459,"column":null}},"173":{"start":{"line":460,"column":29},"end":{"line":460,"column":null}},"174":{"start":{"line":463,"column":4},"end":{"line":463,"column":null}},"175":{"start":{"line":465,"column":4},"end":{"line":465,"column":null}},"176":{"start":{"line":469,"column":4},"end":{"line":469,"column":null}},"177":{"start":{"line":469,"column":37},"end":{"line":469,"column":null}},"178":{"start":{"line":471,"column":4},"end":{"line":476,"column":null}},"179":{"start":{"line":472,"column":18},"end":{"line":472,"column":null}},"180":{"start":{"line":473,"column":6},"end":{"line":473,"column":null}},"181":{"start":{"line":475,"column":6},"end":{"line":475,"column":null}},"182":{"start":{"line":481,"column":25},"end":{"line":481,"column":null}},"183":{"start":{"line":482,"column":4},"end":{"line":482,"column":null}},"184":{"start":{"line":486,"column":4},"end":{"line":488,"column":null}},"185":{"start":{"line":487,"column":6},"end":{"line":487,"column":null}},"186":{"start":{"line":496,"column":4},"end":{"line":719,"column":null}},"187":{"start":{"line":499,"column":8},"end":{"line":501,"column":null}},"188":{"start":{"line":500,"column":10},"end":{"line":500,"column":null}},"189":{"start":{"line":503,"column":22},"end":{"line":503,"column":null}},"190":{"start":{"line":504,"column":8},"end":{"line":508,"column":null}},"191":{"start":{"line":511,"column":8},"end":{"line":513,"column":null}},"192":{"start":{"line":512,"column":10},"end":{"line":512,"column":null}},"193":{"start":{"line":514,"column":8},"end":{"line":514,"column":null}},"194":{"start":{"line":518,"column":8},"end":{"line":518,"column":null}},"195":{"start":{"line":519,"column":8},"end":{"line":519,"column":null}},"196":{"start":{"line":523,"column":22},"end":{"line":523,"column":null}},"197":{"start":{"line":524,"column":14},"end":{"line":524,"column":null}},"198":{"start":{"line":525,"column":8},"end":{"line":528,"column":null}},"199":{"start":{"line":526,"column":10},"end":{"line":526,"column":null}},"200":{"start":{"line":527,"column":10},"end":{"line":527,"column":null}},"201":{"start":{"line":530,"column":8},"end":{"line":533,"column":null}},"202":{"start":{"line":531,"column":10},"end":{"line":531,"column":null}},"203":{"start":{"line":532,"column":10},"end":{"line":532,"column":null}},"204":{"start":{"line":535,"column":14},"end":{"line":543,"column":null}},"205":{"start":{"line":545,"column":8},"end":{"line":545,"column":null}},"206":{"start":{"line":546,"column":8},"end":{"line":546,"column":null}},"207":{"start":{"line":547,"column":8},"end":{"line":547,"column":null}},"208":{"start":{"line":549,"column":25},"end":{"line":549,"column":null}},"209":{"start":{"line":549,"column":54},"end":{"line":549,"column":71}},"210":{"start":{"line":550,"column":8},"end":{"line":550,"column":null}},"211":{"start":{"line":551,"column":8},"end":{"line":551,"column":null}},"212":{"start":{"line":552,"column":8},"end":{"line":552,"column":null}},"213":{"start":{"line":556,"column":22},"end":{"line":556,"column":null}},"214":{"start":{"line":557,"column":27},"end":{"line":557,"column":null}},"215":{"start":{"line":557,"column":56},"end":{"line":557,"column":76}},"216":{"start":{"line":558,"column":8},"end":{"line":561,"column":null}},"217":{"start":{"line":559,"column":10},"end":{"line":559,"column":null}},"218":{"start":{"line":560,"column":10},"end":{"line":560,"column":null}},"219":{"start":{"line":563,"column":22},"end":{"line":563,"column":null}},"220":{"start":{"line":564,"column":22},"end":{"line":564,"column":null}},"221":{"start":{"line":565,"column":14},"end":{"line":565,"column":null}},"222":{"start":{"line":567,"column":8},"end":{"line":567,"column":null}},"223":{"start":{"line":568,"column":8},"end":{"line":568,"column":null}},"224":{"start":{"line":570,"column":8},"end":{"line":570,"column":null}},"225":{"start":{"line":571,"column":8},"end":{"line":571,"column":null}},"226":{"start":{"line":573,"column":8},"end":{"line":573,"column":null}},"227":{"start":{"line":574,"column":8},"end":{"line":574,"column":null}},"228":{"start":{"line":575,"column":8},"end":{"line":575,"column":null}},"229":{"start":{"line":579,"column":22},"end":{"line":579,"column":null}},"230":{"start":{"line":580,"column":22},"end":{"line":580,"column":null}},"231":{"start":{"line":580,"column":46},"end":{"line":580,"column":66}},"232":{"start":{"line":581,"column":8},"end":{"line":584,"column":null}},"233":{"start":{"line":582,"column":10},"end":{"line":582,"column":null}},"234":{"start":{"line":583,"column":10},"end":{"line":583,"column":null}},"235":{"start":{"line":586,"column":8},"end":{"line":589,"column":null}},"236":{"start":{"line":587,"column":10},"end":{"line":587,"column":null}},"237":{"start":{"line":588,"column":10},"end":{"line":588,"column":null}},"238":{"start":{"line":591,"column":14},"end":{"line":591,"column":null}},"239":{"start":{"line":592,"column":8},"end":{"line":595,"column":null}},"240":{"start":{"line":593,"column":10},"end":{"line":593,"column":null}},"241":{"start":{"line":594,"column":10},"end":{"line":594,"column":null}},"242":{"start":{"line":597,"column":22},"end":{"line":597,"column":null}},"243":{"start":{"line":598,"column":8},"end":{"line":598,"column":null}},"244":{"start":{"line":600,"column":8},"end":{"line":600,"column":null}},"245":{"start":{"line":601,"column":8},"end":{"line":601,"column":null}},"246":{"start":{"line":603,"column":8},"end":{"line":603,"column":null}},"247":{"start":{"line":604,"column":8},"end":{"line":604,"column":null}},"248":{"start":{"line":605,"column":8},"end":{"line":605,"column":null}},"249":{"start":{"line":609,"column":22},"end":{"line":609,"column":null}},"250":{"start":{"line":610,"column":24},"end":{"line":610,"column":null}},"251":{"start":{"line":611,"column":8},"end":{"line":618,"column":null}},"252":{"start":{"line":612,"column":10},"end":{"line":616,"column":null}},"253":{"start":{"line":613,"column":12},"end":{"line":613,"column":null}},"254":{"start":{"line":615,"column":12},"end":{"line":615,"column":null}},"255":{"start":{"line":617,"column":10},"end":{"line":617,"column":null}},"256":{"start":{"line":620,"column":26},"end":{"line":620,"column":null}},"257":{"start":{"line":621,"column":8},"end":{"line":621,"column":null}},"258":{"start":{"line":622,"column":8},"end":{"line":622,"column":null}},"259":{"start":{"line":626,"column":22},"end":{"line":626,"column":null}},"260":{"start":{"line":627,"column":25},"end":{"line":627,"column":null}},"261":{"start":{"line":628,"column":8},"end":{"line":632,"column":null}},"262":{"start":{"line":630,"column":10},"end":{"line":630,"column":null}},"263":{"start":{"line":631,"column":10},"end":{"line":631,"column":null}},"264":{"start":{"line":634,"column":8},"end":{"line":634,"column":null}},"265":{"start":{"line":635,"column":8},"end":{"line":635,"column":null}},"266":{"start":{"line":639,"column":22},"end":{"line":639,"column":null}},"267":{"start":{"line":641,"column":8},"end":{"line":659,"column":null}},"268":{"start":{"line":642,"column":24},"end":{"line":642,"column":null}},"269":{"start":{"line":642,"column":48},"end":{"line":642,"column":68}},"270":{"start":{"line":643,"column":10},"end":{"line":646,"column":null}},"271":{"start":{"line":644,"column":12},"end":{"line":644,"column":null}},"272":{"start":{"line":645,"column":12},"end":{"line":645,"column":null}},"273":{"start":{"line":647,"column":10},"end":{"line":647,"column":null}},"274":{"start":{"line":648,"column":10},"end":{"line":648,"column":null}},"275":{"start":{"line":649,"column":8},"end":{"line":659,"column":null}},"276":{"start":{"line":650,"column":16},"end":{"line":650,"column":null}},"277":{"start":{"line":651,"column":10},"end":{"line":654,"column":null}},"278":{"start":{"line":652,"column":12},"end":{"line":652,"column":null}},"279":{"start":{"line":653,"column":12},"end":{"line":653,"column":null}},"280":{"start":{"line":655,"column":10},"end":{"line":655,"column":null}},"281":{"start":{"line":657,"column":10},"end":{"line":657,"column":null}},"282":{"start":{"line":658,"column":10},"end":{"line":658,"column":null}},"283":{"start":{"line":661,"column":8},"end":{"line":661,"column":null}},"284":{"start":{"line":662,"column":8},"end":{"line":662,"column":null}},"285":{"start":{"line":663,"column":8},"end":{"line":663,"column":null}},"286":{"start":{"line":667,"column":8},"end":{"line":670,"column":null}},"287":{"start":{"line":668,"column":10},"end":{"line":668,"column":null}},"288":{"start":{"line":669,"column":10},"end":{"line":669,"column":null}},"289":{"start":{"line":672,"column":22},"end":{"line":672,"column":null}},"290":{"start":{"line":673,"column":14},"end":{"line":681,"column":null}},"291":{"start":{"line":683,"column":8},"end":{"line":683,"column":null}},"292":{"start":{"line":684,"column":8},"end":{"line":684,"column":null}},"293":{"start":{"line":686,"column":8},"end":{"line":686,"column":null}},"294":{"start":{"line":687,"column":8},"end":{"line":687,"column":null}},"295":{"start":{"line":688,"column":8},"end":{"line":688,"column":null}},"296":{"start":{"line":693,"column":22},"end":{"line":693,"column":null}},"297":{"start":{"line":694,"column":31},"end":{"line":694,"column":null}},"298":{"start":{"line":697,"column":8},"end":{"line":699,"column":null}},"299":{"start":{"line":698,"column":10},"end":{"line":698,"column":null}},"300":{"start":{"line":701,"column":8},"end":{"line":701,"column":null}},"301":{"start":{"line":706,"column":8},"end":{"line":706,"column":null}},"302":{"start":{"line":707,"column":22},"end":{"line":707,"column":null}},"303":{"start":{"line":708,"column":31},"end":{"line":708,"column":null}},"304":{"start":{"line":711,"column":8},"end":{"line":713,"column":null}},"305":{"start":{"line":712,"column":10},"end":{"line":712,"column":null}},"306":{"start":{"line":714,"column":8},"end":{"line":714,"column":null}},"307":{"start":{"line":718,"column":8},"end":{"line":718,"column":null}},"308":{"start":{"line":731,"column":20},"end":{"line":731,"column":null}},"309":{"start":{"line":732,"column":4},"end":{"line":735,"column":null}},"310":{"start":{"line":733,"column":27},"end":{"line":733,"column":null}},"311":{"start":{"line":734,"column":6},"end":{"line":734,"column":null}},"312":{"start":{"line":737,"column":39},"end":{"line":737,"column":null}},"313":{"start":{"line":739,"column":4},"end":{"line":743,"column":null}},"314":{"start":{"line":740,"column":20},"end":{"line":740,"column":null}},"315":{"start":{"line":741,"column":6},"end":{"line":741,"column":null}},"316":{"start":{"line":742,"column":6},"end":{"line":742,"column":null}},"317":{"start":{"line":745,"column":4},"end":{"line":745,"column":null}},"318":{"start":{"line":746,"column":4},"end":{"line":746,"column":null}},"319":{"start":{"line":747,"column":4},"end":{"line":747,"column":null}},"320":{"start":{"line":749,"column":4},"end":{"line":749,"column":null}},"321":{"start":{"line":753,"column":4},"end":{"line":753,"column":null}},"322":{"start":{"line":758,"column":18},"end":{"line":758,"column":null}},"323":{"start":{"line":759,"column":4},"end":{"line":759,"column":null}},"324":{"start":{"line":763,"column":18},"end":{"line":763,"column":null}},"325":{"start":{"line":769,"column":47},"end":{"line":769,"column":null}},"326":{"start":{"line":771,"column":4},"end":{"line":774,"column":null}},"327":{"start":{"line":772,"column":33},"end":{"line":772,"column":null}},"328":{"start":{"line":773,"column":6},"end":{"line":773,"column":null}},"329":{"start":{"line":775,"column":4},"end":{"line":778,"column":null}},"330":{"start":{"line":776,"column":33},"end":{"line":776,"column":null}},"331":{"start":{"line":777,"column":6},"end":{"line":777,"column":null}},"332":{"start":{"line":780,"column":24},"end":{"line":780,"column":null}},"333":{"start":{"line":783,"column":21},"end":{"line":783,"column":null}},"334":{"start":{"line":784,"column":4},"end":{"line":787,"column":null}},"335":{"start":{"line":785,"column":33},"end":{"line":785,"column":null}},"336":{"start":{"line":786,"column":6},"end":{"line":786,"column":null}},"337":{"start":{"line":789,"column":18},"end":{"line":789,"column":null}},"338":{"start":{"line":790,"column":10},"end":{"line":790,"column":null}},"339":{"start":{"line":791,"column":4},"end":{"line":799,"column":null}},"340":{"start":{"line":793,"column":6},"end":{"line":796,"column":null}},"341":{"start":{"line":794,"column":35},"end":{"line":794,"column":null}},"342":{"start":{"line":795,"column":8},"end":{"line":795,"column":null}},"343":{"start":{"line":797,"column":33},"end":{"line":797,"column":null}},"344":{"start":{"line":798,"column":6},"end":{"line":798,"column":null}},"345":{"start":{"line":801,"column":10},"end":{"line":809,"column":null}},"346":{"start":{"line":811,"column":4},"end":{"line":811,"column":null}},"347":{"start":{"line":812,"column":4},"end":{"line":812,"column":null}},"348":{"start":{"line":813,"column":4},"end":{"line":813,"column":null}},"349":{"start":{"line":815,"column":21},"end":{"line":815,"column":null}},"350":{"start":{"line":815,"column":50},"end":{"line":815,"column":67}},"351":{"start":{"line":816,"column":4},"end":{"line":816,"column":null}},"352":{"start":{"line":817,"column":31},"end":{"line":817,"column":null}},"353":{"start":{"line":818,"column":4},"end":{"line":818,"column":null}},"354":{"start":{"line":822,"column":18},"end":{"line":822,"column":null}},"355":{"start":{"line":823,"column":35},"end":{"line":823,"column":null}},"356":{"start":{"line":824,"column":20},"end":{"line":824,"column":null}},"357":{"start":{"line":826,"column":4},"end":{"line":829,"column":null}},"358":{"start":{"line":827,"column":33},"end":{"line":827,"column":null}},"359":{"start":{"line":828,"column":6},"end":{"line":828,"column":null}},"360":{"start":{"line":830,"column":4},"end":{"line":833,"column":null}},"361":{"start":{"line":831,"column":33},"end":{"line":831,"column":null}},"362":{"start":{"line":832,"column":6},"end":{"line":832,"column":null}},"363":{"start":{"line":834,"column":4},"end":{"line":837,"column":null}},"364":{"start":{"line":835,"column":33},"end":{"line":835,"column":null}},"365":{"start":{"line":836,"column":6},"end":{"line":836,"column":null}},"366":{"start":{"line":839,"column":18},"end":{"line":839,"column":null}},"367":{"start":{"line":840,"column":23},"end":{"line":840,"column":null}},"368":{"start":{"line":840,"column":52},"end":{"line":840,"column":68}},"369":{"start":{"line":842,"column":4},"end":{"line":845,"column":null}},"370":{"start":{"line":843,"column":33},"end":{"line":843,"column":null}},"371":{"start":{"line":844,"column":6},"end":{"line":844,"column":null}},"372":{"start":{"line":847,"column":18},"end":{"line":847,"column":null}},"373":{"start":{"line":848,"column":18},"end":{"line":848,"column":null}},"374":{"start":{"line":849,"column":10},"end":{"line":849,"column":null}},"375":{"start":{"line":851,"column":4},"end":{"line":851,"column":null}},"376":{"start":{"line":852,"column":4},"end":{"line":852,"column":null}},"377":{"start":{"line":854,"column":4},"end":{"line":854,"column":null}},"378":{"start":{"line":855,"column":4},"end":{"line":855,"column":null}},"379":{"start":{"line":857,"column":4},"end":{"line":857,"column":null}},"380":{"start":{"line":858,"column":31},"end":{"line":858,"column":null}},"381":{"start":{"line":859,"column":4},"end":{"line":859,"column":null}},"382":{"start":{"line":863,"column":18},"end":{"line":863,"column":null}},"383":{"start":{"line":864,"column":24},"end":{"line":864,"column":null}},"384":{"start":{"line":865,"column":20},"end":{"line":865,"column":null}},"385":{"start":{"line":866,"column":21},"end":{"line":866,"column":null}},"386":{"start":{"line":868,"column":4},"end":{"line":871,"column":null}},"387":{"start":{"line":869,"column":35},"end":{"line":869,"column":null}},"388":{"start":{"line":870,"column":6},"end":{"line":870,"column":null}},"389":{"start":{"line":873,"column":18},"end":{"line":873,"column":null}},"390":{"start":{"line":874,"column":18},"end":{"line":874,"col
[...]
526:Infinity":199,"s:527:10:527:Infinity":200,"b:530:8:533:Infinity:undefined:undefined:undefined:undefined":83,"s:530:8:533:Infinity":201,"s:531:10:531:Infinity":202,"s:532:10:532:Infinity":203,"s:535:14:543:Infinity":204,"s:545:8:545:Infinity":205,"s:546:8:546:Infinity":206,"s:547:8:547:Infinity":207,"s:549:25:549:Infinity":208,"f:549:47:549:48":37,"s:549:54:549:71":209,"s:550:8:550:Infinity":210,"s:551:8:551:Infinity":211,"s:552:8:552:Infinity":212,"s:556:22:556:Infinity":213,"s:557:27:557:Infinity":214,"f:557:49:557:50":38,"s:557:56:557:76":215,"b:558:8:561:Infinity:undefined:undefined:undefined:undefined":84,"s:558:8:561:Infinity":216,"s:559:10:559:Infinity":217,"s:560:10:560:Infinity":218,"s:563:22:563:Infinity":219,"s:564:22:564:Infinity":220,"s:565:14:565:Infinity":221,"s:567:8:567:Infinity":222,"s:568:8:568:Infinity":223,"s:570:8:570:Infinity":224,"s:571:8:571:Infinity":225,"s:573:8:573:Infinity":226,"s:574:8:574:Infinity":227,"s:575:8:575:Infinity":228,"s:579:22:579:Infinity":229,"s:580:22:580:Infinity":230,"f:580:39:580:40":39,"s:580:46:580:66":231,"b:581:8:584:Infinity:undefined:undefined:undefined:undefined":85,"s:581:8:584:Infinity":232,"s:582:10:582:Infinity":233,"s:583:10:583:Infinity":234,"b:586:8:589:Infinity:undefined:undefined:undefined:undefined":86,"s:586:8:589:Infinity":235,"b:586:35:586:50:586:50:586:57":87,"b:586:57:586:73:586:73:586:77":88,"s:587:10:587:Infinity":236,"s:588:10:588:Infinity":237,"s:591:14:591:Infinity":238,"b:592:8:595:Infinity:undefined:undefined:undefined:undefined":89,"s:592:8:595:Infinity":239,"s:593:10:593:Infinity":240,"s:594:10:594:Infinity":241,"s:597:22:597:Infinity":242,"s:598:8:598:Infinity":243,"s:600:8:600:Infinity":244,"s:601:8:601:Infinity":245,"s:603:8:603:Infinity":246,"s:604:8:604:Infinity":247,"s:605:8:605:Infinity":248,"s:609:22:609:Infinity":249,"s:610:24:610:Infinity":250,"b:610:24:610:39:610:39:610:Infinity":90,"b:611:8:618:Infinity:undefined:undefined:undefined:undefined":91,"s:611:8:618:Infinity":251,"b:611:55:611:71:611:71:611:75":92,"b:612:10:616:Infinity:614:17:616:Infinity":93,"s:612:10:616:Infinity":252,"s:613:12:613:Infinity":253,"s:615:12:615:Infinity":254,"s:617:10:617:Infinity":255,"s:620:26:620:Infinity":256,"b:620:36:620:46:620:46:620:Infinity":94,"s:621:8:621:Infinity":257,"s:622:8:622:Infinity":258,"s:626:22:626:Infinity":259,"s:627:25:627:Infinity":260,"b:627:25:627:49:627:49:627:Infinity":95,"b:628:8:632:Infinity:undefined:undefined:undefined:undefined":96,"s:628:8:632:Infinity":261,"s:630:10:630:Infinity":262,"s:631:10:631:Infinity":263,"s:634:8:634:Infinity":264,"s:635:8:635:Infinity":265,"s:639:22:639:Infinity":266,"b:641:8:659:Infinity:649:8:659:Infinity":97,"s:641:8:659:Infinity":267,"s:642:24:642:Infinity":268,"f:642:41:642:42":40,"s:642:48:642:68":269,"b:643:10:646:Infinity:undefined:undefined:undefined:undefined":98,"s:643:10:646:Infinity":270,"s:644:12:644:Infinity":271,"s:645:12:645:Infinity":272,"s:647:10:647:Infinity":273,"s:648:10:648:Infinity":274,"b:649:8:659:Infinity:656:15:659:Infinity":99,"s:649:8:659:Infinity":275,"s:650:16:650:Infinity":276,"b:651:10:654:Infinity:undefined:undefined:undefined:undefined":100,"s:651:10:654:Infinity":277,"s:652:12:652:Infinity":278,"s:653:12:653:Infinity":279,"s:655:10:655:Infinity":280,"s:657:10:657:Infinity":281,"s:658:10:658:Infinity":282,"s:661:8:661:Infinity":283,"s:662:8:662:Infinity":284,"s:663:8:663:Infinity":285,"b:667:8:670:Infinity:undefined:undefined:undefined:undefined":101,"s:667:8:670:Infinity":286,"s:668:10:668:Infinity":287,"s:669:10:669:Infinity":288,"s:672:22:672:Infinity":289,"s:673:14:681:Infinity":290,"s:683:8:683:Infinity":291,"s:684:8:684:Infinity":292,"s:686:8:686:Infinity":293,"s:687:8:687:Infinity":294,"s:688:8:688:Infinity":295,"s:693:22:693:Infinity":296,"s:694:31:694:Infinity":297,"b:694:31:694:60:694:60:694:Infinity":102,"b:697:8:699:Infinity:undefined:undefined:undefined:undefined":103,"s:697:8:699:Infinity":298,"s:698:10:698:Infinity":299,"s:701:8:701:Infinity":300,"s:706:8:706:Infinity":301,"s:707:22:707:Infinity":302,"s:708:31:708:Infinity":303,"b:708:31:708:60:708:60:708:Infinity":104,"b:711:8:713:Infinity:undefined:undefined:undefined:undefined":105,"s:711:8:713:Infinity":304,"s:712:10:712:Infinity":305,"s:714:8:714:Infinity":306,"s:718:8:718:Infinity":307,"f:726:16:726:Infinity":41,"s:731:20:731:Infinity":308,"b:732:4:735:Infinity:undefined:undefined:undefined:undefined":106,"s:732:4:735:Infinity":309,"s:733:27:733:Infinity":310,"s:734:6:734:Infinity":311,"s:737:39:737:Infinity":312,"b:739:4:743:Infinity:undefined:undefined:undefined:undefined":107,"s:739:4:743:Infinity":313,"s:740:20:740:Infinity":314,"s:741:6:741:Infinity":315,"s:742:6:742:Infinity":316,"s:745:4:745:Infinity":317,"s:746:4:746:Infinity":318,"s:747:4:747:Infinity":319,"s:749:4:749:Infinity":320,"f:752:16:752:31":42,"s:753:4:753:Infinity":321,"f:757:16:757:52":43,"s:758:18:758:Infinity":322,"s:759:4:759:Infinity":323,"f:762:16:762:27":44,"s:763:18:763:Infinity":324,"s:769:47:769:Infinity":325,"b:771:4:774:Infinity:undefined:undefined:undefined:undefined":108,"s:771:4:774:Infinity":326,"b:771:8:771:17:771:17:771:37":109,"s:772:33:772:Infinity":327,"s:773:6:773:Infinity":328,"b:775:4:778:Infinity:undefined:undefined:undefined:undefined":110,"s:775:4:778:Infinity":329,"s:776:33:776:Infinity":330,"s:777:6:777:Infinity":331,"s:780:24:780:Infinity":332,"s:783:21:783:Infinity":333,"b:784:4:787:Infinity:undefined:undefined:undefined:undefined":111,"s:784:4:787:Infinity":334,"b:784:8:784:20:784:20:784:31":112,"s:785:33:785:Infinity":335,"s:786:6:786:Infinity":336,"s:789:18:789:Infinity":337,"s:790:10:790:Infinity":338,"b:791:4:799:Infinity:undefined:undefined:undefined:undefined":113,"s:791:4:799:Infinity":339,"b:793:6:796:Infinity:undefined:undefined:undefined:undefined":114,"s:793:6:796:Infinity":340,"s:794:35:794:Infinity":341,"s:795:8:795:Infinity":342,"s:797:33:797:Infinity":343,"s:798:6:798:Infinity":344,"s:801:10:809:Infinity":345,"b:805:13:805:22:805:22:805:Infinity":115,"s:811:4:811:Infinity":346,"s:812:4:812:Infinity":347,"s:813:4:813:Infinity":348,"s:815:21:815:Infinity":349,"f:815:43:815:44":45,"s:815:50:815:67":350,"s:816:4:816:Infinity":351,"s:817:31:817:Infinity":352,"s:818:4:818:Infinity":353,"f:821:16:821:27":46,"s:822:18:822:Infinity":354,"s:823:35:823:Infinity":355,"s:824:20:824:Infinity":356,"b:826:4:829:Infinity:undefined:undefined:undefined:undefined":116,"s:826:4:829:Infinity":357,"s:827:33:827:Infinity":358,"s:828:6:828:Infinity":359,"b:830:4:833:Infinity:undefined:undefined:undefined:undefined":117,"s:830:4:833:Infinity":360,"s:831:33:831:Infinity":361,"s:832:6:832:Infinity":362,"b:834:4:837:Infinity:undefined:undefined:undefined:undefined":118,"s:834:4:837:Infinity":363,"b:834:8:834:27:834:27:834:47:834:47:834:64":119,"s:835:33:835:Infinity":364,"s:836:6:836:Infinity":365,"s:839:18:839:Infinity":366,"s:840:23:840:Infinity":367,"f:840:45:840:46":47,"s:840:52:840:68":368,"b:842:4:845:Infinity:undefined:undefined:undefined:undefined":120,"s:842:4:845:Infinity":369,"s:843:33:843:Infinity":370,"s:844:6:844:Infinity":371,"s:847:18:847:Infinity":372,"s:848:18:848:Infinity":373,"s:849:10:849:Infinity":374,"s:851:4:851:Infinity":375,"s:852:4:852:Infinity":376,"s:854:4:854:Infinity":377,"s:855:4:855:Infinity":378,"s:857:4:857:Infinity":379,"s:858:31:858:Infinity":380,"s:859:4:859:Infinity":381,"f:862:16:862:29":48,"s:863:18:863:Infinity":382,"s:864:24:864:Infinity":383,"s:865:20:865:Infinity":384,"s:866:21:866:Infinity":385,"b:868:4:871:Infinity:undefined:undefined:undefined:undefined":121,"s:868:4:871:Infinity":386,"s:869:35:869:Infinity":387,"s:870:6:870:Infinity":388,"s:873:18:873:Infinity":389,"s:874:18:874:Infinity":390,"f:874:35:874:36":49,"s:874:42:874:58":391,"b:876:4:879:Infinity:undefined:undefined:undefined:undefined":122,"s:876:4:879:Infinity":392,"s:877:35:877:Infinity":393,"s:878:6:878:Infinity":394,"b:881:4:884:Infinity:undefined:undefined:undefined:undefined":123,"s:881:4:884:Infinity":395,"s:882:35:882:Infinity":396,"s:883:6:883:Infinity":397,"s:886:10:886:Infinity":398,"b:887:4:890:Infinity:undefined:undefined:undefined:undefined":124,"s:887:4:890:Infinity":399,"s:888:35:888:Infinity":400,"s:889:6:889:Infinity":401,"s:892:18:892:Infinity":402,"s:893:4:893:Infinity":403,"s:895:4:895:Infinity":404,"s:896:4:896:Infinity":405,"s:898:4:898:Infinity":406,"s:899:33:899:Infinity":407,"s:900:4:900:Infinity":408,"f:903:16:903:27":50,"s:904:20:904:Infinity":409,"s:905:21:905:Infinity":410,"s:907:18:907:Infinity":411,"b:909:4:916:Infinity:undefined:undefined:undefined:undefined":125,"s:909:4:916:Infinity":412,"b:910:6:913:Infinity:undefined:undefined:undefined:undefined":126,"s:910:6:913:Infinity":413,"s:911:35:911:Infinity":414,"s:912:8:912:Infinity":415,"s:914:33:914:Infinity":416,"s:915:6:915:Infinity":417,"s:918:22:918:Infinity":418,"b:918:32:918:42:918:42:918:Infinity":127,"s:919:4:919:Infinity":419,"f:922:16:922:27":51,"s:923:36:923:Infinity":420,"s:924:4:929:Infinity":421,"s:925:20:925:Infinity":422,"s:926:6:926:Infinity":423,"b:926:19:926:37:926:37:926:Infinity":128,"s:931:18:931:Infinity":424,"s:932:21:932:Infinity":425,"b:932:21:932:45:932:45:932:Infinity":129,"b:934:4:937:Infinity:undefined:undefined:undefined:undefined":130,"s:934:4:937:Infinity":426,"s:935:33:935:Infinity":427,"s:936:6:936:Infinity":428,"s:939:4:939:Infinity":429,"f:942:16:942:39":52,"s:943:36:943:Infinity":430,"s:944:31:949:Infinity":431,"s:950:4:950:Infinity":432,"f:953:16:953:39":53,"s:954:25:954:Infinity":433,"s:955:31:959:Infinity":434,"s:960:4:960:Infinity":435,"f:963:16:963:30":54,"s:964:20:964:Infinity":436,"b:965:4:968:Infinity:undefined:undefined:undefined:undefined":131,"s:965:4:968:Infinity":437,"s:966:36:966:Infinity":438,"s:967:6:967:Infinity":439,"s:970:18:970:Infinity":440,"s:971:47:971:Infinity":441,"b:973:4:976:Infinity:undefined:undefined:undefined:undefined":132,"s:973:4:976:Infinity":442,"s:974:36:974:Infinity":443,"s:975:6:975:Infinity":444,"s:978:18:978:Infinity":445,"b:980:4:998:Infinity:988:4:998:Infinity":133,"s:980:4:998:Infinity":446,"s:981:20:981:Infinity":447,"f:981:37:981:38":55,"s:981:44:981:60":448,"b:982:6:985:Infinity:undefined:undefined:undefined:undefined":134,"s:982:6:985:Infinity":449,"s:983:38:983:Infinity":450,"s:984:8:984:Infinity":451,"s:986:6:986:Infinity":452,"s:987:6:987:Infinity":453,"b:988:4:998:Infinity:995:11:998:Infinity":135,"s:988:4:998:Infinity":454,"s:989:12:989:Infinity":455,"b:990:6:993:Infinity:undefined:undefined:undefined:undefined":136,"s:990:6:993:Infinity":456,"s:991:38:991:Infinity":457,"s:992:8:992:Infinity":458,"s:994:6:994:Infinity":459,"s:996:36:996:Infinity":460,"s:997:6:997:Infinity":461,"s:1000:4:1000:Infinity":462,"s:1001:4:1001:Infinity":463,"s:1002:34:1002:Infinity":464,"s:1003:4:1003:Infinity":465,"f:1006:16:1006:31":56,"s:1007:20:1007:Infinity":466,"b:1008:4:1010:Infinity:undefined:undefined:undefined:undefined":137,"s:1008:4:1010:Infinity":467,"s:1009:6:1009:Infinity":468,"s:1012:18:1012:Infinity":469,"s:1013:37:1013:Infinity":470,"b:1015:4:1017:Infinity:undefined:undefined:undefined:undefined":138,"s:1015:4:1017:Infinity":471,"b:1015:8:1015:17:1015:17:1015:37":139,"s:1016:6:1016:Infinity":472,"b:1018:4:1020:Infinity:undefined:undefined:undefined:undefined":140,"s:1018:4:1020:Infinity":473,"s:1019:6:1019:Infinity":474,"s:1022:18:1022:Infinity":475,"s:1024:10:1032:Infinity":476,"b:1028:13:1028:22:1028:22:1028:Infinity":141,"s:1034:4:1034:Infinity":477,"s:1035:4:1035:Infinity":478,"s:1037:4:1037:Infinity":479,"s:1038:4:1038:Infinity":480,"f:1041:16:1041:29":57,"s:1042:16:1042:Infinity":481,"s:1043:18:1043:Infinity":482,"b:1045:4:1048:Infinity:undefined:undefined:undefined:undefined":142,"s:1045:4:1048:Infinity":483,"b:1045:8:1045:18:1045:18:1045:39":143,"s:1046:40:1046:Infinity":484,"s:1047:6:1047:Infinity":485,"s:1050:4:1075:Infinity":486,"s:1051:23:1060:Infinity":487,"b:1062:6:1065:Infinity:undefined:undefined:undefined:undefined":144,"s:1062:6:1065:Infinity":488,"s:1063:42:1063:Infinity":489,"s:1064:8:1064:Infinity":490,"s:1067:28:1067:Infinity":491,"s:1068:12:1068:Infinity":492,"s:1070:40:1070:Infinity":493,"s:1071:6:1071:Infinity":494,"s:1073:40:1073:Infinity":495,"s:1074:6:1074:Infinity":496,"f:1078:16:1078:29":58,"s:1079:18:1079:Infinity":497,"s:1080:55:1080:Infinity":498,"b:1082:4:1084:Infinity:undefined:undefined:undefined:undefined":145,"s:1082:4:1084:Infinity":499,"s:1083:6:1083:Infinity":500,"s:1087:25:1087:Infinity":501,"b:1088:4:1090:Infinity:undefined:undefined:undefined:undefined":146,"s:1088:4:1090:Infinity":502,"b:1088:8:1088:41:1088:41:1088:68:1088:68:1088:99":147,"s:1089:6:1089:Infinity":503,"s:1093:26:1093:Infinity":504,"s:1094:4:1094:Infinity":505,"b:1095:4:1097:Infinity:undefined:undefined:undefined:undefined":148,"s:1095:4:1097:Infinity":506,"s:1096:6:1096:Infinity":507,"s:1099:4:1099:Infinity":508,"s:1100:4:1100:Infinity":509,"f:1107:16:1107:33":59,"b:1108:4:1110:Infinity:undefined:undefined:undefined:undefined":149,"s:1108:4:1110:Infinity":510,"b:1108:8:1108:17:1108:17:1108:37":150,"s:1109:6:1109:Infinity":511,"s:1112:25:1112:Infinity":512,"s:1113:10:1113:Infinity":513,"s:1114:10:1114:Infinity":514,"s:1115:21:1115:Infinity":515,"s:1117:4:1123:Infinity":516,"f:1126:16:1126:38":60,"s:1127:16:1127:Infinity":517,"s:1128:23:1128:Infinity":518,"s:1129:18:1129:Infinity":519,"b:1129:39:1129:75:1129:75:1129:77":151,"b:1129:48:1129:62:1129:62:1129:68":152,"s:1132:25:1132:Infinity":520,"s:1133:10:1133:Infinity":521,"s:1135:39:1135:Infinity":522,"s:1136:4:1136:Infinity":523,"f:1139:16:1139:28":61,"s:1140:18:1140:Infinity":524,"s:1141:26:1141:Infinity":525,"b:1143:4:1146:Infinity:undefined:undefined:undefined:undefined":153,"s:1143:4:1146:Infinity":526,"b:1143:8:1143:17:1143:17:1143:37":154,"s:1144:34:1144:Infinity":527,"s:1145:6:1145:Infinity":528,"b:1147:4:1150:Infinity:undefined:undefined:undefined:undefined":155,"s:1147:4:1150:Infinity":529,"b:1147:8:1147:16:1147:16:1147:34":156,"s:1148:34:1148:Infinity":530,"s:1149:6:1149:Infinity":531,"s:1152:24:1152:Infinity":532,"s:1155:21:1155:Infinity":533,"b:1156:4:1159:Infinity:undefined:undefined:undefined:undefined":157,"s:1156:4:1159:Infinity":534,"s:1157:34:1157:Infinity":535,"s:1158:6:1158:Infinity":536,"s:1162:10:1162:Infinity":537,"s:1163:20:1163:Infinity":538,"s:1164:31:1169:Infinity":539,"s:1171:4:1171:Infinity":540,"s:1173:32:1173:Infinity":541,"s:1174:4:1174:Infinity":542,"f:1177:16:1177:29":62,"s:1178:18:1178:Infinity":543,"s:1179:26:1179:Infinity":544,"b:1181:4:1184:Infinity:undefined:undefined:undefined:undefined":158,"s:1181:4:1184:Infinity":545,"b:1181:8:1181:17:1181:17:1181:37":159,"s:1182:35:1182:Infinity":546,"s:1183:6:1183:Infinity":547,"b:1185:4:1188:Infinity:undefined:undefined:undefined:undefined":160,"s:1185:4:1188:Infinity":548,"s:1186:35:1186:Infinity":549,"s:1187:6:1187:Infinity":550,"s:1190:24:1190:Infinity":551,"s:1192:21:1192:Infinity":552,"b:1193:4:1196:Infinity:undefined:undefined:undefined:undefined":161,"s:1193:4:1196:Infinity":553,"s:1194:35:1194:Infinity":554,"s:1195:6:1195:Infinity":555,"s:1198:18:1198:Infinity":556,"b:1199:4:1202:Infinity:undefined:undefined:undefined:undefined":162,"s:1199:4:1202:Infinity":557,"s:1200:35:1200:Infinity":558,"s:1201:6:1201:Infinity":559,"s:1204:33:1204:Infinity":560,"s:1205:4:1205:Infinity":561,"f:1208:16:1208:34":63,"b:1209:4:1211:Infinity:undefined:undefined:undefined:undefined":163,"s:1209:4:1211:Infinity":562,"b:1209:8:1209:17:1209:17:1209:37":164,"s:1210:6:1210:Infinity":563,"s:1213:21:1213:Infinity":564,"s:1214:4:1214:Infinity":565,"f:1221:16:1221:53":64,"s:1222:19:1222:Infinity":566,"b:1223:4:1226:Infinity:undefined:undefined:undefined:undefined":165,"s:1223:4:1226:Infinity":567,"s:1224:38:1224:Infinity":568,"s:1225:6:1225:Infinity":569,"s:1227:36:1227:Infinity":570,"s:1228:4:1228:Infinity":571,"f:1231:16:1231:33":65,"s:1232:18:1232:Infinity":572,"s:1237:41:1237:Infinity":573,"b:1239:4:1242:Infinity:undefined:undefined:undefined:undefined":166,"s:1239:4:1242:Infinity":574,"s:1240:39:1240:Infinity":575,"s:1241:6:1241:Infinity":576,"b:1245:4:1251:Infinity:undefined:undefined:undefined:undefined":167,"s:1245:4:1251:Infinity":577,"s:1246:39:1249:Infinity":578,"s:1250:6:1250:Infinity":579,"s:1254:21:1254:Infinity":580,"b:1255:4:1261:Infinity:undefined:undefined:undefined:undefined":168,"s:1255:4:1261:Infinity":581,"s:1256:39:1259:Infinity":582,"s:1260:6:1260:Infinity":583,"b:1264:4:1267:Infinity:undefined:undefined:undefined:undefined":169,"s:1264:4:1267:Infinity":584,"b:1264:8:1264:16:1264:16:1264:34":170,"s:1265:39:1265:Infinity":585,"s:1266:6:1266:Infinity":586,"s:1270:27:1270:Infinity":587,"b:1271:4:1274:Infinity:undefined:undefined:undefined:undefined":171,"s:1271:4:1274:Infinity":588,"s:1272:39:1272:Infinity":589,"s:1273:6:1273:Infinity":590,"s:1277:31:1283:Infinity":591,"b:1279:19:1279:42:1279:42:1279:Infinity":172,"s:1286:10:1286:Infinity":592,"s:1287:20:1287:Infinity":593,"s:1288:29:1292:Infinity":594,"s:1294:4:1294:Infinity":595,"s:1295:4:1295:Infinity":596,"s:1297:37:1297:Infinity":597,"s:1298:4:1298:Infinity":598,"f:1301:16:1301:53":66,"s:1302:19:1302:Infinity":599,"b:1303:4:1305:Infinity:undefined:undefined:undefined:undefined":173,"s:1303:4:1305:Infinity":600,"s:1304:6:1304:Infinity":601,"s:1306:4:1306:Infinity":602,"f:1309:16:1309:34":67,"s:1311:21:1311:Infinity":603,"b:1312:4:1315:Infinity:undefined:undefined:undefined:undefined":174,"s:1312:4:1315:Infinity":604,"s:1313:40:1313:Infinity":605,"s:1314:6:1314:Infinity":606,"s:1317:18:1317:Infinity":607,"s:1318:20:1318:Infinity":608,"b:1320:4:1323:Infinity:undefined:undefined:undefined:undefined":175,"s:1320:4:1323:Infinity":609,"s:1321:40:1321:Infinity":610,"s:1322:6:1322:Infinity":611,"s:1325:18:1325:Infinity":612,"b:1326:4:1329:Infinity:undefined:undefined:undefined:undefined":176,"s:1326:4:1329:Infinity":613,"s:1327:40:1327:Infinity":614,"s:1328:6:1328:Infinity":615,"s:1331:18:1331:Infinity":616,"b:1332:4:1335:Infinity:undefined:undefined:undefined:undefined":177,"s:1332:4:1335:Infinity":617,"s:1333:40:1333:Infinity":618,"s:1334:6:1334:Infinity":619,"s:1338:4:1338:Infinity":620,"s:1340:20:1340:Infinity":621,"s:1341:38:1341:Infinity":622,"s:1342:4:1342:Infinity":623}}}
,"/Users/adimov/context/karaoke/worker/src/views/generated/admin.ts": {"path":"/Users/adimov/context/karaoke/worker/src/views/generated/admin.ts","statementMap":{"0":{"start":{"line":4,"column":26},"end":{"line":4,"column":null}}},"fnMap":{},"branchMap":{},"s":{"0":0},"f":{},"b":{},"meta":{"lastBranch":0,"lastFunction":0,"lastStatement":1,"seen":{"s:4:26:4:Infinity":0}}}
,"/Users/adimov/context/karaoke/worker/src/views/generated/guest.ts": {"path":"/Users/adimov/context/karaoke/worker/src/views/generated/guest.ts","statementMap":{"0":{"start":{"line":4,"column":26},"end":{"line":4,"column":null}}},"fnMap":{},"branchMap":{},"s":{"0":0},"f":{},"b":{},"meta":{"lastBranch":0,"lastFunction":0,"lastStatement":1,"seen":{"s:4:26:4:Infinity":0}}}
,"/Users/adimov/context/karaoke/worker/src/views/generated/index.ts": {"path":"/Users/adimov/context/karaoke/worker/src/views/generated/index.ts","statementMap":{},"fnMap":{},"branchMap":{},"s":{},"f":{},"b":{},"meta":{"lastBranch":0,"lastFunction":0,"lastStatement":0,"seen":{}}}
,"/Users/adimov/context/karaoke/worker/src/views/generated/landing.ts": {"path":"/Users/adimov/context/karaoke/worker/src/views/generated/landing.ts","statementMap":{"0":{"start":{"line":4,"column":28},"end":{"line":4,"column":null}}},"fnMap":{},"branchMap":{},"s":{"0":0},"f":{},"b":{},"meta":{"lastBranch":0,"lastFunction":0,"lastStatement":1,"seen":{"s:4:28:4:Infinity":0}}}
,"/Users/adimov/context/karaoke/worker/src/views/generated/player.ts": {"path":"/Users/adimov/context/karaoke/worker/src/views/generated/player.ts","statementMap":{"0":{"start":{"line":4,"column":27},"end":{"line":4,"column":null}}},"fnMap":{},"branchMap":{},"s":{"0":0},"f":{},"b":{},"meta":{"lastBranch":0,"lastFunction":0,"lastStatement":1,"seen":{"s:4:27:4:Infinity":0}}}
}
